{"/home/ken/NetBeansProjects/Oauth2Server/database/db.js":{"path":"/home/ken/NetBeansProjects/Oauth2Server/database/db.js","s":{"1":1,"2":1,"3":0,"4":0,"5":0,"6":0,"7":0,"8":0,"9":0,"10":0,"11":0,"12":1,"13":49,"14":1,"15":38,"16":1,"17":7,"18":1,"19":94,"20":1,"21":3,"22":1,"23":2,"24":1,"25":38,"26":1,"27":18,"28":1,"29":4,"30":1,"31":3,"32":1,"33":3,"34":1,"35":2,"36":1,"37":18,"38":1,"39":13,"40":1,"41":11,"42":1,"43":49,"44":1,"45":3,"46":1,"47":10,"48":1,"49":18,"50":1,"51":3,"52":1,"53":18,"54":1,"55":1,"56":1,"57":1,"58":1,"59":1,"60":1,"61":14,"62":1,"63":5,"64":1,"65":29,"66":1,"67":14,"68":1,"69":2,"70":1,"71":1,"72":1,"73":10,"74":1,"75":2,"76":1,"77":1,"78":1,"79":1,"80":1,"81":14,"82":1,"83":1,"84":1,"85":22,"86":1,"87":29,"88":1,"89":6,"90":1,"91":8,"92":1,"93":23,"94":1,"95":4,"96":1,"97":22,"98":1,"99":3,"100":1,"101":17,"102":1,"103":2,"104":1,"105":1,"106":1,"107":16,"108":1,"109":30,"110":1,"111":16,"112":1,"113":8,"114":1,"115":6,"116":1,"117":4,"118":1,"119":8,"120":1,"121":1,"122":1,"123":3,"124":1,"125":1,"126":1,"127":1,"128":1,"129":1,"130":1,"131":1,"132":1,"133":4,"134":1,"135":1,"136":1,"137":7,"138":1,"139":86,"140":1,"141":29,"142":1,"143":2,"144":1,"145":2,"146":1,"147":3,"148":1,"149":6,"150":1,"151":1},"b":{"1":[0,0],"2":[0,0],"3":[0,0],"4":[0,0],"5":[0,0],"6":[0,0]},"f":{"1":0,"2":49,"3":38,"4":7,"5":94,"6":3,"7":2,"8":38,"9":18,"10":4,"11":3,"12":3,"13":2,"14":18,"15":13,"16":11,"17":49,"18":3,"19":10,"20":18,"21":3,"22":18,"23":1,"24":1,"25":1,"26":14,"27":5,"28":29,"29":14,"30":2,"31":1,"32":10,"33":2,"34":1,"35":1,"36":14,"37":1,"38":22,"39":29,"40":6,"41":8,"42":23,"43":4,"44":22,"45":3,"46":17,"47":2,"48":1,"49":16,"50":30,"51":16,"52":8,"53":6,"54":4,"55":8,"56":1,"57":3,"58":1,"59":1,"60":1,"61":1,"62":4,"63":1,"64":7,"65":86,"66":29,"67":2,"68":2,"69":3,"70":6,"71":1},"fnMap":{"1":{"name":"(anonymous_1)","line":24,"loc":{"start":{"line":24,"column":20},"end":{"line":24,"column":36}}},"2":{"name":"(anonymous_2)","line":38,"loc":{"start":{"line":38,"column":18},"end":{"line":38,"column":61}}},"3":{"name":"(anonymous_3)","line":43,"loc":{"start":{"line":43,"column":20},"end":{"line":43,"column":66}}},"4":{"name":"(anonymous_4)","line":47,"loc":{"start":{"line":47,"column":23},"end":{"line":47,"column":49}}},"5":{"name":"(anonymous_5)","line":51,"loc":{"start":{"line":51,"column":20},"end":{"line":51,"column":50}}},"6":{"name":"(anonymous_6)","line":55,"loc":{"start":{"line":55,"column":24},"end":{"line":55,"column":44}}},"7":{"name":"(anonymous_7)","line":60,"loc":{"start":{"line":60,"column":30},"end":{"line":60,"column":56}}},"8":{"name":"(anonymous_8)","line":64,"loc":{"start":{"line":64,"column":23},"end":{"line":64,"column":53}}},"9":{"name":"(anonymous_9)","line":71,"loc":{"start":{"line":71,"column":30},"end":{"line":71,"column":56}}},"10":{"name":"(anonymous_10)","line":75,"loc":{"start":{"line":75,"column":33},"end":{"line":75,"column":59}}},"11":{"name":"(anonymous_11)","line":79,"loc":{"start":{"line":79,"column":34},"end":{"line":79,"column":58}}},"12":{"name":"(anonymous_12)","line":84,"loc":{"start":{"line":84,"column":34},"end":{"line":84,"column":64}}},"13":{"name":"(anonymous_13)","line":88,"loc":{"start":{"line":88,"column":30},"end":{"line":88,"column":65}}},"14":{"name":"(anonymous_14)","line":92,"loc":{"start":{"line":92,"column":33},"end":{"line":92,"column":57}}},"15":{"name":"(anonymous_15)","line":98,"loc":{"start":{"line":98,"column":31},"end":{"line":98,"column":57}}},"16":{"name":"(anonymous_16)","line":102,"loc":{"start":{"line":102,"column":35},"end":{"line":102,"column":65}}},"17":{"name":"(anonymous_17)","line":106,"loc":{"start":{"line":106,"column":31},"end":{"line":106,"column":66}}},"18":{"name":"(anonymous_18)","line":110,"loc":{"start":{"line":110,"column":34},"end":{"line":110,"column":58}}},"19":{"name":"(anonymous_19)","line":114,"loc":{"start":{"line":114,"column":37},"end":{"line":114,"column":67}}},"20":{"name":"(anonymous_20)","line":121,"loc":{"start":{"line":121,"column":24},"end":{"line":121,"column":50}}},"21":{"name":"(anonymous_21)","line":125,"loc":{"start":{"line":125,"column":28},"end":{"line":125,"column":58}}},"22":{"name":"(anonymous_22)","line":129,"loc":{"start":{"line":129,"column":27},"end":{"line":129,"column":51}}},"23":{"name":"(anonymous_23)","line":135,"loc":{"start":{"line":135,"column":25},"end":{"line":135,"column":51}}},"24":{"name":"(anonymous_24)","line":139,"loc":{"start":{"line":139,"column":29},"end":{"line":139,"column":59}}},"25":{"name":"(anonymous_25)","line":143,"loc":{"start":{"line":143,"column":28},"end":{"line":143,"column":52}}},"26":{"name":"(anonymous_26)","line":149,"loc":{"start":{"line":149,"column":27},"end":{"line":149,"column":53}}},"27":{"name":"(anonymous_27)","line":153,"loc":{"start":{"line":153,"column":38},"end":{"line":153,"column":72}}},"28":{"name":"(anonymous_28)","line":157,"loc":{"start":{"line":157,"column":48},"end":{"line":157,"column":78}}},"29":{"name":"(anonymous_29)","line":161,"loc":{"start":{"line":161,"column":30},"end":{"line":161,"column":56}}},"30":{"name":"(anonymous_30)","line":167,"loc":{"start":{"line":167,"column":26},"end":{"line":167,"column":52}}},"31":{"name":"(anonymous_31)","line":171,"loc":{"start":{"line":171,"column":29},"end":{"line":171,"column":55}}},"32":{"name":"(anonymous_32)","line":175,"loc":{"start":{"line":175,"column":26},"end":{"line":175,"column":50}}},"33":{"name":"(anonymous_33)","line":179,"loc":{"start":{"line":179,"column":29},"end":{"line":179,"column":53}}},"34":{"name":"(anonymous_34)","line":185,"loc":{"start":{"line":185,"column":25},"end":{"line":185,"column":51}}},"35":{"name":"(anonymous_35)","line":189,"loc":{"start":{"line":189,"column":28},"end":{"line":189,"column":54}}},"36":{"name":"(anonymous_36)","line":193,"loc":{"start":{"line":193,"column":25},"end":{"line":193,"column":49}}},"37":{"name":"(anonymous_37)","line":197,"loc":{"start":{"line":197,"column":28},"end":{"line":197,"column":52}}},"38":{"name":"(anonymous_38)","line":203,"loc":{"start":{"line":203,"column":31},"end":{"line":203,"column":111}}},"39":{"name":"(anonymous_39)","line":208,"loc":{"start":{"line":208,"column":31},"end":{"line":208,"column":69}}},"40":{"name":"(anonymous_40)","line":212,"loc":{"start":{"line":212,"column":37},"end":{"line":212,"column":63}}},"41":{"name":"(anonymous_41)","line":216,"loc":{"start":{"line":216,"column":38},"end":{"line":216,"column":83}}},"42":{"name":"(anonymous_42)","line":220,"loc":{"start":{"line":220,"column":34},"end":{"line":220,"column":60}}},"43":{"name":"(anonymous_43)","line":224,"loc":{"start":{"line":224,"column":43},"end":{"line":224,"column":94}}},"44":{"name":"(anonymous_44)","line":228,"loc":{"start":{"line":228,"column":34},"end":{"line":228,"column":72}}},"45":{"name":"(anonymous_45)","line":234,"loc":{"start":{"line":234,"column":36},"end":{"line":234,"column":62}}},"46":{"name":"(anonymous_46)","line":238,"loc":{"start":{"line":238,"column":40},"end":{"line":238,"column":79}}},"47":{"name":"(anonymous_47)","line":242,"loc":{"start":{"line":242,"column":39},"end":{"line":242,"column":63}}},"48":{"name":"(anonymous_48)","line":246,"loc":{"start":{"line":246,"column":43},"end":{"line":246,"column":82}}},"49":{"name":"(anonymous_49)","line":252,"loc":{"start":{"line":252,"column":29},"end":{"line":252,"column":55}}},"50":{"name":"(anonymous_50)","line":256,"loc":{"start":{"line":256,"column":33},"end":{"line":256,"column":63}}},"51":{"name":"(anonymous_51)","line":260,"loc":{"start":{"line":260,"column":32},"end":{"line":260,"column":56}}},"52":{"name":"(anonymous_52)","line":266,"loc":{"start":{"line":266,"column":27},"end":{"line":266,"column":85}}},"53":{"name":"(anonymous_53)","line":270,"loc":{"start":{"line":270,"column":27},"end":{"line":270,"column":65}}},"54":{"name":"(anonymous_54)","line":274,"loc":{"start":{"line":274,"column":34},"end":{"line":274,"column":79}}},"55":{"name":"(anonymous_55)","line":279,"loc":{"start":{"line":279,"column":30},"end":{"line":279,"column":68}}},"56":{"name":"(anonymous_56)","line":285,"loc":{"start":{"line":285,"column":32},"end":{"line":285,"column":58}}},"57":{"name":"(anonymous_57)","line":289,"loc":{"start":{"line":289,"column":36},"end":{"line":289,"column":73}}},"58":{"name":"(anonymous_58)","line":293,"loc":{"start":{"line":293,"column":35},"end":{"line":293,"column":59}}},"59":{"name":"(anonymous_59)","line":300,"loc":{"start":{"line":300,"column":27},"end":{"line":300,"column":91}}},"60":{"name":"(anonymous_60)","line":304,"loc":{"start":{"line":304,"column":27},"end":{"line":304,"column":65}}},"61":{"name":"(anonymous_61)","line":308,"loc":{"start":{"line":308,"column":30},"end":{"line":308,"column":68}}},"62":{"name":"(anonymous_62)","line":314,"loc":{"start":{"line":314,"column":30},"end":{"line":314,"column":77}}},"63":{"name":"(anonymous_63)","line":318,"loc":{"start":{"line":318,"column":30},"end":{"line":318,"column":60}}},"64":{"name":"(anonymous_64)","line":322,"loc":{"start":{"line":322,"column":33},"end":{"line":322,"column":63}}},"65":{"name":"(anonymous_65)","line":330,"loc":{"start":{"line":330,"column":28},"end":{"line":330,"column":48}}},"66":{"name":"(anonymous_66)","line":335,"loc":{"start":{"line":335,"column":29},"end":{"line":335,"column":49}}},"67":{"name":"(anonymous_67)","line":340,"loc":{"start":{"line":340,"column":24},"end":{"line":340,"column":44}}},"68":{"name":"(anonymous_68)","line":345,"loc":{"start":{"line":345,"column":26},"end":{"line":345,"column":55}}},"69":{"name":"(anonymous_69)","line":351,"loc":{"start":{"line":351,"column":28},"end":{"line":351,"column":54}}},"70":{"name":"(anonymous_70)","line":355,"loc":{"start":{"line":355,"column":28},"end":{"line":355,"column":58}}},"71":{"name":"(anonymous_71)","line":359,"loc":{"start":{"line":359,"column":31},"end":{"line":359,"column":61}}}},"statementMap":{"1":{"start":{"line":22,"column":0},"end":{"line":22,"column":31}},"2":{"start":{"line":24,"column":0},"end":{"line":36,"column":2}},"3":{"start":{"line":25,"column":4},"end":{"line":25,"column":13}},"4":{"start":{"line":26,"column":4},"end":{"line":30,"column":5}},"5":{"start":{"line":27,"column":8},"end":{"line":27,"column":52}},"6":{"start":{"line":29,"column":8},"end":{"line":29,"column":63}},"7":{"start":{"line":31,"column":4},"end":{"line":31,"column":73}},"8":{"start":{"line":32,"column":4},"end":{"line":32,"column":79}},"9":{"start":{"line":33,"column":4},"end":{"line":33,"column":67}},"10":{"start":{"line":34,"column":4},"end":{"line":34,"column":80}},"11":{"start":{"line":35,"column":4},"end":{"line":35,"column":54}},"12":{"start":{"line":38,"column":0},"end":{"line":40,"column":2}},"13":{"start":{"line":39,"column":4},"end":{"line":39,"column":48}},"14":{"start":{"line":43,"column":0},"end":{"line":45,"column":2}},"15":{"start":{"line":44,"column":4},"end":{"line":44,"column":53}},"16":{"start":{"line":47,"column":0},"end":{"line":49,"column":2}},"17":{"start":{"line":48,"column":4},"end":{"line":48,"column":36}},"18":{"start":{"line":51,"column":0},"end":{"line":53,"column":2}},"19":{"start":{"line":52,"column":4},"end":{"line":52,"column":37}},"20":{"start":{"line":55,"column":0},"end":{"line":57,"column":2}},"21":{"start":{"line":56,"column":4},"end":{"line":56,"column":31}},"22":{"start":{"line":60,"column":0},"end":{"line":62,"column":2}},"23":{"start":{"line":61,"column":4},"end":{"line":61,"column":43}},"24":{"start":{"line":64,"column":0},"end":{"line":66,"column":2}},"25":{"start":{"line":65,"column":4},"end":{"line":65,"column":40}},"26":{"start":{"line":71,"column":0},"end":{"line":73,"column":2}},"27":{"start":{"line":72,"column":4},"end":{"line":72,"column":43}},"28":{"start":{"line":75,"column":0},"end":{"line":77,"column":2}},"29":{"start":{"line":76,"column":4},"end":{"line":76,"column":46}},"30":{"start":{"line":79,"column":0},"end":{"line":81,"column":2}},"31":{"start":{"line":80,"column":4},"end":{"line":80,"column":45}},"32":{"start":{"line":84,"column":0},"end":{"line":86,"column":2}},"33":{"start":{"line":85,"column":4},"end":{"line":85,"column":51}},"34":{"start":{"line":88,"column":0},"end":{"line":90,"column":2}},"35":{"start":{"line":89,"column":4},"end":{"line":89,"column":52}},"36":{"start":{"line":92,"column":0},"end":{"line":94,"column":2}},"37":{"start":{"line":93,"column":4},"end":{"line":93,"column":44}},"38":{"start":{"line":98,"column":0},"end":{"line":100,"column":2}},"39":{"start":{"line":99,"column":4},"end":{"line":99,"column":44}},"40":{"start":{"line":102,"column":0},"end":{"line":104,"column":2}},"41":{"start":{"line":103,"column":4},"end":{"line":103,"column":52}},"42":{"start":{"line":106,"column":0},"end":{"line":108,"column":2}},"43":{"start":{"line":107,"column":4},"end":{"line":107,"column":53}},"44":{"start":{"line":110,"column":0},"end":{"line":112,"column":2}},"45":{"start":{"line":111,"column":4},"end":{"line":111,"column":45}},"46":{"start":{"line":114,"column":0},"end":{"line":116,"column":2}},"47":{"start":{"line":115,"column":4},"end":{"line":115,"column":54}},"48":{"start":{"line":121,"column":0},"end":{"line":123,"column":2}},"49":{"start":{"line":122,"column":4},"end":{"line":122,"column":37}},"50":{"start":{"line":125,"column":0},"end":{"line":127,"column":2}},"51":{"start":{"line":126,"column":4},"end":{"line":126,"column":45}},"52":{"start":{"line":129,"column":0},"end":{"line":131,"column":2}},"53":{"start":{"line":130,"column":4},"end":{"line":130,"column":38}},"54":{"start":{"line":135,"column":0},"end":{"line":137,"column":2}},"55":{"start":{"line":136,"column":4},"end":{"line":136,"column":38}},"56":{"start":{"line":139,"column":0},"end":{"line":141,"column":2}},"57":{"start":{"line":140,"column":4},"end":{"line":140,"column":46}},"58":{"start":{"line":143,"column":0},"end":{"line":145,"column":2}},"59":{"start":{"line":144,"column":4},"end":{"line":144,"column":39}},"60":{"start":{"line":149,"column":0},"end":{"line":151,"column":2}},"61":{"start":{"line":150,"column":4},"end":{"line":150,"column":40}},"62":{"start":{"line":153,"column":0},"end":{"line":155,"column":2}},"63":{"start":{"line":154,"column":4},"end":{"line":154,"column":59}},"64":{"start":{"line":157,"column":0},"end":{"line":159,"column":2}},"65":{"start":{"line":158,"column":4},"end":{"line":158,"column":65}},"66":{"start":{"line":161,"column":0},"end":{"line":163,"column":2}},"67":{"start":{"line":162,"column":4},"end":{"line":162,"column":43}},"68":{"start":{"line":167,"column":0},"end":{"line":169,"column":2}},"69":{"start":{"line":168,"column":4},"end":{"line":168,"column":39}},"70":{"start":{"line":171,"column":0},"end":{"line":173,"column":2}},"71":{"start":{"line":172,"column":4},"end":{"line":172,"column":42}},"72":{"start":{"line":175,"column":0},"end":{"line":177,"column":2}},"73":{"start":{"line":176,"column":4},"end":{"line":176,"column":37}},"74":{"start":{"line":179,"column":0},"end":{"line":181,"column":2}},"75":{"start":{"line":180,"column":4},"end":{"line":180,"column":40}},"76":{"start":{"line":185,"column":0},"end":{"line":187,"column":2}},"77":{"start":{"line":186,"column":4},"end":{"line":186,"column":38}},"78":{"start":{"line":189,"column":0},"end":{"line":191,"column":2}},"79":{"start":{"line":190,"column":4},"end":{"line":190,"column":41}},"80":{"start":{"line":193,"column":0},"end":{"line":195,"column":2}},"81":{"start":{"line":194,"column":4},"end":{"line":194,"column":36}},"82":{"start":{"line":197,"column":0},"end":{"line":199,"column":2}},"83":{"start":{"line":198,"column":4},"end":{"line":198,"column":39}},"84":{"start":{"line":203,"column":0},"end":{"line":205,"column":2}},"85":{"start":{"line":204,"column":4},"end":{"line":204,"column":98}},"86":{"start":{"line":208,"column":0},"end":{"line":210,"column":2}},"87":{"start":{"line":209,"column":4},"end":{"line":209,"column":56}},"88":{"start":{"line":212,"column":0},"end":{"line":214,"column":2}},"89":{"start":{"line":213,"column":4},"end":{"line":213,"column":50}},"90":{"start":{"line":216,"column":0},"end":{"line":218,"column":2}},"91":{"start":{"line":217,"column":4},"end":{"line":217,"column":70}},"92":{"start":{"line":220,"column":0},"end":{"line":222,"column":2}},"93":{"start":{"line":221,"column":4},"end":{"line":221,"column":47}},"94":{"start":{"line":224,"column":0},"end":{"line":226,"column":2}},"95":{"start":{"line":225,"column":4},"end":{"line":225,"column":81}},"96":{"start":{"line":228,"column":0},"end":{"line":230,"column":2}},"97":{"start":{"line":229,"column":4},"end":{"line":229,"column":59}},"98":{"start":{"line":234,"column":0},"end":{"line":236,"column":2}},"99":{"start":{"line":235,"column":4},"end":{"line":235,"column":49}},"100":{"start":{"line":238,"column":0},"end":{"line":240,"column":2}},"101":{"start":{"line":239,"column":4},"end":{"line":239,"column":66}},"102":{"start":{"line":242,"column":0},"end":{"line":244,"column":2}},"103":{"start":{"line":243,"column":4},"end":{"line":243,"column":50}},"104":{"start":{"line":246,"column":0},"end":{"line":248,"column":2}},"105":{"start":{"line":247,"column":4},"end":{"line":247,"column":69}},"106":{"start":{"line":252,"column":0},"end":{"line":254,"column":2}},"107":{"start":{"line":253,"column":4},"end":{"line":253,"column":42}},"108":{"start":{"line":256,"column":0},"end":{"line":258,"column":2}},"109":{"start":{"line":257,"column":4},"end":{"line":257,"column":50}},"110":{"start":{"line":260,"column":0},"end":{"line":262,"column":2}},"111":{"start":{"line":261,"column":4},"end":{"line":261,"column":43}},"112":{"start":{"line":266,"column":0},"end":{"line":268,"column":2}},"113":{"start":{"line":267,"column":4},"end":{"line":267,"column":72}},"114":{"start":{"line":270,"column":0},"end":{"line":272,"column":2}},"115":{"start":{"line":271,"column":4},"end":{"line":271,"column":52}},"116":{"start":{"line":274,"column":0},"end":{"line":276,"column":2}},"117":{"start":{"line":275,"column":4},"end":{"line":275,"column":66}},"118":{"start":{"line":279,"column":0},"end":{"line":281,"column":2}},"119":{"start":{"line":280,"column":4},"end":{"line":280,"column":55}},"120":{"start":{"line":285,"column":0},"end":{"line":287,"column":2}},"121":{"start":{"line":286,"column":4},"end":{"line":286,"column":45}},"122":{"start":{"line":289,"column":0},"end":{"line":291,"column":2}},"123":{"start":{"line":290,"column":4},"end":{"line":290,"column":60}},"124":{"start":{"line":293,"column":0},"end":{"line":295,"column":2}},"125":{"start":{"line":294,"column":4},"end":{"line":294,"column":46}},"126":{"start":{"line":300,"column":0},"end":{"line":302,"column":2}},"127":{"start":{"line":301,"column":4},"end":{"line":301,"column":78}},"128":{"start":{"line":304,"column":0},"end":{"line":306,"column":2}},"129":{"start":{"line":305,"column":4},"end":{"line":305,"column":52}},"130":{"start":{"line":308,"column":0},"end":{"line":310,"column":2}},"131":{"start":{"line":309,"column":4},"end":{"line":309,"column":55}},"132":{"start":{"line":314,"column":0},"end":{"line":316,"column":2}},"133":{"start":{"line":315,"column":4},"end":{"line":315,"column":64}},"134":{"start":{"line":318,"column":0},"end":{"line":320,"column":2}},"135":{"start":{"line":319,"column":4},"end":{"line":319,"column":47}},"136":{"start":{"line":322,"column":0},"end":{"line":324,"column":2}},"137":{"start":{"line":323,"column":4},"end":{"line":323,"column":50}},"138":{"start":{"line":330,"column":0},"end":{"line":332,"column":2}},"139":{"start":{"line":331,"column":4},"end":{"line":331,"column":35}},"140":{"start":{"line":335,"column":0},"end":{"line":337,"column":2}},"141":{"start":{"line":336,"column":4},"end":{"line":336,"column":36}},"142":{"start":{"line":340,"column":0},"end":{"line":342,"column":2}},"143":{"start":{"line":341,"column":4},"end":{"line":341,"column":31}},"144":{"start":{"line":345,"column":0},"end":{"line":347,"column":2}},"145":{"start":{"line":346,"column":4},"end":{"line":346,"column":42}},"146":{"start":{"line":351,"column":0},"end":{"line":353,"column":2}},"147":{"start":{"line":352,"column":4},"end":{"line":352,"column":41}},"148":{"start":{"line":355,"column":0},"end":{"line":357,"column":2}},"149":{"start":{"line":356,"column":4},"end":{"line":356,"column":45}},"150":{"start":{"line":359,"column":0},"end":{"line":361,"column":2}},"151":{"start":{"line":360,"column":4},"end":{"line":360,"column":48}}},"branchMap":{"1":{"line":26,"type":"if","locations":[{"start":{"line":26,"column":4},"end":{"line":26,"column":4}},{"start":{"line":26,"column":4},"end":{"line":26,"column":4}}]},"2":{"line":29,"type":"binary-expr","locations":[{"start":{"line":29,"column":15},"end":{"line":29,"column":40}},{"start":{"line":29,"column":44},"end":{"line":29,"column":62}}]},"3":{"line":31,"type":"binary-expr","locations":[{"start":{"line":31,"column":15},"end":{"line":31,"column":45}},{"start":{"line":31,"column":49},"end":{"line":31,"column":72}}]},"4":{"line":32,"type":"binary-expr","locations":[{"start":{"line":32,"column":13},"end":{"line":32,"column":47}},{"start":{"line":32,"column":51},"end":{"line":32,"column":78}}]},"5":{"line":33,"type":"binary-expr","locations":[{"start":{"line":33,"column":19},"end":{"line":33,"column":44}},{"start":{"line":33,"column":48},"end":{"line":33,"column":66}}]},"6":{"line":34,"type":"binary-expr","locations":[{"start":{"line":34,"column":22},"end":{"line":34,"column":52}},{"start":{"line":34,"column":56},"end":{"line":34,"column":79}}]}}},"/home/ken/NetBeansProjects/Oauth2Server/database/mysql/db.js":{"path":"/home/ken/NetBeansProjects/Oauth2Server/database/mysql/db.js","s":{"1":1,"2":1,"3":1,"4":1,"5":1,"6":1,"7":1,"8":1,"9":1,"10":1,"11":1,"12":1,"13":1,"14":1,"15":1,"16":1,"17":1,"18":1,"19":1,"20":1,"21":68,"22":68,"23":68,"24":68,"25":68,"26":68,"27":68,"28":68,"29":68,"30":68,"31":68,"32":68,"33":68,"34":68,"35":68,"36":68,"37":68,"38":68,"39":68,"40":1,"41":18,"42":1,"43":0,"44":1,"45":52,"46":52,"47":52,"48":52,"49":52,"50":52,"51":52,"52":52,"53":52,"54":24,"55":48,"56":48,"57":48,"58":48,"59":48,"60":48,"61":24,"62":24,"63":0,"64":24,"65":24,"66":24,"67":24,"68":0,"69":0,"70":0,"71":28,"72":28,"73":0,"74":28,"75":28,"76":28,"77":28,"78":0,"79":0,"80":0,"81":0,"82":0,"83":0,"84":0,"85":0,"86":1,"87":8,"88":1,"89":95,"90":1,"91":4,"92":1,"93":3,"94":1,"95":52,"96":52,"97":52,"98":52,"99":52,"100":52,"101":52,"102":52,"103":52,"104":52,"105":52,"106":0,"107":52,"108":52,"109":52,"110":0,"111":0,"112":0,"113":0,"114":0,"115":0,"116":0,"117":0,"118":0,"119":0,"120":0,"121":1,"122":20,"123":1,"124":5,"125":1,"126":4,"127":1,"128":4,"129":1,"130":3,"131":1,"132":20,"133":1,"134":15,"135":1,"136":12,"137":1,"138":50,"139":1,"140":4,"141":1,"142":11,"143":1,"144":20,"145":1,"146":4,"147":1,"148":20,"149":1,"150":2,"151":1,"152":2,"153":1,"154":2,"155":1,"156":15,"157":1,"158":6,"159":1,"160":30,"161":1,"162":15,"163":1,"164":4,"165":1,"166":2,"167":1,"168":11,"169":1,"170":4,"171":1,"172":2,"173":1,"174":2,"175":1,"176":16,"177":1,"178":2,"179":1,"180":25,"181":25,"182":25,"183":25,"184":25,"185":25,"186":25,"187":25,"188":25,"189":25,"190":25,"191":25,"192":0,"193":0,"194":0,"195":0,"196":0,"197":0,"198":0,"199":0,"200":0,"201":0,"202":1,"203":25,"204":25,"205":25,"206":25,"207":25,"208":25,"209":25,"210":25,"211":25,"212":37,"213":37,"214":37,"215":37,"216":0,"217":0,"218":0,"219":37,"220":25,"221":25,"222":0,"223":25,"224":25,"225":25,"226":25,"227":25,"228":0,"229":0,"230":0,"231":0,"232":0,"233":0,"234":0,"235":0,"236":0,"237":0,"238":0,"239":0,"240":0,"241":0,"242":1,"243":5,"244":5,"245":5,"246":5,"247":5,"248":5,"249":5,"250":0,"251":0,"252":0,"253":0,"254":0,"255":1,"256":5,"257":5,"258":5,"259":5,"260":5,"261":5,"262":0,"263":5,"264":5,"265":5,"266":0,"267":0,"268":0,"269":0,"270":0,"271":0,"272":1,"273":31,"274":1,"275":7,"276":1,"277":9,"278":1,"279":24,"280":1,"281":25,"282":25,"283":25,"284":25,"285":25,"286":25,"287":25,"288":25,"289":25,"290":25,"291":25,"292":25,"293":25,"294":25,"295":25,"296":25,"297":25,"298":25,"299":25,"300":25,"301":25,"302":25,"303":25,"304":25,"305":0,"306":25,"307":25,"308":25,"309":0,"310":0,"311":0,"312":0,"313":0,"314":0,"315":0,"316":0,"317":0,"318":0,"319":0,"320":0,"321":0,"322":0,"323":0,"324":0,"325":0,"326":0,"327":0,"328":0,"329":0,"330":0,"331":0,"332":0,"333":0,"334":0,"335":0,"336":0,"337":0,"338":0,"339":0,"340":1,"341":6,"342":1,"343":18,"344":1,"345":4,"346":1,"347":2,"348":1,"349":17,"350":1,"351":31,"352":1,"353":17,"354":1,"355":10,"356":10,"357":10,"358":10,"359":10,"360":10,"361":10,"362":10,"363":10,"364":10,"365":10,"366":10,"367":10,"368":10,"369":18,"370":18,"371":18,"372":18,"373":0,"374":0,"375":0,"376":18,"377":10,"378":10,"379":0,"380":10,"381":10,"382":10,"383":10,"384":0,"385":0,"386":0,"387":0,"388":0,"389":0,"390":0,"391":0,"392":0,"393":0,"394":0,"395":0,"396":0,"397":0,"398":1,"399":7,"400":1,"401":5,"402":1,"403":10,"404":10,"405":10,"406":10,"407":10,"408":10,"409":10,"410":10,"411":10,"412":10,"413":10,"414":10,"415":10,"416":10,"417":10,"418":0,"419":10,"420":10,"421":10,"422":0,"423":0,"424":0,"425":0,"426":0,"427":0,"428":0,"429":0,"430":0,"431":0,"432":0,"433":0,"434":0,"435":0,"436":0,"437":0,"438":0,"439":1,"440":2,"441":1,"442":3,"443":1,"444":2,"445":1,"446":2,"447":2,"448":2,"449":2,"450":2,"451":2,"452":2,"453":2,"454":2,"455":2,"456":2,"457":2,"458":0,"459":0,"460":0,"461":0,"462":0,"463":0,"464":0,"465":1,"466":2,"467":2,"468":2,"469":2,"470":2,"471":2,"472":2,"473":2,"474":0,"475":2,"476":2,"477":2,"478":2,"479":0,"480":0,"481":0,"482":0,"483":0,"484":0,"485":1,"486":2,"487":1,"488":2,"489":2,"490":2,"491":2,"492":2,"493":2,"494":2,"495":2,"496":2,"497":2,"498":2,"499":2,"500":2,"501":2,"502":2,"503":2,"504":2,"505":2,"506":2,"507":2,"508":0,"509":2,"510":2,"511":2,"512":0,"513":0,"514":0,"515":0,"516":0,"517":0,"518":0,"519":0,"520":0,"521":0,"522":0,"523":0,"524":0,"525":0,"526":0,"527":0,"528":0,"529":0,"530":0,"531":0,"532":0,"533":0,"534":0,"535":1,"536":5,"537":5,"538":5,"539":5,"540":5,"541":5,"542":5,"543":5,"544":5,"545":5,"546":5,"547":5,"548":5,"549":0,"550":5,"551":5,"552":5,"553":5,"554":0,"555":0,"556":0,"557":0,"558":0,"559":0,"560":0,"561":0,"562":0,"563":0,"564":0,"565":1,"566":2,"567":1,"568":8,"569":8,"570":8,"571":8,"572":8,"573":8,"574":8,"575":5,"576":5,"577":5,"578":5,"579":5,"580":5,"581":0,"582":5,"583":5,"584":5,"585":0,"586":0,"587":0,"588":0,"589":0,"590":0,"591":3,"592":3,"593":3,"594":3,"595":0,"596":0,"597":0,"598":0,"599":0,"600":1,"601":87,"602":1,"603":30,"604":1,"605":3,"606":1,"607":3,"608":3,"609":3,"610":3,"611":3,"612":3,"613":0,"614":0,"615":0,"616":1,"617":5,"618":1,"619":7,"620":1,"621":2},"b":{"1":[52,0],"2":[52,52],"3":[52,0],"4":[52,0],"5":[52,52,52],"6":[24,28],"7":[52,52],"8":[48,0],"9":[48,48],"10":[24,24],"11":[0,24],"12":[0,28],"13":[0,0],"14":[52,0],"15":[52,52],"16":[52,0],"17":[52,0],"18":[52,0],"19":[0,52],"20":[0,0],"21":[25,0],"22":[25,25],"23":[25,0],"24":[25,0],"25":[25,0],"26":[0,0],"27":[25,0],"28":[25,0],"29":[25,0],"30":[25,25],"31":[37,0],"32":[25,12],"33":[0,25],"34":[0,0],"35":[5,0],"36":[5,5],"37":[5,0],"38":[0,0],"39":[5,0],"40":[5,0],"41":[0,5],"42":[25,0],"43":[25,25],"44":[25,0],"45":[25,0],"46":[25,25],"47":[25,0],"48":[25,25],"49":[25,0],"50":[25,0],"51":[25,0],"52":[25,0],"53":[25,0],"54":[25,0],"55":[0,25],"56":[0,0],"57":[0,0],"58":[10,0],"59":[10,10],"60":[10,0],"61":[10,0],"62":[10,0],"63":[10,0],"64":[10,10],"65":[18,0],"66":[10,8],"67":[0,10],"68":[0,0],"69":[10,0],"70":[10,10],"71":[10,0],"72":[10,0],"73":[10,10],"74":[10,0],"75":[10,0],"76":[10,0],"77":[0,10],"78":[0,0],"79":[2,0],"80":[2,2],"81":[2,0],"82":[2,0],"83":[2,0],"84":[2,0],"85":[2,0],"86":[0,2],"87":[2,0],"88":[2,2],"89":[2,0],"90":[2,0],"91":[2,2],"92":[2,0],"93":[2,2],"94":[2,0],"95":[2,0],"96":[2,0],"97":[2,0],"98":[0,2],"99":[0,0],"100":[0,0],"101":[5,0],"102":[5,5],"103":[5,0],"104":[5,0],"105":[5,0],"106":[0,5],"107":[0,0],"108":[8,0],"109":[8,8],"110":[8,0],"111":[5,3],"112":[8,5],"113":[5,0],"114":[5,0],"115":[0,5],"116":[0,0],"117":[3,0],"118":[3,3],"119":[0,0]},"f":{"1":68,"2":18,"3":0,"4":52,"5":52,"6":52,"7":52,"8":48,"9":24,"10":28,"11":8,"12":95,"13":4,"14":3,"15":52,"16":52,"17":52,"18":52,"19":52,"20":52,"21":20,"22":5,"23":4,"24":4,"25":3,"26":20,"27":15,"28":12,"29":50,"30":4,"31":11,"32":20,"33":4,"34":20,"35":2,"36":2,"37":2,"38":15,"39":6,"40":30,"41":15,"42":4,"43":2,"44":11,"45":4,"46":2,"47":2,"48":16,"49":2,"50":25,"51":25,"52":25,"53":25,"54":25,"55":0,"56":25,"57":25,"58":25,"59":37,"60":25,"61":0,"62":5,"63":5,"64":5,"65":5,"66":5,"67":5,"68":5,"69":5,"70":31,"71":7,"72":9,"73":24,"74":25,"75":25,"76":25,"77":25,"78":25,"79":25,"80":25,"81":25,"82":25,"83":25,"84":25,"85":0,"86":6,"87":18,"88":4,"89":2,"90":17,"91":31,"92":17,"93":10,"94":10,"95":10,"96":10,"97":10,"98":18,"99":10,"100":7,"101":5,"102":10,"103":10,"104":10,"105":10,"106":10,"107":10,"108":10,"109":10,"110":2,"111":3,"112":2,"113":2,"114":2,"115":2,"116":2,"117":2,"118":0,"119":2,"120":2,"121":2,"122":2,"123":2,"124":2,"125":2,"126":2,"127":2,"128":2,"129":2,"130":2,"131":2,"132":2,"133":0,"134":5,"135":5,"136":5,"137":5,"138":5,"139":5,"140":2,"141":8,"142":8,"143":8,"144":8,"145":5,"146":5,"147":5,"148":87,"149":30,"150":3,"151":3,"152":3,"153":5,"154":7,"155":2},"fnMap":{"1":{"name":"(anonymous_1)","line":42,"loc":{"start":{"line":42,"column":18},"end":{"line":42,"column":55}}},"2":{"name":"(anonymous_2)","line":64,"loc":{"start":{"line":64,"column":25},"end":{"line":64,"column":45}}},"3":{"name":"(anonymous_3)","line":69,"loc":{"start":{"line":69,"column":24},"end":{"line":69,"column":44}}},"4":{"name":"(anonymous_4)","line":74,"loc":{"start":{"line":74,"column":20},"end":{"line":74,"column":66}}},"5":{"name":"(anonymous_5)","line":80,"loc":{"start":{"line":80,"column":23},"end":{"line":80,"column":43}}},"6":{"name":"(anonymous_6)","line":82,"loc":{"start":{"line":82,"column":33},"end":{"line":82,"column":48}}},"7":{"name":"(anonymous_7)","line":85,"loc":{"start":{"line":85,"column":63},"end":{"line":85,"column":87}}},"8":{"name":"(anonymous_8)","line":91,"loc":{"start":{"line":91,"column":101},"end":{"line":91,"column":122}}},"9":{"name":"(anonymous_9)","line":95,"loc":{"start":{"line":95,"column":59},"end":{"line":95,"column":74}}},"10":{"name":"(anonymous_10)","line":114,"loc":{"start":{"line":114,"column":43},"end":{"line":114,"column":58}}},"11":{"name":"(anonymous_11)","line":146,"loc":{"start":{"line":146,"column":23},"end":{"line":146,"column":49}}},"12":{"name":"(anonymous_12)","line":150,"loc":{"start":{"line":150,"column":20},"end":{"line":150,"column":50}}},"13":{"name":"(anonymous_13)","line":154,"loc":{"start":{"line":154,"column":24},"end":{"line":154,"column":44}}},"14":{"name":"(anonymous_14)","line":159,"loc":{"start":{"line":159,"column":30},"end":{"line":159,"column":56}}},"15":{"name":"(anonymous_15)","line":163,"loc":{"start":{"line":163,"column":23},"end":{"line":163,"column":53}}},"16":{"name":"(anonymous_16)","line":168,"loc":{"start":{"line":168,"column":23},"end":{"line":168,"column":43}}},"17":{"name":"(anonymous_17)","line":170,"loc":{"start":{"line":170,"column":33},"end":{"line":170,"column":48}}},"18":{"name":"(anonymous_18)","line":172,"loc":{"start":{"line":172,"column":89},"end":{"line":172,"column":113}}},"19":{"name":"(anonymous_19)","line":174,"loc":{"start":{"line":174,"column":72},"end":{"line":174,"column":99}}},"20":{"name":"(anonymous_20)","line":176,"loc":{"start":{"line":176,"column":47},"end":{"line":176,"column":62}}},"21":{"name":"(anonymous_21)","line":214,"loc":{"start":{"line":214,"column":30},"end":{"line":214,"column":56}}},"22":{"name":"(anonymous_22)","line":218,"loc":{"start":{"line":218,"column":33},"end":{"line":218,"column":59}}},"23":{"name":"(anonymous_23)","line":222,"loc":{"start":{"line":222,"column":34},"end":{"line":222,"column":58}}},"24":{"name":"(anonymous_24)","line":226,"loc":{"start":{"line":226,"column":34},"end":{"line":226,"column":64}}},"25":{"name":"(anonymous_25)","line":230,"loc":{"start":{"line":230,"column":30},"end":{"line":230,"column":65}}},"26":{"name":"(anonymous_26)","line":234,"loc":{"start":{"line":234,"column":33},"end":{"line":234,"column":57}}},"27":{"name":"(anonymous_27)","line":240,"loc":{"start":{"line":240,"column":31},"end":{"line":240,"column":57}}},"28":{"name":"(anonymous_28)","line":244,"loc":{"start":{"line":244,"column":35},"end":{"line":244,"column":65}}},"29":{"name":"(anonymous_29)","line":248,"loc":{"start":{"line":248,"column":31},"end":{"line":248,"column":66}}},"30":{"name":"(anonymous_30)","line":252,"loc":{"start":{"line":252,"column":34},"end":{"line":252,"column":58}}},"31":{"name":"(anonymous_31)","line":256,"loc":{"start":{"line":256,"column":37},"end":{"line":256,"column":67}}},"32":{"name":"(anonymous_32)","line":263,"loc":{"start":{"line":263,"column":24},"end":{"line":263,"column":50}}},"33":{"name":"(anonymous_33)","line":267,"loc":{"start":{"line":267,"column":28},"end":{"line":267,"column":58}}},"34":{"name":"(anonymous_34)","line":271,"loc":{"start":{"line":271,"column":27},"end":{"line":271,"column":51}}},"35":{"name":"(anonymous_35)","line":277,"loc":{"start":{"line":277,"column":25},"end":{"line":277,"column":51}}},"36":{"name":"(anonymous_36)","line":281,"loc":{"start":{"line":281,"column":29},"end":{"line":281,"column":59}}},"37":{"name":"(anonymous_37)","line":285,"loc":{"start":{"line":285,"column":28},"end":{"line":285,"column":52}}},"38":{"name":"(anonymous_38)","line":291,"loc":{"start":{"line":291,"column":27},"end":{"line":291,"column":53}}},"39":{"name":"(anonymous_39)","line":295,"loc":{"start":{"line":295,"column":38},"end":{"line":295,"column":72}}},"40":{"name":"(anonymous_40)","line":299,"loc":{"start":{"line":299,"column":48},"end":{"line":299,"column":78}}},"41":{"name":"(anonymous_41)","line":303,"loc":{"start":{"line":303,"column":30},"end":{"line":303,"column":56}}},"42":{"name":"(anonymous_42)","line":313,"loc":{"start":{"line":313,"column":26},"end":{"line":313,"column":52}}},"43":{"name":"(anonymous_43)","line":317,"loc":{"start":{"line":317,"column":29},"end":{"line":317,"column":55}}},"44":{"name":"(anonymous_44)","line":321,"loc":{"start":{"line":321,"column":26},"end":{"line":321,"column":50}}},"45":{"name":"(anonymous_45)","line":325,"loc":{"start":{"line":325,"column":29},"end":{"line":325,"column":53}}},"46":{"name":"(anonymous_46)","line":331,"loc":{"start":{"line":331,"column":25},"end":{"line":331,"column":51}}},"47":{"name":"(anonymous_47)","line":335,"loc":{"start":{"line":335,"column":28},"end":{"line":335,"column":54}}},"48":{"name":"(anonymous_48)","line":339,"loc":{"start":{"line":339,"column":25},"end":{"line":339,"column":49}}},"49":{"name":"(anonymous_49)","line":343,"loc":{"start":{"line":343,"column":28},"end":{"line":343,"column":52}}},"50":{"name":"(anonymous_50)","line":349,"loc":{"start":{"line":349,"column":31},"end":{"line":349,"column":111}}},"51":{"name":"(anonymous_51)","line":356,"loc":{"start":{"line":356,"column":23},"end":{"line":356,"column":43}}},"52":{"name":"(anonymous_52)","line":358,"loc":{"start":{"line":358,"column":33},"end":{"line":358,"column":48}}},"53":{"name":"(anonymous_53)","line":361,"loc":{"start":{"line":361,"column":85},"end":{"line":361,"column":110}}},"54":{"name":"(anonymous_54)","line":366,"loc":{"start":{"line":366,"column":95},"end":{"line":366,"column":112}}},"55":{"name":"(anonymous_55)","line":376,"loc":{"start":{"line":376,"column":90},"end":{"line":376,"column":107}}},"56":{"name":"(anonymous_56)","line":394,"loc":{"start":{"line":394,"column":20},"end":{"line":394,"column":89}}},"57":{"name":"(anonymous_57)","line":395,"loc":{"start":{"line":395,"column":59},"end":{"line":395,"column":83}}},"58":{"name":"(anonymous_58)","line":402,"loc":{"start":{"line":402,"column":73},"end":{"line":402,"column":93}}},"59":{"name":"(anonymous_59)","line":411,"loc":{"start":{"line":411,"column":102},"end":{"line":411,"column":128}}},"60":{"name":"(anonymous_60)","line":421,"loc":{"start":{"line":421,"column":47},"end":{"line":421,"column":62}}},"61":{"name":"(anonymous_61)","line":437,"loc":{"start":{"line":437,"column":35},"end":{"line":437,"column":50}}},"62":{"name":"(anonymous_62)","line":463,"loc":{"start":{"line":463,"column":43},"end":{"line":463,"column":94}}},"63":{"name":"(anonymous_63)","line":468,"loc":{"start":{"line":468,"column":23},"end":{"line":468,"column":43}}},"64":{"name":"(anonymous_64)","line":470,"loc":{"start":{"line":470,"column":33},"end":{"line":470,"column":48}}},"65":{"name":"(anonymous_65)","line":472,"loc":{"start":{"line":472,"column":78},"end":{"line":472,"column":95}}},"66":{"name":"(anonymous_66)","line":489,"loc":{"start":{"line":489,"column":23},"end":{"line":489,"column":81}}},"67":{"name":"(anonymous_67)","line":490,"loc":{"start":{"line":490,"column":62},"end":{"line":490,"column":86}}},"68":{"name":"(anonymous_68)","line":494,"loc":{"start":{"line":494,"column":87},"end":{"line":494,"column":107}}},"69":{"name":"(anonymous_69)","line":496,"loc":{"start":{"line":496,"column":31},"end":{"line":496,"column":46}}},"70":{"name":"(anonymous_70)","line":520,"loc":{"start":{"line":520,"column":31},"end":{"line":520,"column":69}}},"71":{"name":"(anonymous_71)","line":524,"loc":{"start":{"line":524,"column":37},"end":{"line":524,"column":63}}},"72":{"name":"(anonymous_72)","line":528,"loc":{"start":{"line":528,"column":38},"end":{"line":528,"column":83}}},"73":{"name":"(anonymous_73)","line":532,"loc":{"start":{"line":532,"column":34},"end":{"line":532,"column":60}}},"74":{"name":"(anonymous_74)","line":536,"loc":{"start":{"line":536,"column":34},"end":{"line":536,"column":72}}},"75":{"name":"(anonymous_75)","line":542,"loc":{"start":{"line":542,"column":23},"end":{"line":542,"column":43}}},"76":{"name":"(anonymous_76)","line":544,"loc":{"start":{"line":544,"column":33},"end":{"line":544,"column":48}}},"77":{"name":"(anonymous_77)","line":548,"loc":{"start":{"line":548,"column":86},"end":{"line":548,"column":106}}},"78":{"name":"(anonymous_78)","line":551,"loc":{"start":{"line":551,"column":88},"end":{"line":551,"column":114}}},"79":{"name":"(anonymous_79)","line":555,"loc":{"start":{"line":555,"column":111},"end":{"line":555,"column":135}}},"80":{"name":"(anonymous_80)","line":557,"loc":{"start":{"line":557,"column":138},"end":{"line":557,"column":164}}},"81":{"name":"(anonymous_81)","line":560,"loc":{"start":{"line":560,"column":122},"end":{"line":560,"column":145}}},"82":{"name":"(anonymous_82)","line":562,"loc":{"start":{"line":562,"column":124},"end":{"line":562,"column":153}}},"83":{"name":"(anonymous_83)","line":566,"loc":{"start":{"line":566,"column":130},"end":{"line":566,"column":158}}},"84":{"name":"(anonymous_84)","line":568,"loc":{"start":{"line":568,"column":87},"end":{"line":568,"column":102}}},"85":{"name":"(anonymous_85)","line":584,"loc":{"start":{"line":584,"column":79},"end":{"line":584,"column":94}}},"86":{"name":"(anonymous_86)","line":643,"loc":{"start":{"line":643,"column":36},"end":{"line":643,"column":62}}},"87":{"name":"(anonymous_87)","line":647,"loc":{"start":{"line":647,"column":40},"end":{"line":647,"column":79}}},"88":{"name":"(anonymous_88)","line":651,"loc":{"start":{"line":651,"column":39},"end":{"line":651,"column":63}}},"89":{"name":"(anonymous_89)","line":655,"loc":{"start":{"line":655,"column":43},"end":{"line":655,"column":82}}},"90":{"name":"(anonymous_90)","line":661,"loc":{"start":{"line":661,"column":29},"end":{"line":661,"column":55}}},"91":{"name":"(anonymous_91)","line":665,"loc":{"start":{"line":665,"column":33},"end":{"line":665,"column":63}}},"92":{"name":"(anonymous_92)","line":669,"loc":{"start":{"line":669,"column":32},"end":{"line":669,"column":56}}},"93":{"name":"(anonymous_93)","line":676,"loc":{"start":{"line":676,"column":27},"end":{"line":676,"column":89}}},"94":{"name":"(anonymous_94)","line":682,"loc":{"start":{"line":682,"column":23},"end":{"line":682,"column":43}}},"95":{"name":"(anonymous_95)","line":684,"loc":{"start":{"line":684,"column":33},"end":{"line":684,"column":48}}},"96":{"name":"(anonymous_96)","line":686,"loc":{"start":{"line":686,"column":78},"end":{"line":686,"column":102}}},"97":{"name":"(anonymous_97)","line":690,"loc":{"start":{"line":690,"column":82},"end":{"line":690,"column":103}}},"98":{"name":"(anonymous_98)","line":700,"loc":{"start":{"line":700,"column":110},"end":{"line":700,"column":136}}},"99":{"name":"(anonymous_99)","line":710,"loc":{"start":{"line":710,"column":63},"end":{"line":710,"column":78}}},"100":{"name":"(anonymous_100)","line":755,"loc":{"start":{"line":755,"column":27},"end":{"line":755,"column":65}}},"101":{"name":"(anonymous_101)","line":759,"loc":{"start":{"line":759,"column":34},"end":{"line":759,"column":79}}},"102":{"name":"(anonymous_102)","line":763,"loc":{"start":{"line":763,"column":30},"end":{"line":763,"column":68}}},"103":{"name":"(anonymous_103)","line":768,"loc":{"start":{"line":768,"column":23},"end":{"line":768,"column":43}}},"104":{"name":"(anonymous_104)","line":770,"loc":{"start":{"line":770,"column":33},"end":{"line":770,"column":48}}},"105":{"name":"(anonymous_105)","line":772,"loc":{"start":{"line":772,"column":78},"end":{"line":772,"column":98}}},"106":{"name":"(anonymous_106)","line":774,"loc":{"start":{"line":774,"column":103},"end":{"line":774,"column":126}}},"107":{"name":"(anonymous_107)","line":776,"loc":{"start":{"line":776,"column":102},"end":{"line":776,"column":125}}},"108":{"name":"(anonymous_108)","line":778,"loc":{"start":{"line":778,"column":112},"end":{"line":778,"column":141}}},"109":{"name":"(anonymous_109)","line":780,"loc":{"start":{"line":780,"column":63},"end":{"line":780,"column":78}}},"110":{"name":"(anonymous_110)","line":830,"loc":{"start":{"line":830,"column":32},"end":{"line":830,"column":58}}},"111":{"name":"(anonymous_111)","line":834,"loc":{"start":{"line":834,"column":36},"end":{"line":834,"column":73}}},"112":{"name":"(anonymous_112)","line":838,"loc":{"start":{"line":838,"column":35},"end":{"line":838,"column":59}}},"113":{"name":"(anonymous_113)","line":847,"loc":{"start":{"line":847,"column":27},"end":{"line":847,"column":91}}},"114":{"name":"(anonymous_114)","line":853,"loc":{"start":{"line":853,"column":23},"end":{"line":853,"column":43}}},"115":{"name":"(anonymous_115)","line":855,"loc":{"start":{"line":855,"column":33},"end":{"line":855,"column":48}}},"116":{"name":"(anonymous_116)","line":858,"loc":{"start":{"line":858,"column":85},"end":{"line":858,"column":110}}},"117":{"name":"(anonymous_117)","line":862,"loc":{"start":{"line":862,"column":78},"end":{"line":862,"column":95}}},"118":{"name":"(anonymous_118)","line":872,"loc":{"start":{"line":872,"column":73},"end":{"line":872,"column":90}}},"119":{"name":"(anonymous_119)","line":886,"loc":{"start":{"line":886,"column":19},"end":{"line":886,"column":72}}},"120":{"name":"(anonymous_120)","line":887,"loc":{"start":{"line":887,"column":59},"end":{"line":887,"column":83}}},"121":{"name":"(anonymous_121)","line":891,"loc":{"start":{"line":891,"column":64},"end":{"line":891,"column":84}}},"122":{"name":"(anonymous_122)","line":893,"loc":{"start":{"line":893,"column":31},"end":{"line":893,"column":46}}},"123":{"name":"(anonymous_123)","line":917,"loc":{"start":{"line":917,"column":27},"end":{"line":917,"column":65}}},"124":{"name":"(anonymous_124)","line":921,"loc":{"start":{"line":921,"column":30},"end":{"line":921,"column":68}}},"125":{"name":"(anonymous_125)","line":926,"loc":{"start":{"line":926,"column":23},"end":{"line":926,"column":43}}},"126":{"name":"(anonymous_126)","line":928,"loc":{"start":{"line":928,"column":33},"end":{"line":928,"column":48}}},"127":{"name":"(anonymous_127)","line":931,"loc":{"start":{"line":931,"column":78},"end":{"line":931,"column":98}}},"128":{"name":"(anonymous_128)","line":933,"loc":{"start":{"line":933,"column":88},"end":{"line":933,"column":114}}},"129":{"name":"(anonymous_129)","line":937,"loc":{"start":{"line":937,"column":98},"end":{"line":937,"column":121}}},"130":{"name":"(anonymous_130)","line":939,"loc":{"start":{"line":939,"column":108},"end":{"line":939,"column":137}}},"131":{"name":"(anonymous_131)","line":942,"loc":{"start":{"line":942,"column":114},"end":{"line":942,"column":142}}},"132":{"name":"(anonymous_132)","line":944,"loc":{"start":{"line":944,"column":71},"end":{"line":944,"column":86}}},"133":{"name":"(anonymous_133)","line":960,"loc":{"start":{"line":960,"column":63},"end":{"line":960,"column":78}}},"134":{"name":"(anonymous_134)","line":1005,"loc":{"start":{"line":1005,"column":30},"end":{"line":1005,"column":77}}},"135":{"name":"(anonymous_135)","line":1011,"loc":{"start":{"line":1011,"column":23},"end":{"line":1011,"column":43}}},"136":{"name":"(anonymous_136)","line":1013,"loc":{"start":{"line":1013,"column":33},"end":{"line":1013,"column":48}}},"137":{"name":"(anonymous_137)","line":1015,"loc":{"start":{"line":1015,"column":78},"end":{"line":1015,"column":102}}},"138":{"name":"(anonymous_138)","line":1019,"loc":{"start":{"line":1019,"column":86},"end":{"line":1019,"column":107}}},"139":{"name":"(anonymous_139)","line":1021,"loc":{"start":{"line":1021,"column":47},"end":{"line":1021,"column":62}}},"140":{"name":"(anonymous_140)","line":1057,"loc":{"start":{"line":1057,"column":30},"end":{"line":1057,"column":60}}},"141":{"name":"(anonymous_141)","line":1062,"loc":{"start":{"line":1062,"column":33},"end":{"line":1062,"column":63}}},"142":{"name":"(anonymous_142)","line":1067,"loc":{"start":{"line":1067,"column":23},"end":{"line":1067,"column":43}}},"143":{"name":"(anonymous_143)","line":1069,"loc":{"start":{"line":1069,"column":33},"end":{"line":1069,"column":48}}},"144":{"name":"(anonymous_144)","line":1071,"loc":{"start":{"line":1071,"column":76},"end":{"line":1071,"column":96}}},"145":{"name":"(anonymous_145)","line":1073,"loc":{"start":{"line":1073,"column":92},"end":{"line":1073,"column":115}}},"146":{"name":"(anonymous_146)","line":1075,"loc":{"start":{"line":1075,"column":104},"end":{"line":1075,"column":133}}},"147":{"name":"(anonymous_147)","line":1077,"loc":{"start":{"line":1077,"column":55},"end":{"line":1077,"column":70}}},"148":{"name":"(anonymous_148)","line":1122,"loc":{"start":{"line":1122,"column":28},"end":{"line":1122,"column":48}}},"149":{"name":"(anonymous_149)","line":1127,"loc":{"start":{"line":1127,"column":29},"end":{"line":1127,"column":49}}},"150":{"name":"(anonymous_150)","line":1132,"loc":{"start":{"line":1132,"column":24},"end":{"line":1132,"column":44}}},"151":{"name":"(anonymous_151)","line":1136,"loc":{"start":{"line":1136,"column":26},"end":{"line":1136,"column":55}}},"152":{"name":"(anonymous_152)","line":1138,"loc":{"start":{"line":1138,"column":23},"end":{"line":1138,"column":43}}},"153":{"name":"(anonymous_153)","line":1153,"loc":{"start":{"line":1153,"column":28},"end":{"line":1153,"column":54}}},"154":{"name":"(anonymous_154)","line":1157,"loc":{"start":{"line":1157,"column":28},"end":{"line":1157,"column":58}}},"155":{"name":"(anonymous_155)","line":1161,"loc":{"start":{"line":1161,"column":31},"end":{"line":1161,"column":61}}}},"statementMap":{"1":{"start":{"line":22,"column":0},"end":{"line":22,"column":39}},"2":{"start":{"line":23,"column":0},"end":{"line":23,"column":62}},"3":{"start":{"line":24,"column":0},"end":{"line":24,"column":82}},"4":{"start":{"line":25,"column":0},"end":{"line":25,"column":84}},"5":{"start":{"line":26,"column":0},"end":{"line":26,"column":70}},"6":{"start":{"line":27,"column":0},"end":{"line":27,"column":80}},"7":{"start":{"line":28,"column":0},"end":{"line":28,"column":72}},"8":{"start":{"line":29,"column":0},"end":{"line":29,"column":76}},"9":{"start":{"line":30,"column":0},"end":{"line":30,"column":74}},"10":{"start":{"line":31,"column":0},"end":{"line":31,"column":72}},"11":{"start":{"line":32,"column":0},"end":{"line":32,"column":84}},"12":{"start":{"line":33,"column":0},"end":{"line":33,"column":94}},"13":{"start":{"line":34,"column":0},"end":{"line":34,"column":76}},"14":{"start":{"line":35,"column":0},"end":{"line":35,"column":86}},"15":{"start":{"line":36,"column":0},"end":{"line":36,"column":76}},"16":{"start":{"line":37,"column":0},"end":{"line":37,"column":82}},"17":{"start":{"line":38,"column":0},"end":{"line":38,"column":66}},"18":{"start":{"line":39,"column":0},"end":{"line":39,"column":70}},"19":{"start":{"line":40,"column":0},"end":{"line":40,"column":78}},"20":{"start":{"line":42,"column":0},"end":{"line":62,"column":2}},"21":{"start":{"line":43,"column":4},"end":{"line":43,"column":44}},"22":{"start":{"line":44,"column":4},"end":{"line":44,"column":31}},"23":{"start":{"line":45,"column":4},"end":{"line":45,"column":42}},"24":{"start":{"line":46,"column":4},"end":{"line":46,"column":41}},"25":{"start":{"line":47,"column":4},"end":{"line":47,"column":35}},"26":{"start":{"line":48,"column":4},"end":{"line":48,"column":40}},"27":{"start":{"line":49,"column":4},"end":{"line":49,"column":36}},"28":{"start":{"line":50,"column":4},"end":{"line":50,"column":38}},"29":{"start":{"line":51,"column":4},"end":{"line":51,"column":37}},"30":{"start":{"line":52,"column":4},"end":{"line":52,"column":36}},"31":{"start":{"line":53,"column":4},"end":{"line":53,"column":42}},"32":{"start":{"line":54,"column":4},"end":{"line":54,"column":47}},"33":{"start":{"line":55,"column":4},"end":{"line":55,"column":38}},"34":{"start":{"line":56,"column":4},"end":{"line":56,"column":43}},"35":{"start":{"line":57,"column":4},"end":{"line":57,"column":38}},"36":{"start":{"line":58,"column":4},"end":{"line":58,"column":41}},"37":{"start":{"line":59,"column":4},"end":{"line":59,"column":33}},"38":{"start":{"line":60,"column":4},"end":{"line":60,"column":35}},"39":{"start":{"line":61,"column":4},"end":{"line":61,"column":39}},"40":{"start":{"line":64,"column":0},"end":{"line":66,"column":2}},"41":{"start":{"line":65,"column":4},"end":{"line":65,"column":34}},"42":{"start":{"line":69,"column":0},"end":{"line":71,"column":2}},"43":{"start":{"line":70,"column":4},"end":{"line":70,"column":33}},"44":{"start":{"line":74,"column":0},"end":{"line":144,"column":2}},"45":{"start":{"line":75,"column":4},"end":{"line":79,"column":6}},"46":{"start":{"line":80,"column":4},"end":{"line":142,"column":7}},"47":{"start":{"line":81,"column":8},"end":{"line":141,"column":9}},"48":{"start":{"line":82,"column":12},"end":{"line":135,"column":15}},"49":{"start":{"line":83,"column":16},"end":{"line":134,"column":17}},"50":{"start":{"line":84,"column":20},"end":{"line":84,"column":40}},"51":{"start":{"line":85,"column":20},"end":{"line":130,"column":23}},"52":{"start":{"line":86,"column":24},"end":{"line":129,"column":25}},"53":{"start":{"line":87,"column":28},"end":{"line":124,"column":29}},"54":{"start":{"line":88,"column":32},"end":{"line":112,"column":33}},"55":{"start":{"line":89,"column":36},"end":{"line":89,"column":71}},"56":{"start":{"line":90,"column":36},"end":{"line":90,"column":80}},"57":{"start":{"line":91,"column":36},"end":{"line":111,"column":39}},"58":{"start":{"line":92,"column":40},"end":{"line":110,"column":41}},"59":{"start":{"line":93,"column":44},"end":{"line":93,"column":58}},"60":{"start":{"line":94,"column":44},"end":{"line":105,"column":45}},"61":{"start":{"line":95,"column":48},"end":{"line":104,"column":51}},"62":{"start":{"line":96,"column":52},"end":{"line":101,"column":53}},"63":{"start":{"line":97,"column":56},"end":{"line":97,"column":71}},"64":{"start":{"line":99,"column":56},"end":{"line":99,"column":75}},"65":{"start":{"line":100,"column":56},"end":{"line":100,"column":93}},"66":{"start":{"line":102,"column":52},"end":{"line":102,"column":66}},"67":{"start":{"line":103,"column":52},"end":{"line":103,"column":66}},"68":{"start":{"line":107,"column":44},"end":{"line":107,"column":59}},"69":{"start":{"line":108,"column":44},"end":{"line":108,"column":58}},"70":{"start":{"line":109,"column":44},"end":{"line":109,"column":58}},"71":{"start":{"line":114,"column":32},"end":{"line":123,"column":35}},"72":{"start":{"line":115,"column":36},"end":{"line":120,"column":37}},"73":{"start":{"line":116,"column":40},"end":{"line":116,"column":55}},"74":{"start":{"line":118,"column":40},"end":{"line":118,"column":59}},"75":{"start":{"line":119,"column":40},"end":{"line":119,"column":77}},"76":{"start":{"line":121,"column":36},"end":{"line":121,"column":50}},"77":{"start":{"line":122,"column":36},"end":{"line":122,"column":50}},"78":{"start":{"line":126,"column":28},"end":{"line":126,"column":43}},"79":{"start":{"line":127,"column":28},"end":{"line":127,"column":42}},"80":{"start":{"line":128,"column":28},"end":{"line":128,"column":42}},"81":{"start":{"line":132,"column":20},"end":{"line":132,"column":34}},"82":{"start":{"line":133,"column":20},"end":{"line":133,"column":34}},"83":{"start":{"line":137,"column":12},"end":{"line":139,"column":13}},"84":{"start":{"line":138,"column":16},"end":{"line":138,"column":30}},"85":{"start":{"line":140,"column":12},"end":{"line":140,"column":26}},"86":{"start":{"line":146,"column":0},"end":{"line":148,"column":2}},"87":{"start":{"line":147,"column":4},"end":{"line":147,"column":55}},"88":{"start":{"line":150,"column":0},"end":{"line":152,"column":2}},"89":{"start":{"line":151,"column":4},"end":{"line":151,"column":50}},"90":{"start":{"line":154,"column":0},"end":{"line":156,"column":2}},"91":{"start":{"line":155,"column":4},"end":{"line":155,"column":44}},"92":{"start":{"line":159,"column":0},"end":{"line":161,"column":2}},"93":{"start":{"line":160,"column":4},"end":{"line":160,"column":56}},"94":{"start":{"line":163,"column":0},"end":{"line":209,"column":2}},"95":{"start":{"line":164,"column":4},"end":{"line":167,"column":6}},"96":{"start":{"line":168,"column":4},"end":{"line":208,"column":7}},"97":{"start":{"line":169,"column":8},"end":{"line":207,"column":9}},"98":{"start":{"line":170,"column":12},"end":{"line":201,"column":15}},"99":{"start":{"line":171,"column":16},"end":{"line":200,"column":17}},"100":{"start":{"line":172,"column":20},"end":{"line":196,"column":23}},"101":{"start":{"line":173,"column":24},"end":{"line":195,"column":25}},"102":{"start":{"line":174,"column":28},"end":{"line":190,"column":31}},"103":{"start":{"line":175,"column":32},"end":{"line":189,"column":33}},"104":{"start":{"line":176,"column":36},"end":{"line":184,"column":39}},"105":{"start":{"line":177,"column":40},"end":{"line":181,"column":41}},"106":{"start":{"line":178,"column":44},"end":{"line":178,"column":59}},"107":{"start":{"line":180,"column":44},"end":{"line":180,"column":63}},"108":{"start":{"line":182,"column":40},"end":{"line":182,"column":54}},"109":{"start":{"line":183,"column":40},"end":{"line":183,"column":54}},"110":{"start":{"line":186,"column":36},"end":{"line":186,"column":51}},"111":{"start":{"line":187,"column":36},"end":{"line":187,"column":50}},"112":{"start":{"line":188,"column":36},"end":{"line":188,"column":50}},"113":{"start":{"line":192,"column":28},"end":{"line":192,"column":43}},"114":{"start":{"line":193,"column":28},"end":{"line":193,"column":42}},"115":{"start":{"line":194,"column":28},"end":{"line":194,"column":42}},"116":{"start":{"line":198,"column":20},"end":{"line":198,"column":34}},"117":{"start":{"line":199,"column":20},"end":{"line":199,"column":34}},"118":{"start":{"line":203,"column":12},"end":{"line":205,"column":13}},"119":{"start":{"line":204,"column":16},"end":{"line":204,"column":30}},"120":{"start":{"line":206,"column":12},"end":{"line":206,"column":26}},"121":{"start":{"line":214,"column":0},"end":{"line":216,"column":2}},"122":{"start":{"line":215,"column":4},"end":{"line":215,"column":72}},"123":{"start":{"line":218,"column":0},"end":{"line":220,"column":2}},"124":{"start":{"line":219,"column":4},"end":{"line":219,"column":75}},"125":{"start":{"line":222,"column":0},"end":{"line":224,"column":2}},"126":{"start":{"line":223,"column":4},"end":{"line":223,"column":68}},"127":{"start":{"line":226,"column":0},"end":{"line":228,"column":2}},"128":{"start":{"line":227,"column":4},"end":{"line":227,"column":74}},"129":{"start":{"line":230,"column":0},"end":{"line":232,"column":2}},"130":{"start":{"line":231,"column":4},"end":{"line":231,"column":75}},"131":{"start":{"line":234,"column":0},"end":{"line":236,"column":2}},"132":{"start":{"line":235,"column":4},"end":{"line":235,"column":73}},"133":{"start":{"line":240,"column":0},"end":{"line":242,"column":2}},"134":{"start":{"line":241,"column":4},"end":{"line":241,"column":74}},"135":{"start":{"line":244,"column":0},"end":{"line":246,"column":2}},"136":{"start":{"line":245,"column":4},"end":{"line":245,"column":76}},"137":{"start":{"line":248,"column":0},"end":{"line":250,"column":2}},"138":{"start":{"line":249,"column":4},"end":{"line":249,"column":77}},"139":{"start":{"line":252,"column":0},"end":{"line":254,"column":2}},"140":{"start":{"line":253,"column":4},"end":{"line":253,"column":75}},"141":{"start":{"line":256,"column":0},"end":{"line":258,"column":2}},"142":{"start":{"line":257,"column":4},"end":{"line":257,"column":84}},"143":{"start":{"line":263,"column":0},"end":{"line":265,"column":2}},"144":{"start":{"line":264,"column":4},"end":{"line":264,"column":60}},"145":{"start":{"line":267,"column":0},"end":{"line":269,"column":2}},"146":{"start":{"line":268,"column":4},"end":{"line":268,"column":62}},"147":{"start":{"line":271,"column":0},"end":{"line":273,"column":2}},"148":{"start":{"line":272,"column":4},"end":{"line":272,"column":61}},"149":{"start":{"line":277,"column":0},"end":{"line":279,"column":2}},"150":{"start":{"line":278,"column":4},"end":{"line":278,"column":62}},"151":{"start":{"line":281,"column":0},"end":{"line":283,"column":2}},"152":{"start":{"line":282,"column":4},"end":{"line":282,"column":64}},"153":{"start":{"line":285,"column":0},"end":{"line":287,"column":2}},"154":{"start":{"line":286,"column":4},"end":{"line":286,"column":63}},"155":{"start":{"line":291,"column":0},"end":{"line":293,"column":2}},"156":{"start":{"line":292,"column":4},"end":{"line":292,"column":66}},"157":{"start":{"line":295,"column":0},"end":{"line":297,"column":2}},"158":{"start":{"line":296,"column":4},"end":{"line":296,"column":79}},"159":{"start":{"line":299,"column":0},"end":{"line":301,"column":2}},"160":{"start":{"line":300,"column":4},"end":{"line":300,"column":85}},"161":{"start":{"line":303,"column":0},"end":{"line":305,"column":2}},"162":{"start":{"line":304,"column":4},"end":{"line":304,"column":69}},"163":{"start":{"line":313,"column":0},"end":{"line":315,"column":2}},"164":{"start":{"line":314,"column":4},"end":{"line":314,"column":64}},"165":{"start":{"line":317,"column":0},"end":{"line":319,"column":2}},"166":{"start":{"line":318,"column":4},"end":{"line":318,"column":67}},"167":{"start":{"line":321,"column":0},"end":{"line":323,"column":2}},"168":{"start":{"line":322,"column":4},"end":{"line":322,"column":56}},"169":{"start":{"line":325,"column":0},"end":{"line":327,"column":2}},"170":{"start":{"line":326,"column":4},"end":{"line":326,"column":65}},"171":{"start":{"line":331,"column":0},"end":{"line":333,"column":2}},"172":{"start":{"line":332,"column":4},"end":{"line":332,"column":62}},"173":{"start":{"line":335,"column":0},"end":{"line":337,"column":2}},"174":{"start":{"line":336,"column":4},"end":{"line":336,"column":65}},"175":{"start":{"line":339,"column":0},"end":{"line":341,"column":2}},"176":{"start":{"line":340,"column":4},"end":{"line":340,"column":54}},"177":{"start":{"line":343,"column":0},"end":{"line":345,"column":2}},"178":{"start":{"line":344,"column":4},"end":{"line":344,"column":63}},"179":{"start":{"line":349,"column":0},"end":{"line":392,"column":2}},"180":{"start":{"line":350,"column":4},"end":{"line":355,"column":6}},"181":{"start":{"line":356,"column":4},"end":{"line":391,"column":7}},"182":{"start":{"line":357,"column":8},"end":{"line":390,"column":9}},"183":{"start":{"line":358,"column":12},"end":{"line":384,"column":15}},"184":{"start":{"line":359,"column":16},"end":{"line":383,"column":17}},"185":{"start":{"line":360,"column":20},"end":{"line":379,"column":21}},"186":{"start":{"line":361,"column":24},"end":{"line":374,"column":27}},"187":{"start":{"line":363,"column":28},"end":{"line":373,"column":29}},"188":{"start":{"line":364,"column":32},"end":{"line":364,"column":67}},"189":{"start":{"line":365,"column":32},"end":{"line":365,"column":79}},"190":{"start":{"line":366,"column":32},"end":{"line":368,"column":35}},"191":{"start":{"line":367,"column":36},"end":{"line":367,"column":52}},"192":{"start":{"line":370,"column":32},"end":{"line":370,"column":47}},"193":{"start":{"line":371,"column":32},"end":{"line":371,"column":46}},"194":{"start":{"line":372,"column":32},"end":{"line":372,"column":46}},"195":{"start":{"line":376,"column":24},"end":{"line":378,"column":27}},"196":{"start":{"line":377,"column":28},"end":{"line":377,"column":44}},"197":{"start":{"line":381,"column":20},"end":{"line":381,"column":34}},"198":{"start":{"line":382,"column":20},"end":{"line":382,"column":34}},"199":{"start":{"line":386,"column":12},"end":{"line":388,"column":13}},"200":{"start":{"line":387,"column":16},"end":{"line":387,"column":30}},"201":{"start":{"line":389,"column":12},"end":{"line":389,"column":26}},"202":{"start":{"line":394,"column":0},"end":{"line":461,"column":2}},"203":{"start":{"line":395,"column":4},"end":{"line":460,"column":7}},"204":{"start":{"line":398,"column":8},"end":{"line":459,"column":9}},"205":{"start":{"line":399,"column":12},"end":{"line":399,"column":38}},"206":{"start":{"line":401,"column":12},"end":{"line":401,"column":51}},"207":{"start":{"line":402,"column":12},"end":{"line":454,"column":15}},"208":{"start":{"line":403,"column":16},"end":{"line":453,"column":17}},"209":{"start":{"line":404,"column":20},"end":{"line":448,"column":21}},"210":{"start":{"line":405,"column":24},"end":{"line":405,"column":41}},"211":{"start":{"line":406,"column":24},"end":{"line":435,"column":25}},"212":{"start":{"line":407,"column":28},"end":{"line":410,"column":30}},"213":{"start":{"line":411,"column":28},"end":{"line":434,"column":31}},"214":{"start":{"line":412,"column":32},"end":{"line":418,"column":33}},"215":{"start":{"line":413,"column":36},"end":{"line":413,"column":47}},"216":{"start":{"line":415,"column":36},"end":{"line":415,"column":51}},"217":{"start":{"line":416,"column":36},"end":{"line":416,"column":50}},"218":{"start":{"line":417,"column":36},"end":{"line":417,"column":50}},"219":{"start":{"line":420,"column":32},"end":{"line":433,"column":33}},"220":{"start":{"line":421,"column":36},"end":{"line":432,"column":39}},"221":{"start":{"line":423,"column":40},"end":{"line":429,"column":41}},"222":{"start":{"line":424,"column":44},"end":{"line":424,"column":59}},"223":{"start":{"line":426,"column":44},"end":{"line":426,"column":95}},"224":{"start":{"line":427,"column":44},"end":{"line":427,"column":81}},"225":{"start":{"line":428,"column":44},"end":{"line":428,"column":63}},"226":{"start":{"line":430,"column":40},"end":{"line":430,"column":54}},"227":{"start":{"line":431,"column":40},"end":{"line":431,"column":54}},"228":{"start":{"line":437,"column":24},"end":{"line":447,"column":27}},"229":{"start":{"line":438,"column":28},"end":{"line":444,"column":29}},"230":{"start":{"line":439,"column":32},"end":{"line":439,"column":47}},"231":{"start":{"line":441,"column":32},"end":{"line":441,"column":83}},"232":{"start":{"line":442,"column":32},"end":{"line":442,"column":69}},"233":{"start":{"line":443,"column":32},"end":{"line":443,"column":51}},"234":{"start":{"line":445,"column":28},"end":{"line":445,"column":42}},"235":{"start":{"line":446,"column":28},"end":{"line":446,"column":42}},"236":{"start":{"line":450,"column":20},"end":{"line":450,"column":35}},"237":{"start":{"line":451,"column":20},"end":{"line":451,"column":34}},"238":{"start":{"line":452,"column":20},"end":{"line":452,"column":34}},"239":{"start":{"line":456,"column":12},"end":{"line":456,"column":27}},"240":{"start":{"line":457,"column":12},"end":{"line":457,"column":26}},"241":{"start":{"line":458,"column":12},"end":{"line":458,"column":26}},"242":{"start":{"line":463,"column":0},"end":{"line":487,"column":2}},"243":{"start":{"line":464,"column":4},"end":{"line":467,"column":6}},"244":{"start":{"line":468,"column":4},"end":{"line":486,"column":7}},"245":{"start":{"line":469,"column":8},"end":{"line":485,"column":9}},"246":{"start":{"line":470,"column":12},"end":{"line":479,"column":15}},"247":{"start":{"line":471,"column":16},"end":{"line":478,"column":17}},"248":{"start":{"line":472,"column":20},"end":{"line":474,"column":23}},"249":{"start":{"line":473,"column":24},"end":{"line":473,"column":40}},"250":{"start":{"line":476,"column":20},"end":{"line":476,"column":34}},"251":{"start":{"line":477,"column":20},"end":{"line":477,"column":34}},"252":{"start":{"line":481,"column":12},"end":{"line":483,"column":13}},"253":{"start":{"line":482,"column":16},"end":{"line":482,"column":30}},"254":{"start":{"line":484,"column":12},"end":{"line":484,"column":26}},"255":{"start":{"line":489,"column":0},"end":{"line":518,"column":2}},"256":{"start":{"line":490,"column":4},"end":{"line":517,"column":7}},"257":{"start":{"line":493,"column":8},"end":{"line":516,"column":9}},"258":{"start":{"line":494,"column":12},"end":{"line":511,"column":15}},"259":{"start":{"line":495,"column":16},"end":{"line":510,"column":17}},"260":{"start":{"line":496,"column":20},"end":{"line":505,"column":23}},"261":{"start":{"line":498,"column":24},"end":{"line":502,"column":25}},"262":{"start":{"line":499,"column":28},"end":{"line":499,"column":43}},"263":{"start":{"line":501,"column":28},"end":{"line":501,"column":47}},"264":{"start":{"line":503,"column":24},"end":{"line":503,"column":38}},"265":{"start":{"line":504,"column":24},"end":{"line":504,"column":38}},"266":{"start":{"line":507,"column":20},"end":{"line":507,"column":35}},"267":{"start":{"line":508,"column":20},"end":{"line":508,"column":34}},"268":{"start":{"line":509,"column":20},"end":{"line":509,"column":34}},"269":{"start":{"line":513,"column":12},"end":{"line":513,"column":27}},"270":{"start":{"line":514,"column":12},"end":{"line":514,"column":26}},"271":{"start":{"line":515,"column":12},"end":{"line":515,"column":26}},"272":{"start":{"line":520,"column":0},"end":{"line":522,"column":2}},"273":{"start":{"line":521,"column":4},"end":{"line":521,"column":80}},"274":{"start":{"line":524,"column":0},"end":{"line":526,"column":2}},"275":{"start":{"line":525,"column":4},"end":{"line":525,"column":74}},"276":{"start":{"line":528,"column":0},"end":{"line":530,"column":2}},"277":{"start":{"line":529,"column":4},"end":{"line":529,"column":94}},"278":{"start":{"line":532,"column":0},"end":{"line":534,"column":2}},"279":{"start":{"line":533,"column":4},"end":{"line":533,"column":77}},"280":{"start":{"line":536,"column":0},"end":{"line":639,"column":2}},"281":{"start":{"line":537,"column":4},"end":{"line":540,"column":6}},"282":{"start":{"line":542,"column":4},"end":{"line":638,"column":7}},"283":{"start":{"line":543,"column":8},"end":{"line":637,"column":9}},"284":{"start":{"line":544,"column":12},"end":{"line":630,"column":15}},"285":{"start":{"line":545,"column":16},"end":{"line":629,"column":17}},"286":{"start":{"line":547,"column":20},"end":{"line":547,"column":39}},"287":{"start":{"line":548,"column":20},"end":{"line":624,"column":23}},"288":{"start":{"line":550,"column":24},"end":{"line":623,"column":25}},"289":{"start":{"line":551,"column":28},"end":{"line":618,"column":31}},"290":{"start":{"line":552,"column":32},"end":{"line":554,"column":33}},"291":{"start":{"line":553,"column":36},"end":{"line":553,"column":83}},"292":{"start":{"line":555,"column":32},"end":{"line":617,"column":35}},"293":{"start":{"line":556,"column":36},"end":{"line":616,"column":37}},"294":{"start":{"line":557,"column":40},"end":{"line":611,"column":43}},"295":{"start":{"line":559,"column":44},"end":{"line":610,"column":45}},"296":{"start":{"line":560,"column":48},"end":{"line":605,"column":51}},"297":{"start":{"line":561,"column":52},"end":{"line":604,"column":53}},"298":{"start":{"line":562,"column":56},"end":{"line":599,"column":59}},"299":{"start":{"line":564,"column":60},"end":{"line":598,"column":61}},"300":{"start":{"line":565,"column":64},"end":{"line":593,"column":65}},"301":{"start":{"line":566,"column":68},"end":{"line":582,"column":71}},"302":{"start":{"line":567,"column":72},"end":{"line":581,"column":73}},"303":{"start":{"line":568,"column":76},"end":{"line":576,"column":79}},"304":{"start":{"line":569,"column":80},"end":{"line":573,"column":81}},"305":{"start":{"line":570,"column":84},"end":{"line":570,"column":99}},"306":{"start":{"line":572,"column":84},"end":{"line":572,"column":103}},"307":{"start":{"line":574,"column":80},"end":{"line":574,"column":94}},"308":{"start":{"line":575,"column":80},"end":{"line":575,"column":94}},"309":{"start":{"line":578,"column":76},"end":{"line":578,"column":91}},"310":{"start":{"line":579,"column":76},"end":{"line":579,"column":90}},"311":{"start":{"line":580,"column":76},"end":{"line":580,"column":90}},"312":{"start":{"line":584,"column":68},"end":{"line":592,"column":71}},"313":{"start":{"line":585,"column":72},"end":{"line":589,"column":73}},"314":{"start":{"line":586,"column":76},"end":{"line":586,"column":91}},"315":{"start":{"line":588,"column":76},"end":{"line":588,"column":95}},"316":{"start":{"line":590,"column":72},"end":{"line":590,"column":86}},"317":{"start":{"line":591,"column":72},"end":{"line":591,"column":86}},"318":{"start":{"line":595,"column":64},"end":{"line":595,"column":79}},"319":{"start":{"line":596,"column":64},"end":{"line":596,"column":78}},"320":{"start":{"line":597,"column":64},"end":{"line":597,"column":78}},"321":{"start":{"line":601,"column":56},"end":{"line":601,"column":71}},"322":{"start":{"line":602,"column":56},"end":{"line":602,"column":70}},"323":{"start":{"line":603,"column":56},"end":{"line":603,"column":70}},"324":{"start":{"line":607,"column":48},"end":{"line":607,"column":63}},"325":{"start":{"line":608,"column":48},"end":{"line":608,"column":62}},"326":{"start":{"line":609,"column":48},"end":{"line":609,"column":62}},"327":{"start":{"line":613,"column":40},"end":{"line":613,"column":55}},"328":{"start":{"line":614,"column":40},"end":{"line":614,"column":54}},"329":{"start":{"line":615,"column":40},"end":{"line":615,"column":54}},"330":{"start":{"line":620,"column":28},"end":{"line":620,"column":43}},"331":{"start":{"line":621,"column":28},"end":{"line":621,"column":42}},"332":{"start":{"line":622,"column":28},"end":{"line":622,"column":42}},"333":{"start":{"line":626,"column":20},"end":{"line":626,"column":64}},"334":{"start":{"line":627,"column":20},"end":{"line":627,"column":34}},"335":{"start":{"line":628,"column":20},"end":{"line":628,"column":34}},"336":{"start":{"line":632,"column":12},"end":{"line":632,"column":56}},"337":{"start":{"line":633,"column":12},"end":{"line":635,"column":13}},"338":{"start":{"line":634,"column":16},"end":{"line":634,"column":30}},"339":{"start":{"line":636,"column":12},"end":{"line":636,"column":26}},"340":{"start":{"line":643,"column":0},"end":{"line":645,"column":2}},"341":{"start":{"line":644,"column":4},"end":{"line":644,"column":84}},"342":{"start":{"line":647,"column":0},"end":{"line":649,"column":2}},"343":{"start":{"line":648,"column":4},"end":{"line":648,"column":95}},"344":{"start":{"line":651,"column":0},"end":{"line":653,"column":2}},"345":{"start":{"line":652,"column":4},"end":{"line":652,"column":85}},"346":{"start":{"line":655,"column":0},"end":{"line":657,"column":2}},"347":{"start":{"line":656,"column":4},"end":{"line":656,"column":104}},"348":{"start":{"line":661,"column":0},"end":{"line":663,"column":2}},"349":{"start":{"line":662,"column":4},"end":{"line":662,"column":70}},"350":{"start":{"line":665,"column":0},"end":{"line":667,"column":2}},"351":{"start":{"line":666,"column":4},"end":{"line":666,"column":72}},"352":{"start":{"line":669,"column":0},"end":{"line":671,"column":2}},"353":{"start":{"line":670,"column":4},"end":{"line":670,"column":71}},"354":{"start":{"line":676,"column":0},"end":{"line":753,"column":2}},"355":{"start":{"line":677,"column":4},"end":{"line":681,"column":6}},"356":{"start":{"line":682,"column":4},"end":{"line":752,"column":7}},"357":{"start":{"line":683,"column":8},"end":{"line":751,"column":9}},"358":{"start":{"line":684,"column":12},"end":{"line":745,"column":15}},"359":{"start":{"line":685,"column":16},"end":{"line":744,"column":17}},"360":{"start":{"line":686,"column":20},"end":{"line":740,"column":23}},"361":{"start":{"line":687,"column":24},"end":{"line":739,"column":25}},"362":{"start":{"line":688,"column":28},"end":{"line":688,"column":55}},"363":{"start":{"line":689,"column":28},"end":{"line":689,"column":68}},"364":{"start":{"line":690,"column":28},"end":{"line":734,"column":31}},"365":{"start":{"line":691,"column":32},"end":{"line":733,"column":33}},"366":{"start":{"line":693,"column":36},"end":{"line":728,"column":37}},"367":{"start":{"line":694,"column":40},"end":{"line":694,"column":57}},"368":{"start":{"line":695,"column":40},"end":{"line":723,"column":41}},"369":{"start":{"line":696,"column":44},"end":{"line":699,"column":46}},"370":{"start":{"line":700,"column":44},"end":{"line":722,"column":47}},"371":{"start":{"line":701,"column":48},"end":{"line":707,"column":49}},"372":{"start":{"line":702,"column":52},"end":{"line":702,"column":63}},"373":{"start":{"line":704,"column":52},"end":{"line":704,"column":67}},"374":{"start":{"line":705,"column":52},"end":{"line":705,"column":66}},"375":{"start":{"line":706,"column":52},"end":{"line":706,"column":66}},"376":{"start":{"line":709,"column":48},"end":{"line":721,"column":49}},"377":{"start":{"line":710,"column":52},"end":{"line":720,"column":55}},"378":{"start":{"line":712,"column":56},"end":{"line":717,"column":57}},"379":{"start":{"line":713,"column":60},"end":{"line":713,"column":75}},"380":{"start":{"line":715,"column":60},"end":{"line":715,"column":82}},"381":{"start":{"line":716,"column":60},"end":{"line":716,"column":79}},"382":{"start":{"line":718,"column":56},"end":{"line":718,"column":70}},"383":{"start":{"line":719,"column":56},"end":{"line":719,"column":70}},"384":{"start":{"line":725,"column":40},"end":{"line":725,"column":55}},"385":{"start":{"line":726,"column":40},"end":{"line":726,"column":54}},"386":{"start":{"line":727,"column":40},"end":{"line":727,"column":54}},"387":{"start":{"line":730,"column":36},"end":{"line":730,"column":51}},"388":{"start":{"line":731,"column":36},"end":{"line":731,"column":50}},"389":{"start":{"line":732,"column":36},"end":{"line":732,"column":50}},"390":{"start":{"line":736,"column":28},"end":{"line":736,"column":43}},"391":{"start":{"line":737,"column":28},"end":{"line":737,"column":42}},"392":{"start":{"line":738,"column":28},"end":{"line":738,"column":42}},"393":{"start":{"line":742,"column":20},"end":{"line":742,"column":34}},"394":{"start":{"line":743,"column":20},"end":{"line":743,"column":34}},"395":{"start":{"line":747,"column":12},"end":{"line":749,"column":13}},"396":{"start":{"line":748,"column":16},"end":{"line":748,"column":30}},"397":{"start":{"line":750,"column":12},"end":{"line":750,"column":26}},"398":{"start":{"line":755,"column":0},"end":{"line":757,"column":2}},"399":{"start":{"line":756,"column":4},"end":{"line":756,"column":72}},"400":{"start":{"line":759,"column":0},"end":{"line":761,"column":2}},"401":{"start":{"line":760,"column":4},"end":{"line":760,"column":86}},"402":{"start":{"line":763,"column":0},"end":{"line":825,"column":2}},"403":{"start":{"line":764,"column":4},"end":{"line":767,"column":6}},"404":{"start":{"line":768,"column":4},"end":{"line":824,"column":7}},"405":{"start":{"line":769,"column":8},"end":{"line":823,"column":9}},"406":{"start":{"line":770,"column":12},"end":{"line":817,"column":15}},"407":{"start":{"line":771,"column":16},"end":{"line":816,"column":17}},"408":{"start":{"line":772,"column":20},"end":{"line":812,"column":23}},"409":{"start":{"line":773,"column":24},"end":{"line":811,"column":25}},"410":{"start":{"line":774,"column":28},"end":{"line":806,"column":31}},"411":{"start":{"line":775,"column":32},"end":{"line":805,"column":33}},"412":{"start":{"line":776,"column":36},"end":{"line":800,"column":39}},"413":{"start":{"line":777,"column":40},"end":{"line":799,"column":41}},"414":{"start":{"line":778,"column":44},"end":{"line":794,"column":47}},"415":{"start":{"line":779,"column":48},"end":{"line":793,"column":49}},"416":{"start":{"line":780,"column":52},"end":{"line":788,"column":55}},"417":{"start":{"line":781,"column":56},"end":{"line":785,"column":57}},"418":{"start":{"line":782,"column":60},"end":{"line":782,"column":75}},"419":{"start":{"line":784,"column":60},"end":{"line":784,"column":79}},"420":{"start":{"line":786,"column":56},"end":{"line":786,"column":70}},"421":{"start":{"line":787,"column":56},"end":{"line":787,"column":70}},"422":{"start":{"line":790,"column":52},"end":{"line":790,"column":67}},"423":{"start":{"line":791,"column":52},"end":{"line":791,"column":66}},"424":{"start":{"line":792,"column":52},"end":{"line":792,"column":66}},"425":{"start":{"line":796,"column":44},"end":{"line":796,"column":59}},"426":{"start":{"line":797,"column":44},"end":{"line":797,"column":58}},"427":{"start":{"line":798,"column":44},"end":{"line":798,"column":58}},"428":{"start":{"line":802,"column":36},"end":{"line":802,"column":51}},"429":{"start":{"line":803,"column":36},"end":{"line":803,"column":50}},"430":{"start":{"line":804,"column":36},"end":{"line":804,"column":50}},"431":{"start":{"line":808,"column":28},"end":{"line":808,"column":43}},"432":{"start":{"line":809,"column":28},"end":{"line":809,"column":42}},"433":{"start":{"line":810,"column":28},"end":{"line":810,"column":42}},"434":{"start":{"line":814,"column":20},"end":{"line":814,"column":34}},"435":{"start":{"line":815,"column":20},"end":{"line":815,"column":34}},"436":{"start":{"line":819,"column":12},"end":{"line":821,"column":13}},"437":{"start":{"line":820,"column":16},"end":{"line":820,"column":30}},"438":{"start":{"line":822,"column":12},"end":{"line":822,"column":26}},"439":{"start":{"line":830,"column":0},"end":{"line":832,"column":2}},"440":{"start":{"line":831,"column":4},"end":{"line":831,"column":76}},"441":{"start":{"line":834,"column":0},"end":{"line":836,"column":2}},"442":{"start":{"line":835,"column":4},"end":{"line":835,"column":85}},"443":{"start":{"line":838,"column":0},"end":{"line":840,"column":2}},"444":{"start":{"line":839,"column":4},"end":{"line":839,"column":77}},"445":{"start":{"line":847,"column":0},"end":{"line":884,"column":2}},"446":{"start":{"line":848,"column":4},"end":{"line":852,"column":6}},"447":{"start":{"line":853,"column":4},"end":{"line":883,"column":7}},"448":{"start":{"line":854,"column":8},"end":{"line":882,"column":9}},"449":{"start":{"line":855,"column":12},"end":{"line":879,"column":15}},"450":{"start":{"line":856,"column":16},"end":{"line":878,"column":17}},"451":{"start":{"line":857,"column":20},"end":{"line":875,"column":21}},"452":{"start":{"line":858,"column":24},"end":{"line":870,"column":27}},"453":{"start":{"line":859,"column":28},"end":{"line":869,"column":29}},"454":{"start":{"line":860,"column":32},"end":{"line":860,"column":67}},"455":{"start":{"line":861,"column":32},"end":{"line":861,"column":79}},"456":{"start":{"line":862,"column":32},"end":{"line":864,"column":35}},"457":{"start":{"line":863,"column":36},"end":{"line":863,"column":52}},"458":{"start":{"line":866,"column":32},"end":{"line":866,"column":47}},"459":{"start":{"line":867,"column":32},"end":{"line":867,"column":46}},"460":{"start":{"line":868,"column":32},"end":{"line":868,"column":46}},"461":{"start":{"line":872,"column":24},"end":{"line":874,"column":27}},"462":{"start":{"line":873,"column":28},"end":{"line":873,"column":44}},"463":{"start":{"line":877,"column":20},"end":{"line":877,"column":34}},"464":{"start":{"line":881,"co
[...]
ne":9,"column":40}},"8":{"start":{"line":10,"column":4},"end":{"line":10,"column":32}},"9":{"start":{"line":12,"column":4},"end":{"line":12,"column":47}},"10":{"start":{"line":13,"column":4},"end":{"line":13,"column":42}},"11":{"start":{"line":14,"column":4},"end":{"line":14,"column":17}},"12":{"start":{"line":15,"column":4},"end":{"line":23,"column":5}},"13":{"start":{"line":16,"column":8},"end":{"line":20,"column":9}},"14":{"start":{"line":17,"column":12},"end":{"line":17,"column":45}},"15":{"start":{"line":19,"column":12},"end":{"line":19,"column":35}},"16":{"start":{"line":22,"column":8},"end":{"line":22,"column":31}},"17":{"start":{"line":24,"column":4},"end":{"line":24,"column":45}},"18":{"start":{"line":25,"column":4},"end":{"line":25,"column":32}},"19":{"start":{"line":26,"column":4},"end":{"line":26,"column":32}},"20":{"start":{"line":27,"column":4},"end":{"line":33,"column":6}},"21":{"start":{"line":34,"column":4},"end":{"line":108,"column":5}},"22":{"start":{"line":35,"column":8},"end":{"line":35,"column":50}},"23":{"start":{"line":36,"column":8},"end":{"line":36,"column":31}},"24":{"start":{"line":39,"column":8},"end":{"line":107,"column":9}},"25":{"start":{"line":41,"column":12},"end":{"line":45,"column":14}},"26":{"start":{"line":46,"column":12},"end":{"line":69,"column":15}},"27":{"start":{"line":47,"column":16},"end":{"line":68,"column":17}},"28":{"start":{"line":49,"column":20},"end":{"line":54,"column":22}},"29":{"start":{"line":55,"column":20},"end":{"line":64,"column":23}},"30":{"start":{"line":57,"column":24},"end":{"line":63,"column":25}},"31":{"start":{"line":58,"column":28},"end":{"line":58,"column":113}},"32":{"start":{"line":60,"column":28},"end":{"line":60,"column":45}},"33":{"start":{"line":62,"column":28},"end":{"line":62,"column":78}},"34":{"start":{"line":66,"column":20},"end":{"line":66,"column":62}},"35":{"start":{"line":67,"column":20},"end":{"line":67,"column":50}},"36":{"start":{"line":70,"column":15},"end":{"line":107,"column":9}},"37":{"start":{"line":72,"column":12},"end":{"line":76,"column":14}},"38":{"start":{"line":77,"column":12},"end":{"line":100,"column":15}},"39":{"start":{"line":78,"column":16},"end":{"line":99,"column":17}},"40":{"start":{"line":80,"column":20},"end":{"line":85,"column":22}},"41":{"start":{"line":86,"column":20},"end":{"line":95,"column":23}},"42":{"start":{"line":88,"column":24},"end":{"line":94,"column":25}},"43":{"start":{"line":89,"column":28},"end":{"line":89,"column":127}},"44":{"start":{"line":91,"column":28},"end":{"line":91,"column":45}},"45":{"start":{"line":93,"column":28},"end":{"line":93,"column":78}},"46":{"start":{"line":97,"column":20},"end":{"line":97,"column":62}},"47":{"start":{"line":98,"column":20},"end":{"line":98,"column":50}},"48":{"start":{"line":101,"column":15},"end":{"line":107,"column":9}},"49":{"start":{"line":103,"column":12},"end":{"line":103,"column":60}},"50":{"start":{"line":106,"column":12},"end":{"line":106,"column":60}},"51":{"start":{"line":111,"column":0},"end":{"line":154,"column":2}},"52":{"start":{"line":112,"column":4},"end":{"line":114,"column":6}},"53":{"start":{"line":115,"column":4},"end":{"line":115,"column":50}},"54":{"start":{"line":116,"column":4},"end":{"line":151,"column":5}},"55":{"start":{"line":117,"column":8},"end":{"line":117,"column":61}},"56":{"start":{"line":119,"column":9},"end":{"line":151,"column":5}},"57":{"start":{"line":120,"column":8},"end":{"line":123,"column":10}},"58":{"start":{"line":124,"column":8},"end":{"line":133,"column":11}},"59":{"start":{"line":125,"column":12},"end":{"line":132,"column":13}},"60":{"start":{"line":126,"column":16},"end":{"line":126,"column":55}},"61":{"start":{"line":127,"column":16},"end":{"line":127,"column":49}},"62":{"start":{"line":128,"column":16},"end":{"line":128,"column":51}},"63":{"start":{"line":129,"column":16},"end":{"line":129,"column":51}},"64":{"start":{"line":131,"column":16},"end":{"line":131,"column":74}},"65":{"start":{"line":134,"column":10},"end":{"line":151,"column":5}},"66":{"start":{"line":135,"column":8},"end":{"line":138,"column":10}},"67":{"start":{"line":139,"column":8},"end":{"line":148,"column":11}},"68":{"start":{"line":140,"column":12},"end":{"line":147,"column":13}},"69":{"start":{"line":141,"column":16},"end":{"line":141,"column":55}},"70":{"start":{"line":142,"column":16},"end":{"line":142,"column":49}},"71":{"start":{"line":143,"column":16},"end":{"line":143,"column":51}},"72":{"start":{"line":144,"column":16},"end":{"line":144,"column":51}},"73":{"start":{"line":146,"column":16},"end":{"line":146,"column":74}},"74":{"start":{"line":150,"column":9},"end":{"line":150,"column":67}},"75":{"start":{"line":156,"column":0},"end":{"line":200,"column":2}},"76":{"start":{"line":157,"column":4},"end":{"line":157,"column":40}},"77":{"start":{"line":159,"column":4},"end":{"line":159,"column":50}},"78":{"start":{"line":160,"column":4},"end":{"line":160,"column":42}},"79":{"start":{"line":161,"column":4},"end":{"line":161,"column":32}},"80":{"start":{"line":162,"column":4},"end":{"line":199,"column":5}},"81":{"start":{"line":163,"column":8},"end":{"line":168,"column":10}},"82":{"start":{"line":170,"column":8},"end":{"line":178,"column":11}},"83":{"start":{"line":172,"column":12},"end":{"line":177,"column":13}},"84":{"start":{"line":173,"column":16},"end":{"line":173,"column":116}},"85":{"start":{"line":174,"column":16},"end":{"line":174,"column":33}},"86":{"start":{"line":176,"column":16},"end":{"line":176,"column":64}},"87":{"start":{"line":179,"column":10},"end":{"line":199,"column":5}},"88":{"start":{"line":180,"column":9},"end":{"line":185,"column":10}},"89":{"start":{"line":187,"column":8},"end":{"line":196,"column":11}},"90":{"start":{"line":189,"column":12},"end":{"line":195,"column":13}},"91":{"start":{"line":191,"column":16},"end":{"line":191,"column":129}},"92":{"start":{"line":192,"column":16},"end":{"line":192,"column":33}},"93":{"start":{"line":194,"column":16},"end":{"line":194,"column":64}},"94":{"start":{"line":198,"column":8},"end":{"line":198,"column":102}},"95":{"start":{"line":203,"column":0},"end":{"line":206,"column":2}},"96":{"start":{"line":204,"column":4},"end":{"line":204,"column":32}},"97":{"start":{"line":205,"column":4},"end":{"line":205,"column":45}}},"branchMap":{"1":{"line":15,"type":"if","locations":[{"start":{"line":15,"column":4},"end":{"line":15,"column":4}},{"start":{"line":15,"column":4},"end":{"line":15,"column":4}}]},"2":{"line":34,"type":"if","locations":[{"start":{"line":34,"column":4},"end":{"line":34,"column":4}},{"start":{"line":34,"column":4},"end":{"line":34,"column":4}}]},"3":{"line":34,"type":"binary-expr","locations":[{"start":{"line":34,"column":8},"end":{"line":34,"column":17}},{"start":{"line":34,"column":21},"end":{"line":34,"column":26}}]},"4":{"line":39,"type":"if","locations":[{"start":{"line":39,"column":8},"end":{"line":39,"column":8}},{"start":{"line":39,"column":8},"end":{"line":39,"column":8}}]},"5":{"line":47,"type":"if","locations":[{"start":{"line":47,"column":16},"end":{"line":47,"column":16}},{"start":{"line":47,"column":16},"end":{"line":47,"column":16}}]},"6":{"line":47,"type":"binary-expr","locations":[{"start":{"line":47,"column":20},"end":{"line":47,"column":26}},{"start":{"line":47,"column":30},"end":{"line":47,"column":47}}]},"7":{"line":57,"type":"if","locations":[{"start":{"line":57,"column":24},"end":{"line":57,"column":24}},{"start":{"line":57,"column":24},"end":{"line":57,"column":24}}]},"8":{"line":57,"type":"binary-expr","locations":[{"start":{"line":57,"column":28},"end":{"line":57,"column":42}},{"start":{"line":57,"column":46},"end":{"line":57,"column":70}},{"start":{"line":57,"column":74},"end":{"line":57,"column":103}}]},"9":{"line":70,"type":"if","locations":[{"start":{"line":70,"column":15},"end":{"line":70,"column":15}},{"start":{"line":70,"column":15},"end":{"line":70,"column":15}}]},"10":{"line":78,"type":"if","locations":[{"start":{"line":78,"column":16},"end":{"line":78,"column":16}},{"start":{"line":78,"column":16},"end":{"line":78,"column":16}}]},"11":{"line":78,"type":"binary-expr","locations":[{"start":{"line":78,"column":20},"end":{"line":78,"column":26}},{"start":{"line":78,"column":30},"end":{"line":78,"column":47}}]},"12":{"line":88,"type":"if","locations":[{"start":{"line":88,"column":24},"end":{"line":88,"column":24}},{"start":{"line":88,"column":24},"end":{"line":88,"column":24}}]},"13":{"line":88,"type":"binary-expr","locations":[{"start":{"line":88,"column":28},"end":{"line":88,"column":42}},{"start":{"line":88,"column":46},"end":{"line":88,"column":58}}]},"14":{"line":101,"type":"if","locations":[{"start":{"line":101,"column":15},"end":{"line":101,"column":15}},{"start":{"line":101,"column":15},"end":{"line":101,"column":15}}]},"15":{"line":116,"type":"if","locations":[{"start":{"line":116,"column":4},"end":{"line":116,"column":4}},{"start":{"line":116,"column":4},"end":{"line":116,"column":4}}]},"16":{"line":119,"type":"if","locations":[{"start":{"line":119,"column":9},"end":{"line":119,"column":9}},{"start":{"line":119,"column":9},"end":{"line":119,"column":9}}]},"17":{"line":125,"type":"if","locations":[{"start":{"line":125,"column":12},"end":{"line":125,"column":12}},{"start":{"line":125,"column":12},"end":{"line":125,"column":12}}]},"18":{"line":134,"type":"if","locations":[{"start":{"line":134,"column":10},"end":{"line":134,"column":10}},{"start":{"line":134,"column":10},"end":{"line":134,"column":10}}]},"19":{"line":140,"type":"if","locations":[{"start":{"line":140,"column":12},"end":{"line":140,"column":12}},{"start":{"line":140,"column":12},"end":{"line":140,"column":12}}]},"20":{"line":162,"type":"if","locations":[{"start":{"line":162,"column":4},"end":{"line":162,"column":4}},{"start":{"line":162,"column":4},"end":{"line":162,"column":4}}]},"21":{"line":162,"type":"binary-expr","locations":[{"start":{"line":162,"column":8},"end":{"line":162,"column":28}},{"start":{"line":162,"column":32},"end":{"line":162,"column":69}}]},"22":{"line":172,"type":"if","locations":[{"start":{"line":172,"column":12},"end":{"line":172,"column":12}},{"start":{"line":172,"column":12},"end":{"line":172,"column":12}}]},"23":{"line":172,"type":"binary-expr","locations":[{"start":{"line":172,"column":16},"end":{"line":172,"column":30}},{"start":{"line":172,"column":34},"end":{"line":172,"column":58}},{"start":{"line":172,"column":62},"end":{"line":172,"column":91}}]},"24":{"line":179,"type":"if","locations":[{"start":{"line":179,"column":10},"end":{"line":179,"column":10}},{"start":{"line":179,"column":10},"end":{"line":179,"column":10}}]},"25":{"line":179,"type":"binary-expr","locations":[{"start":{"line":179,"column":13},"end":{"line":179,"column":33}},{"start":{"line":179,"column":37},"end":{"line":179,"column":75}}]},"26":{"line":189,"type":"if","locations":[{"start":{"line":189,"column":12},"end":{"line":189,"column":12}},{"start":{"line":189,"column":12},"end":{"line":189,"column":12}}]},"27":{"line":189,"type":"binary-expr","locations":[{"start":{"line":189,"column":16},"end":{"line":189,"column":30}},{"start":{"line":189,"column":34},"end":{"line":189,"column":46}}]}}},"/home/ken/NetBeansProjects/Oauth2Server/webControllers/loginController.js":{"path":"/home/ken/NetBeansProjects/Oauth2Server/webControllers/loginController.js","s":{"1":1,"2":1,"3":1,"4":1,"5":1,"6":1,"7":1,"8":1,"9":1,"10":1,"11":1,"12":0,"13":0,"14":0,"15":0,"16":0,"17":1},"b":{"1":[0,1],"2":[0,0],"3":[0,0,0,0]},"f":{"1":1,"2":1,"3":1},"fnMap":{"1":{"name":"(anonymous_1)","line":3,"loc":{"start":{"line":3,"column":16},"end":{"line":3,"column":36}}},"2":{"name":"(anonymous_2)","line":11,"loc":{"start":{"line":11,"column":20},"end":{"line":11,"column":40}}},"3":{"name":"(anonymous_3)","line":20,"loc":{"start":{"line":20,"column":29},"end":{"line":20,"column":47}}}},"statementMap":{"1":{"start":{"line":1,"column":0},"end":{"line":1,"column":48}},"2":{"start":{"line":3,"column":0},"end":{"line":9,"column":2}},"3":{"start":{"line":4,"column":4},"end":{"line":4,"column":36}},"4":{"start":{"line":5,"column":4},"end":{"line":7,"column":6}},"5":{"start":{"line":8,"column":4},"end":{"line":8,"column":32}},"6":{"start":{"line":11,"column":0},"end":{"line":38,"column":2}},"7":{"start":{"line":12,"column":4},"end":{"line":12,"column":27}},"8":{"start":{"line":13,"column":4},"end":{"line":13,"column":50}},"9":{"start":{"line":14,"column":4},"end":{"line":14,"column":46}},"10":{"start":{"line":20,"column":4},"end":{"line":36,"column":7}},"11":{"start":{"line":21,"column":8},"end":{"line":34,"column":9}},"12":{"start":{"line":22,"column":12},"end":{"line":22,"column":40}},"13":{"start":{"line":23,"column":12},"end":{"line":23,"column":48}},"14":{"start":{"line":27,"column":12},"end":{"line":31,"column":13}},"15":{"start":{"line":28,"column":16},"end":{"line":28,"column":249}},"16":{"start":{"line":30,"column":16},"end":{"line":30,"column":39}},"17":{"start":{"line":33,"column":12},"end":{"line":33,"column":35}}},"branchMap":{"1":{"line":21,"type":"if","locations":[{"start":{"line":21,"column":8},"end":{"line":21,"column":8}},{"start":{"line":21,"column":8},"end":{"line":21,"column":8}}]},"2":{"line":27,"type":"if","locations":[{"start":{"line":27,"column":12},"end":{"line":27,"column":12}},{"start":{"line":27,"column":12},"end":{"line":27,"column":12}}]},"3":{"line":27,"type":"binary-expr","locations":[{"start":{"line":27,"column":16},"end":{"line":27,"column":36}},{"start":{"line":27,"column":40},"end":{"line":27,"column":53}},{"start":{"line":27,"column":58},"end":{"line":27,"column":95}},{"start":{"line":27,"column":99},"end":{"line":27,"column":137}}]}}},"/home/ken/NetBeansProjects/Oauth2Server/webControllers/tokenController.js":{"path":"/home/ken/NetBeansProjects/Oauth2Server/webControllers/tokenController.js","s":{"1":1,"2":1,"3":1,"4":1,"5":5,"6":5,"7":2,"8":2,"9":2,"10":2,"11":2,"12":2,"13":2,"14":2,"15":1,"16":1,"17":3,"18":0,"19":3,"20":1,"21":1,"22":1,"23":1,"24":1,"25":1,"26":0,"27":1,"28":2,"29":2,"30":2,"31":2,"32":2,"33":2,"34":2,"35":2,"36":1,"37":1,"38":0,"39":0,"40":0,"41":1,"42":2,"43":1,"44":5,"45":5,"46":5,"47":5,"48":0,"49":0,"50":5},"b":{"1":[2,3],"2":[1,1],"3":[0,3],"4":[1,2],"5":[0,1],"6":[2,0],"7":[1,1],"8":[0,0],"9":[5,0]},"f":{"1":1,"2":5,"3":2,"4":1,"5":2,"6":2,"7":5},"fnMap":{"1":{"name":"(anonymous_1)","line":2,"loc":{"start":{"line":2,"column":15},"end":{"line":2,"column":29}}},"2":{"name":"(anonymous_2)","line":5,"loc":{"start":{"line":5,"column":16},"end":{"line":5,"column":36}}},"3":{"name":"(anonymous_3)","line":21,"loc":{"start":{"line":21,"column":45},"end":{"line":21,"column":68}}},"4":{"name":"(anonymous_4)","line":41,"loc":{"start":{"line":41,"column":59},"end":{"line":41,"column":82}}},"5":{"name":"(anonymous_5)","line":58,"loc":{"start":{"line":58,"column":34},"end":{"line":58,"column":60}}},"6":{"name":"(anonymous_6)","line":75,"loc":{"start":{"line":75,"column":19},"end":{"line":75,"column":45}}},"7":{"name":"(anonymous_7)","line":79,"loc":{"start":{"line":79,"column":18},"end":{"line":79,"column":41}}}},"statementMap":{"1":{"start":{"line":1,"column":0},"end":{"line":1,"column":55}},"2":{"start":{"line":2,"column":0},"end":{"line":4,"column":2}},"3":{"start":{"line":3,"column":4},"end":{"line":3,"column":26}},"4":{"start":{"line":5,"column":0},"end":{"line":73,"column":2}},"5":{"start":{"line":6,"column":4},"end":{"line":6,"column":41}},"6":{"start":{"line":8,"column":4},"end":{"line":71,"column":5}},"7":{"start":{"line":9,"column":8},"end":{"line":9,"column":46}},"8":{"start":{"line":10,"column":8},"end":{"line":10,"column":45}},"9":{"start":{"line":11,"column":8},"end":{"line":11,"column":34}},"10":{"start":{"line":12,"column":8},"end":{"line":12,"column":49}},"11":{"start":{"line":13,"column":8},"end":{"line":13,"column":48}},"12":{"start":{"line":15,"column":8},"end":{"line":20,"column":10}},"13":{"start":{"line":21,"column":8},"end":{"line":27,"column":11}},"14":{"start":{"line":22,"column":12},"end":{"line":26,"column":13}},"15":{"start":{"line":23,"column":16},"end":{"line":23,"column":50}},"16":{"start":{"line":25,"column":16},"end":{"line":25,"column":38}},"17":{"start":{"line":29,"column":11},"end":{"line":71,"column":5}},"18":{"start":{"line":31,"column":8},"end":{"line":31,"column":56}},"19":{"start":{"line":33,"column":11},"end":{"line":71,"column":5}},"20":{"start":{"line":34,"column":8},"end":{"line":34,"column":46}},"21":{"start":{"line":35,"column":8},"end":{"line":35,"column":48}},"22":{"start":{"line":36,"column":8},"end":{"line":36,"column":45}},"23":{"start":{"line":37,"column":8},"end":{"line":40,"column":10}},"24":{"start":{"line":41,"column":8},"end":{"line":47,"column":11}},"25":{"start":{"line":42,"column":12},"end":{"line":46,"column":13}},"26":{"start":{"line":43,"column":16},"end":{"line":43,"column":50}},"27":{"start":{"line":45,"column":16},"end":{"line":45,"column":38}},"28":{"start":{"line":48,"column":11},"end":{"line":71,"column":5}},"29":{"start":{"line":49,"column":8},"end":{"line":49,"column":46}},"30":{"start":{"line":50,"column":8},"end":{"line":50,"column":45}},"31":{"start":{"line":51,"column":8},"end":{"line":51,"column":47}},"32":{"start":{"line":52,"column":8},"end":{"line":52,"column":48}},"33":{"start":{"line":53,"column":8},"end":{"line":57,"column":10}},"34":{"start":{"line":58,"column":8},"end":{"line":64,"column":11}},"35":{"start":{"line":59,"column":12},"end":{"line":63,"column":13}},"36":{"start":{"line":60,"column":16},"end":{"line":60,"column":53}},"37":{"start":{"line":62,"column":16},"end":{"line":62,"column":41}},"38":{"start":{"line":65,"column":11},"end":{"line":71,"column":5}},"39":{"start":{"line":67,"column":8},"end":{"line":67,"column":56}},"40":{"start":{"line":70,"column":8},"end":{"line":70,"column":56}},"41":{"start":{"line":75,"column":0},"end":{"line":77,"column":2}},"42":{"start":{"line":76,"column":4},"end":{"line":76,"column":46}},"43":{"start":{"line":79,"column":0},"end":{"line":91,"column":2}},"44":{"start":{"line":80,"column":4},"end":{"line":80,"column":17}},"45":{"start":{"line":81,"column":4},"end":{"line":89,"column":5}},"46":{"start":{"line":82,"column":8},"end":{"line":86,"column":9}},"47":{"start":{"line":83,"column":12},"end":{"line":83,"column":45}},"48":{"start":{"line":85,"column":12},"end":{"line":85,"column":35}},"49":{"start":{"line":88,"column":8},"end":{"line":88,"column":31}},"50":{"start":{"line":90,"column":4},"end":{"line":90,"column":20}}},"branchMap":{"1":{"line":8,"type":"if","locations":[{"start":{"line":8,"column":4},"end":{"line":8,"column":4}},{"start":{"line":8,"column":4},"end":{"line":8,"column":4}}]},"2":{"line":22,"type":"if","locations":[{"start":{"line":22,"column":12},"end":{"line":22,"column":12}},{"start":{"line":22,"column":12},"end":{"line":22,"column":12}}]},"3":{"line":29,"type":"if","locations":[{"start":{"line":29,"column":11},"end":{"line":29,"column":11}},{"start":{"line":29,"column":11},"end":{"line":29,"column":11}}]},"4":{"line":33,"type":"if","locations":[{"start":{"line":33,"column":11},"end":{"line":33,"column":11}},{"start":{"line":33,"column":11},"end":{"line":33,"column":11}}]},"5":{"line":42,"type":"if","locations":[{"start":{"line":42,"column":12},"end":{"line":42,"column":12}},{"start":{"line":42,"column":12},"end":{"line":42,"column":12}}]},"6":{"line":48,"type":"if","locations":[{"start":{"line":48,"column":11},"end":{"line":48,"column":11}},{"start":{"line":48,"column":11},"end":{"line":48,"column":11}}]},"7":{"line":59,"type":"if","locations":[{"start":{"line":59,"column":12},"end":{"line":59,"column":12}},{"start":{"line":59,"column":12},"end":{"line":59,"column":12}}]},"8":{"line":65,"type":"if","locations":[{"start":{"line":65,"column":11},"end":{"line":65,"column":11}},{"start":{"line":65,"column":11},"end":{"line":65,"column":11}}]},"9":{"line":81,"type":"if","locations":[{"start":{"line":81,"column":4},"end":{"line":81,"column":4}},{"start":{"line":81,"column":4},"end":{"line":81,"column":4}}]}}}}