TN:
SF:/home/ken/NetBeansProjects/Oauth2Server/cors/cors.js
FN:4,(anonymous_1)
FNF:1
FNH:1
FNDA:2,(anonymous_1)
DA:1,1
DA:4,1
DA:5,2
DA:6,2
DA:7,2
DA:8,2
DA:9,2
DA:10,2
DA:11,2
DA:12,2
DA:17,2
DA:18,1
DA:21,1
DA:25,1
LF:14
LH:14
BRDA:9,1,0,2
BRDA:9,1,1,0
BRDA:9,2,0,2
BRDA:9,2,1,2
BRDA:17,3,0,1
BRDA:17,3,1,1
BRF:6
BRH:5
end_of_record
TN:
SF:/home/ken/NetBeansProjects/Oauth2Server/configuration.js
FNF:0
FNH:0
DA:22,1
DA:23,1
DA:26,1
DA:27,1
DA:28,1
DA:29,1
DA:30,1
DA:34,1
DA:35,1
DA:38,1
DA:39,1
DA:43,1
DA:44,1
DA:45,1
DA:46,1
DA:49,1
DA:60,1
DA:61,1
DA:62,1
DA:63,1
DA:66,1
DA:67,1
DA:68,1
DA:69,1
DA:70,1
DA:74,1
DA:75,1
DA:79,1
DA:80,1
DA:81,1
DA:82,1
DA:85,1
LF:32
LH:32
BRF:0
BRH:0
end_of_record
TN:
SF:/home/ken/NetBeansProjects/Oauth2Server/database/db.js
FN:24,(anonymous_1)
FN:38,(anonymous_2)
FN:43,(anonymous_3)
FN:47,(anonymous_4)
FN:51,(anonymous_5)
FN:55,(anonymous_6)
FN:60,(anonymous_7)
FN:64,(anonymous_8)
FN:71,(anonymous_9)
FN:75,(anonymous_10)
FN:79,(anonymous_11)
FN:84,(anonymous_12)
FN:88,(anonymous_13)
FN:92,(anonymous_14)
FN:98,(anonymous_15)
FN:102,(anonymous_16)
FN:106,(anonymous_17)
FN:110,(anonymous_18)
FN:114,(anonymous_19)
FN:121,(anonymous_20)
FN:125,(anonymous_21)
FN:129,(anonymous_22)
FN:135,(anonymous_23)
FN:139,(anonymous_24)
FN:143,(anonymous_25)
FN:149,(anonymous_26)
FN:153,(anonymous_27)
FN:157,(anonymous_28)
FN:161,(anonymous_29)
FN:167,(anonymous_30)
FN:171,(anonymous_31)
FN:175,(anonymous_32)
FN:179,(anonymous_33)
FN:185,(anonymous_34)
FN:189,(anonymous_35)
FN:193,(anonymous_36)
FN:197,(anonymous_37)
FN:203,(anonymous_38)
FN:208,(anonymous_39)
FN:212,(anonymous_40)
FN:216,(anonymous_41)
FN:220,(anonymous_42)
FN:224,(anonymous_43)
FN:228,(anonymous_44)
FN:234,(anonymous_45)
FN:238,(anonymous_46)
FN:242,(anonymous_47)
FN:246,(anonymous_48)
FN:252,(anonymous_49)
FN:256,(anonymous_50)
FN:260,(anonymous_51)
FN:266,(anonymous_52)
FN:270,(anonymous_53)
FN:274,(anonymous_54)
FN:279,(anonymous_55)
FN:285,(anonymous_56)
FN:289,(anonymous_57)
FN:293,(anonymous_58)
FN:300,(anonymous_59)
FN:304,(anonymous_60)
FN:308,(anonymous_61)
FN:314,(anonymous_62)
FN:318,(anonymous_63)
FN:322,(anonymous_64)
FN:330,(anonymous_65)
FN:335,(anonymous_66)
FN:340,(anonymous_67)
FN:345,(anonymous_68)
FN:351,(anonymous_69)
FN:355,(anonymous_70)
FN:359,(anonymous_71)
FNF:71
FNH:70
FNDA:0,(anonymous_1)
FNDA:49,(anonymous_2)
FNDA:38,(anonymous_3)
FNDA:7,(anonymous_4)
FNDA:94,(anonymous_5)
FNDA:3,(anonymous_6)
FNDA:2,(anonymous_7)
FNDA:38,(anonymous_8)
FNDA:18,(anonymous_9)
FNDA:4,(anonymous_10)
FNDA:3,(anonymous_11)
FNDA:3,(anonymous_12)
FNDA:2,(anonymous_13)
FNDA:18,(anonymous_14)
FNDA:13,(anonymous_15)
FNDA:11,(anonymous_16)
FNDA:49,(anonymous_17)
FNDA:3,(anonymous_18)
FNDA:10,(anonymous_19)
FNDA:18,(anonymous_20)
FNDA:3,(anonymous_21)
FNDA:18,(anonymous_22)
FNDA:1,(anonymous_23)
FNDA:1,(anonymous_24)
FNDA:1,(anonymous_25)
FNDA:14,(anonymous_26)
FNDA:5,(anonymous_27)
FNDA:29,(anonymous_28)
FNDA:14,(anonymous_29)
FNDA:2,(anonymous_30)
FNDA:1,(anonymous_31)
FNDA:10,(anonymous_32)
FNDA:2,(anonymous_33)
FNDA:1,(anonymous_34)
FNDA:1,(anonymous_35)
FNDA:14,(anonymous_36)
FNDA:1,(anonymous_37)
FNDA:22,(anonymous_38)
FNDA:29,(anonymous_39)
FNDA:6,(anonymous_40)
FNDA:8,(anonymous_41)
FNDA:23,(anonymous_42)
FNDA:4,(anonymous_43)
FNDA:22,(anonymous_44)
FNDA:3,(anonymous_45)
FNDA:17,(anonymous_46)
FNDA:2,(anonymous_47)
FNDA:1,(anonymous_48)
FNDA:16,(anonymous_49)
FNDA:30,(anonymous_50)
FNDA:16,(anonymous_51)
FNDA:8,(anonymous_52)
FNDA:6,(anonymous_53)
FNDA:4,(anonymous_54)
FNDA:8,(anonymous_55)
FNDA:1,(anonymous_56)
FNDA:3,(anonymous_57)
FNDA:1,(anonymous_58)
FNDA:1,(anonymous_59)
FNDA:1,(anonymous_60)
FNDA:1,(anonymous_61)
FNDA:4,(anonymous_62)
FNDA:1,(anonymous_63)
FNDA:7,(anonymous_64)
FNDA:86,(anonymous_65)
FNDA:29,(anonymous_66)
FNDA:2,(anonymous_67)
FNDA:2,(anonymous_68)
FNDA:3,(anonymous_69)
FNDA:6,(anonymous_70)
FNDA:1,(anonymous_71)
DA:22,1
DA:24,1
DA:25,0
DA:26,0
DA:27,0
DA:29,0
DA:31,0
DA:32,0
DA:33,0
DA:34,0
DA:35,0
DA:38,1
DA:39,49
DA:43,1
DA:44,38
DA:47,1
DA:48,7
DA:51,1
DA:52,94
DA:55,1
DA:56,3
DA:60,1
DA:61,2
DA:64,1
DA:65,38
DA:71,1
DA:72,18
DA:75,1
DA:76,4
DA:79,1
DA:80,3
DA:84,1
DA:85,3
DA:88,1
DA:89,2
DA:92,1
DA:93,18
DA:98,1
DA:99,13
DA:102,1
DA:103,11
DA:106,1
DA:107,49
DA:110,1
DA:111,3
DA:114,1
DA:115,10
DA:121,1
DA:122,18
DA:125,1
DA:126,3
DA:129,1
DA:130,18
DA:135,1
DA:136,1
DA:139,1
DA:140,1
DA:143,1
DA:144,1
DA:149,1
DA:150,14
DA:153,1
DA:154,5
DA:157,1
DA:158,29
DA:161,1
DA:162,14
DA:167,1
DA:168,2
DA:171,1
DA:172,1
DA:175,1
DA:176,10
DA:179,1
DA:180,2
DA:185,1
DA:186,1
DA:189,1
DA:190,1
DA:193,1
DA:194,14
DA:197,1
DA:198,1
DA:203,1
DA:204,22
DA:208,1
DA:209,29
DA:212,1
DA:213,6
DA:216,1
DA:217,8
DA:220,1
DA:221,23
DA:224,1
DA:225,4
DA:228,1
DA:229,22
DA:234,1
DA:235,3
DA:238,1
DA:239,17
DA:242,1
DA:243,2
DA:246,1
DA:247,1
DA:252,1
DA:253,16
DA:256,1
DA:257,30
DA:260,1
DA:261,16
DA:266,1
DA:267,8
DA:270,1
DA:271,6
DA:274,1
DA:275,4
DA:279,1
DA:280,8
DA:285,1
DA:286,1
DA:289,1
DA:290,3
DA:293,1
DA:294,1
DA:300,1
DA:301,1
DA:304,1
DA:305,1
DA:308,1
DA:309,1
DA:314,1
DA:315,4
DA:318,1
DA:319,1
DA:322,1
DA:323,7
DA:330,1
DA:331,86
DA:335,1
DA:336,29
DA:340,1
DA:341,2
DA:345,1
DA:346,2
DA:351,1
DA:352,3
DA:355,1
DA:356,6
DA:359,1
DA:360,1
LF:151
LH:142
BRDA:26,1,0,0
BRDA:26,1,1,0
BRDA:29,2,0,0
BRDA:29,2,1,0
BRDA:31,3,0,0
BRDA:31,3,1,0
BRDA:32,4,0,0
BRDA:32,4,1,0
BRDA:33,5,0,0
BRDA:33,5,1,0
BRDA:34,6,0,0
BRDA:34,6,1,0
BRF:12
BRH:0
end_of_record
TN:
SF:/home/ken/NetBeansProjects/Oauth2Server/database/mysql/db.js
FN:42,(anonymous_1)
FN:64,(anonymous_2)
FN:69,(anonymous_3)
FN:74,(anonymous_4)
FN:80,(anonymous_5)
FN:82,(anonymous_6)
FN:85,(anonymous_7)
FN:91,(anonymous_8)
FN:95,(anonymous_9)
FN:114,(anonymous_10)
FN:146,(anonymous_11)
FN:150,(anonymous_12)
FN:154,(anonymous_13)
FN:159,(anonymous_14)
FN:163,(anonymous_15)
FN:168,(anonymous_16)
FN:170,(anonymous_17)
FN:172,(anonymous_18)
FN:174,(anonymous_19)
FN:176,(anonymous_20)
FN:214,(anonymous_21)
FN:218,(anonymous_22)
FN:222,(anonymous_23)
FN:226,(anonymous_24)
FN:230,(anonymous_25)
FN:234,(anonymous_26)
FN:240,(anonymous_27)
FN:244,(anonymous_28)
FN:248,(anonymous_29)
FN:252,(anonymous_30)
FN:256,(anonymous_31)
FN:263,(anonymous_32)
FN:267,(anonymous_33)
FN:271,(anonymous_34)
FN:277,(anonymous_35)
FN:281,(anonymous_36)
FN:285,(anonymous_37)
FN:291,(anonymous_38)
FN:295,(anonymous_39)
FN:299,(anonymous_40)
FN:303,(anonymous_41)
FN:313,(anonymous_42)
FN:317,(anonymous_43)
FN:321,(anonymous_44)
FN:325,(anonymous_45)
FN:331,(anonymous_46)
FN:335,(anonymous_47)
FN:339,(anonymous_48)
FN:343,(anonymous_49)
FN:349,(anonymous_50)
FN:356,(anonymous_51)
FN:358,(anonymous_52)
FN:361,(anonymous_53)
FN:366,(anonymous_54)
FN:376,(anonymous_55)
FN:394,(anonymous_56)
FN:395,(anonymous_57)
FN:402,(anonymous_58)
FN:411,(anonymous_59)
FN:421,(anonymous_60)
FN:437,(anonymous_61)
FN:463,(anonymous_62)
FN:468,(anonymous_63)
FN:470,(anonymous_64)
FN:472,(anonymous_65)
FN:489,(anonymous_66)
FN:490,(anonymous_67)
FN:494,(anonymous_68)
FN:496,(anonymous_69)
FN:520,(anonymous_70)
FN:524,(anonymous_71)
FN:528,(anonymous_72)
FN:532,(anonymous_73)
FN:536,(anonymous_74)
FN:542,(anonymous_75)
FN:544,(anonymous_76)
FN:548,(anonymous_77)
FN:551,(anonymous_78)
FN:555,(anonymous_79)
FN:557,(anonymous_80)
FN:560,(anonymous_81)
FN:562,(anonymous_82)
FN:566,(anonymous_83)
FN:568,(anonymous_84)
FN:584,(anonymous_85)
FN:643,(anonymous_86)
FN:647,(anonymous_87)
FN:651,(anonymous_88)
FN:655,(anonymous_89)
FN:661,(anonymous_90)
FN:665,(anonymous_91)
FN:669,(anonymous_92)
FN:676,(anonymous_93)
FN:682,(anonymous_94)
FN:684,(anonymous_95)
FN:686,(anonymous_96)
FN:690,(anonymous_97)
FN:700,(anonymous_98)
FN:710,(anonymous_99)
FN:755,(anonymous_100)
FN:759,(anonymous_101)
FN:763,(anonymous_102)
FN:768,(anonymous_103)
FN:770,(anonymous_104)
FN:772,(anonymous_105)
FN:774,(anonymous_106)
FN:776,(anonymous_107)
FN:778,(anonymous_108)
FN:780,(anonymous_109)
FN:830,(anonymous_110)
FN:834,(anonymous_111)
FN:838,(anonymous_112)
FN:847,(anonymous_113)
FN:853,(anonymous_114)
FN:855,(anonymous_115)
FN:858,(anonymous_116)
FN:862,(anonymous_117)
FN:872,(anonymous_118)
FN:886,(anonymous_119)
FN:887,(anonymous_120)
FN:891,(anonymous_121)
FN:893,(anonymous_122)
FN:917,(anonymous_123)
FN:921,(anonymous_124)
FN:926,(anonymous_125)
FN:928,(anonymous_126)
FN:931,(anonymous_127)
FN:933,(anonymous_128)
FN:937,(anonymous_129)
FN:939,(anonymous_130)
FN:942,(anonymous_131)
FN:944,(anonymous_132)
FN:960,(anonymous_133)
FN:1005,(anonymous_134)
FN:1011,(anonymous_135)
FN:1013,(anonymous_136)
FN:1015,(anonymous_137)
FN:1019,(anonymous_138)
FN:1021,(anonymous_139)
FN:1057,(anonymous_140)
FN:1062,(anonymous_141)
FN:1067,(anonymous_142)
FN:1069,(anonymous_143)
FN:1071,(anonymous_144)
FN:1073,(anonymous_145)
FN:1075,(anonymous_146)
FN:1077,(anonymous_147)
FN:1122,(anonymous_148)
FN:1127,(anonymous_149)
FN:1132,(anonymous_150)
FN:1136,(anonymous_151)
FN:1138,(anonymous_152)
FN:1153,(anonymous_153)
FN:1157,(anonymous_154)
FN:1161,(anonymous_155)
FNF:155
FNH:149
FNDA:68,(anonymous_1)
FNDA:18,(anonymous_2)
FNDA:0,(anonymous_3)
FNDA:52,(anonymous_4)
FNDA:52,(anonymous_5)
FNDA:52,(anonymous_6)
FNDA:52,(anonymous_7)
FNDA:48,(anonymous_8)
FNDA:24,(anonymous_9)
FNDA:28,(anonymous_10)
FNDA:8,(anonymous_11)
FNDA:95,(anonymous_12)
FNDA:4,(anonymous_13)
FNDA:3,(anonymous_14)
FNDA:52,(anonymous_15)
FNDA:52,(anonymous_16)
FNDA:52,(anonymous_17)
FNDA:52,(anonymous_18)
FNDA:52,(anonymous_19)
FNDA:52,(anonymous_20)
FNDA:20,(anonymous_21)
FNDA:5,(anonymous_22)
FNDA:4,(anonymous_23)
FNDA:4,(anonymous_24)
FNDA:3,(anonymous_25)
FNDA:20,(anonymous_26)
FNDA:15,(anonymous_27)
FNDA:12,(anonymous_28)
FNDA:50,(anonymous_29)
FNDA:4,(anonymous_30)
FNDA:11,(anonymous_31)
FNDA:20,(anonymous_32)
FNDA:4,(anonymous_33)
FNDA:20,(anonymous_34)
FNDA:2,(anonymous_35)
FNDA:2,(anonymous_36)
FNDA:2,(anonymous_37)
FNDA:15,(anonymous_38)
FNDA:6,(anonymous_39)
FNDA:30,(anonymous_40)
FNDA:15,(anonymous_41)
FNDA:4,(anonymous_42)
FNDA:2,(anonymous_43)
FNDA:11,(anonymous_44)
FNDA:4,(anonymous_45)
FNDA:2,(anonymous_46)
FNDA:2,(anonymous_47)
FNDA:16,(anonymous_48)
FNDA:2,(anonymous_49)
FNDA:25,(anonymous_50)
FNDA:25,(anonymous_51)
FNDA:25,(anonymous_52)
FNDA:25,(anonymous_53)
FNDA:25,(anonymous_54)
FNDA:0,(anonymous_55)
FNDA:25,(anonymous_56)
FNDA:25,(anonymous_57)
FNDA:25,(anonymous_58)
FNDA:37,(anonymous_59)
FNDA:25,(anonymous_60)
FNDA:0,(anonymous_61)
FNDA:5,(anonymous_62)
FNDA:5,(anonymous_63)
FNDA:5,(anonymous_64)
FNDA:5,(anonymous_65)
FNDA:5,(anonymous_66)
FNDA:5,(anonymous_67)
FNDA:5,(anonymous_68)
FNDA:5,(anonymous_69)
FNDA:31,(anonymous_70)
FNDA:7,(anonymous_71)
FNDA:9,(anonymous_72)
FNDA:24,(anonymous_73)
FNDA:25,(anonymous_74)
FNDA:25,(anonymous_75)
FNDA:25,(anonymous_76)
FNDA:25,(anonymous_77)
FNDA:25,(anonymous_78)
FNDA:25,(anonymous_79)
FNDA:25,(anonymous_80)
FNDA:25,(anonymous_81)
FNDA:25,(anonymous_82)
FNDA:25,(anonymous_83)
FNDA:25,(anonymous_84)
FNDA:0,(anonymous_85)
FNDA:6,(anonymous_86)
FNDA:18,(anonymous_87)
FNDA:4,(anonymous_88)
FNDA:2,(anonymous_89)
FNDA:17,(anonymous_90)
FNDA:31,(anonymous_91)
FNDA:17,(anonymous_92)
FNDA:10,(anonymous_93)
FNDA:10,(anonymous_94)
FNDA:10,(anonymous_95)
FNDA:10,(anonymous_96)
FNDA:10,(anonymous_97)
FNDA:18,(anonymous_98)
FNDA:10,(anonymous_99)
FNDA:7,(anonymous_100)
FNDA:5,(anonymous_101)
FNDA:10,(anonymous_102)
FNDA:10,(anonymous_103)
FNDA:10,(anonymous_104)
FNDA:10,(anonymous_105)
FNDA:10,(anonymous_106)
FNDA:10,(anonymous_107)
FNDA:10,(anonymous_108)
FNDA:10,(anonymous_109)
FNDA:2,(anonymous_110)
FNDA:3,(anonymous_111)
FNDA:2,(anonymous_112)
FNDA:2,(anonymous_113)
FNDA:2,(anonymous_114)
FNDA:2,(anonymous_115)
FNDA:2,(anonymous_116)
FNDA:2,(anonymous_117)
FNDA:0,(anonymous_118)
FNDA:2,(anonymous_119)
FNDA:2,(anonymous_120)
FNDA:2,(anonymous_121)
FNDA:2,(anonymous_122)
FNDA:2,(anonymous_123)
FNDA:2,(anonymous_124)
FNDA:2,(anonymous_125)
FNDA:2,(anonymous_126)
FNDA:2,(anonymous_127)
FNDA:2,(anonymous_128)
FNDA:2,(anonymous_129)
FNDA:2,(anonymous_130)
FNDA:2,(anonymous_131)
FNDA:2,(anonymous_132)
FNDA:0,(anonymous_133)
FNDA:5,(anonymous_134)
FNDA:5,(anonymous_135)
FNDA:5,(anonymous_136)
FNDA:5,(anonymous_137)
FNDA:5,(anonymous_138)
FNDA:5,(anonymous_139)
FNDA:2,(anonymous_140)
FNDA:8,(anonymous_141)
FNDA:8,(anonymous_142)
FNDA:8,(anonymous_143)
FNDA:8,(anonymous_144)
FNDA:5,(anonymous_145)
FNDA:5,(anonymous_146)
FNDA:5,(anonymous_147)
FNDA:87,(anonymous_148)
FNDA:30,(anonymous_149)
FNDA:3,(anonymous_150)
FNDA:3,(anonymous_151)
FNDA:3,(anonymous_152)
FNDA:5,(anonymous_153)
FNDA:7,(anonymous_154)
FNDA:2,(anonymous_155)
DA:22,1
DA:23,1
DA:24,1
DA:25,1
DA:26,1
DA:27,1
DA:28,1
DA:29,1
DA:30,1
DA:31,1
DA:32,1
DA:33,1
DA:34,1
DA:35,1
DA:36,1
DA:37,1
DA:38,1
DA:39,1
DA:40,1
DA:42,1
DA:43,68
DA:44,68
DA:45,68
DA:46,68
DA:47,68
DA:48,68
DA:49,68
DA:50,68
DA:51,68
DA:52,68
DA:53,68
DA:54,68
DA:55,68
DA:56,68
DA:57,68
DA:58,68
DA:59,68
DA:60,68
DA:61,68
DA:64,1
DA:65,18
DA:69,1
DA:70,0
DA:74,1
DA:75,52
DA:80,52
DA:81,52
DA:82,52
DA:83,52
DA:84,52
DA:85,52
DA:86,52
DA:87,52
DA:88,24
DA:89,48
DA:90,48
DA:91,48
DA:92,48
DA:93,48
DA:94,48
DA:95,24
DA:96,24
DA:97,0
DA:99,24
DA:100,24
DA:102,24
DA:103,24
DA:107,0
DA:108,0
DA:109,0
DA:114,28
DA:115,28
DA:116,0
DA:118,28
DA:119,28
DA:121,28
DA:122,28
DA:126,0
DA:127,0
DA:128,0
DA:132,0
DA:133,0
DA:137,0
DA:138,0
DA:140,0
DA:146,1
DA:147,8
DA:150,1
DA:151,95
DA:154,1
DA:155,4
DA:159,1
DA:160,3
DA:163,1
DA:164,52
DA:168,52
DA:169,52
DA:170,52
DA:171,52
DA:172,52
DA:173,52
DA:174,52
DA:175,52
DA:176,52
DA:177,52
DA:178,0
DA:180,52
DA:182,52
DA:183,52
DA:186,0
DA:187,0
DA:188,0
DA:192,0
DA:193,0
DA:194,0
DA:198,0
DA:199,0
DA:203,0
DA:204,0
DA:206,0
DA:214,1
DA:215,20
DA:218,1
DA:219,5
DA:222,1
DA:223,4
DA:226,1
DA:227,4
DA:230,1
DA:231,3
DA:234,1
DA:235,20
DA:240,1
DA:241,15
DA:244,1
DA:245,12
DA:248,1
DA:249,50
DA:252,1
DA:253,4
DA:256,1
DA:257,11
DA:263,1
DA:264,20
DA:267,1
DA:268,4
DA:271,1
DA:272,20
DA:277,1
DA:278,2
DA:281,1
DA:282,2
DA:285,1
DA:286,2
DA:291,1
DA:292,15
DA:295,1
DA:296,6
DA:299,1
DA:300,30
DA:303,1
DA:304,15
DA:313,1
DA:314,4
DA:317,1
DA:318,2
DA:321,1
DA:322,11
DA:325,1
DA:326,4
DA:331,1
DA:332,2
DA:335,1
DA:336,2
DA:339,1
DA:340,16
DA:343,1
DA:344,2
DA:349,1
DA:350,25
DA:356,25
DA:357,25
DA:358,25
DA:359,25
DA:360,25
DA:361,25
DA:363,25
DA:364,25
DA:365,25
DA:366,25
DA:367,25
DA:370,0
DA:371,0
DA:372,0
DA:376,0
DA:377,0
DA:381,0
DA:382,0
DA:386,0
DA:387,0
DA:389,0
DA:394,1
DA:395,25
DA:398,25
DA:399,25
DA:401,25
DA:402,25
DA:403,25
DA:404,25
DA:405,25
DA:406,25
DA:407,37
DA:411,37
DA:412,37
DA:413,37
DA:415,0
DA:416,0
DA:417,0
DA:420,37
DA:421,25
DA:423,25
DA:424,0
DA:426,25
DA:427,25
DA:428,25
DA:430,25
DA:431,25
DA:437,0
DA:438,0
DA:439,0
DA:441,0
DA:442,0
DA:443,0
DA:445,0
DA:446,0
DA:450,0
DA:451,0
DA:452,0
DA:456,0
DA:457,0
DA:458,0
DA:463,1
DA:464,5
DA:468,5
DA:469,5
DA:470,5
DA:471,5
DA:472,5
DA:473,5
DA:476,0
DA:477,0
DA:481,0
DA:482,0
DA:484,0
DA:489,1
DA:490,5
DA:493,5
DA:494,5
DA:495,5
DA:496,5
DA:498,5
DA:499,0
DA:501,5
DA:503,5
DA:504,5
DA:507,0
DA:508,0
DA:509,0
DA:513,0
DA:514,0
DA:515,0
DA:520,1
DA:521,31
DA:524,1
DA:525,7
DA:528,1
DA:529,9
DA:532,1
DA:533,24
DA:536,1
DA:537,25
DA:542,25
DA:543,25
DA:544,25
DA:545,25
DA:547,25
DA:548,25
DA:550,25
DA:551,25
DA:552,25
DA:553,25
DA:555,25
DA:556,25
DA:557,25
DA:559,25
DA:560,25
DA:561,25
DA:562,25
DA:564,25
DA:565,25
DA:566,25
DA:567,25
DA:568,25
DA:569,25
DA:570,0
DA:572,25
DA:574,25
DA:575,25
DA:578,0
DA:579,0
DA:580,0
DA:584,0
DA:585,0
DA:586,0
DA:588,0
DA:590,0
DA:591,0
DA:595,0
DA:596,0
DA:597,0
DA:601,0
DA:602,0
DA:603,0
DA:607,0
DA:608,0
DA:609,0
DA:613,0
DA:614,0
DA:615,0
DA:620,0
DA:621,0
DA:622,0
DA:626,0
DA:627,0
DA:628,0
DA:632,0
DA:633,0
DA:634,0
DA:636,0
DA:643,1
DA:644,6
DA:647,1
DA:648,18
DA:651,1
DA:652,4
DA:655,1
DA:656,2
DA:661,1
DA:662,17
DA:665,1
DA:666,31
DA:669,1
DA:670,17
DA:676,1
DA:677,10
DA:682,10
DA:683,10
DA:684,10
DA:685,10
DA:686,10
DA:687,10
DA:688,10
DA:689,10
DA:690,10
DA:691,10
DA:693,10
DA:694,10
DA:695,10
DA:696,18
DA:700,18
DA:701,18
DA:702,18
DA:704,0
DA:705,0
DA:706,0
DA:709,18
DA:710,10
DA:712,10
DA:713,0
DA:715,10
DA:716,10
DA:718,10
DA:719,10
DA:725,0
DA:726,0
DA:727,0
DA:730,0
DA:731,0
DA:732,0
DA:736,0
DA:737,0
DA:738,0
DA:742,0
DA:743,0
DA:747,0
DA:748,0
DA:750,0
DA:755,1
DA:756,7
DA:759,1
DA:760,5
DA:763,1
DA:764,10
DA:768,10
DA:769,10
DA:770,10
DA:771,10
DA:772,10
DA:773,10
DA:774,10
DA:775,10
DA:776,10
DA:777,10
DA:778,10
DA:779,10
DA:780,10
DA:781,10
DA:782,0
DA:784,10
DA:786,10
DA:787,10
DA:790,0
DA:791,0
DA:792,0
DA:796,0
DA:797,0
DA:798,0
DA:802,0
DA:803,0
DA:804,0
DA:808,0
DA:809,0
DA:810,0
DA:814,0
DA:815,0
DA:819,0
DA:820,0
DA:822,0
DA:830,1
DA:831,2
DA:834,1
DA:835,3
DA:838,1
DA:839,2
DA:847,1
DA:848,2
DA:853,2
DA:854,2
DA:855,2
DA:856,2
DA:857,2
DA:858,2
DA:859,2
DA:860,2
DA:861,2
DA:862,2
DA:863,2
DA:866,0
DA:867,0
DA:868,0
DA:872,0
DA:873,0
DA:877,0
DA:881,0
DA:886,1
DA:887,2
DA:888,2
DA:889,2
DA:890,2
DA:891,2
DA:892,2
DA:893,2
DA:894,2
DA:895,0
DA:897,2
DA:898,2
DA:900,2
DA:901,2
DA:904,0
DA:905,0
DA:906,0
DA:910,0
DA:911,0
DA:912,0
DA:917,1
DA:918,2
DA:921,1
DA:922,2
DA:926,2
DA:927,2
DA:928,2
DA:929,2
DA:930,2
DA:931,2
DA:932,2
DA:933,2
DA:934,2
DA:935,2
DA:937,2
DA:938,2
DA:939,2
DA:940,2
DA:941,2
DA:942,2
DA:943,2
DA:944,2
DA:945,2
DA:946,0
DA:948,2
DA:950,2
DA:951,2
DA:954,0
DA:955,0
DA:956,0
DA:960,0
DA:961,0
DA:962,0
DA:964,0
DA:966,0
DA:967,0
DA:971,0
DA:972,0
DA:973,0
DA:977,0
DA:978,0
DA:979,0
DA:984,0
DA:985,0
DA:986,0
DA:990,0
DA:991,0
DA:995,0
DA:996,0
DA:998,0
DA:1005,1
DA:1006,5
DA:1011,5
DA:1012,5
DA:1013,5
DA:1014,5
DA:1015,5
DA:1016,5
DA:1017,5
DA:1018,5
DA:1019,5
DA:1020,5
DA:1021,5
DA:1022,5
DA:1023,0
DA:1025,5
DA:1026,5
DA:1028,5
DA:1029,5
DA:1032,0
DA:1033,0
DA:1034,0
DA:1038,0
DA:1039,0
DA:1040,0
DA:1044,0
DA:1045,0
DA:1049,0
DA:1050,0
DA:1052,0
DA:1057,1
DA:1058,2
DA:1062,1
DA:1063,8
DA:1067,8
DA:1068,8
DA:1069,8
DA:1070,8
DA:1071,8
DA:1072,8
DA:1073,5
DA:1074,5
DA:1075,5
DA:1076,5
DA:1077,5
DA:1078,5
DA:1079,0
DA:1081,5
DA:1083,5
DA:1084,5
DA:1087,0
DA:1088,0
DA:1089,0
DA:1093,0
DA:1094,0
DA:1095,0
DA:1099,3
DA:1100,3
DA:1101,3
DA:1102,3
DA:1106,0
DA:1107,0
DA:1111,0
DA:1112,0
DA:1114,0
DA:1122,1
DA:1123,87
DA:1127,1
DA:1128,30
DA:1132,1
DA:1133,3
DA:1136,1
DA:1137,3
DA:1138,3
DA:1139,3
DA:1140,3
DA:1141,3
DA:1142,3
DA:1144,0
DA:1145,0
DA:1147,0
DA:1153,1
DA:1154,5
DA:1157,1
DA:1158,7
DA:1161,1
DA:1162,2
LF:621
LH:422
BRDA:81,1,0,52
BRDA:81,1,1,0
BRDA:81,2,0,52
BRDA:81,2,1,52
BRDA:83,3,0,52
BRDA:83,3,1,0
BRDA:86,4,0,52
BRDA:86,4,1,0
BRDA:86,5,0,52
BRDA:86,5,1,52
BRDA:86,5,2,52
BRDA:87,6,0,24
BRDA:87,6,1,28
BRDA:87,7,0,52
BRDA:87,7,1,52
BRDA:92,8,0,48
BRDA:92,8,1,0
BRDA:92,9,0,48
BRDA:92,9,1,48
BRDA:94,10,0,24
BRDA:94,10,1,24
BRDA:96,11,0,0
BRDA:96,11,1,24
BRDA:115,12,0,0
BRDA:115,12,1,28
BRDA:137,13,0,0
BRDA:137,13,1,0
BRDA:169,14,0,52
BRDA:169,14,1,0
BRDA:169,15,0,52
BRDA:169,15,1,52
BRDA:171,16,0,52
BRDA:171,16,1,0
BRDA:173,17,0,52
BRDA:173,17,1,0
BRDA:175,18,0,52
BRDA:175,18,1,0
BRDA:177,19,0,0
BRDA:177,19,1,52
BRDA:203,20,0,0
BRDA:203,20,1,0
BRDA:357,21,0,25
BRDA:357,21,1,0
BRDA:357,22,0,25
BRDA:357,22,1,25
BRDA:359,23,0,25
BRDA:359,23,1,0
BRDA:360,24,0,25
BRDA:360,24,1,0
BRDA:363,25,0,25
BRDA:363,25,1,0
BRDA:386,26,0,0
BRDA:386,26,1,0
BRDA:398,27,0,25
BRDA:398,27,1,0
BRDA:403,28,0,25
BRDA:403,28,1,0
BRDA:404,29,0,25
BRDA:404,29,1,0
BRDA:404,30,0,25
BRDA:404,30,1,25
BRDA:412,31,0,37
BRDA:412,31,1,0
BRDA:420,32,0,25
BRDA:420,32,1,12
BRDA:423,33,0,0
BRDA:423,33,1,25
BRDA:438,34,0,0
BRDA:438,34,1,0
BRDA:469,35,0,5
BRDA:469,35,1,0
BRDA:469,36,0,5
BRDA:469,36,1,5
BRDA:471,37,0,5
BRDA:471,37,1,0
BRDA:481,38,0,0
BRDA:481,38,1,0
BRDA:493,39,0,5
BRDA:493,39,1,0
BRDA:495,40,0,5
BRDA:495,40,1,0
BRDA:498,41,0,0
BRDA:498,41,1,5
BRDA:543,42,0,25
BRDA:543,42,1,0
BRDA:543,43,0,25
BRDA:543,43,1,25
BRDA:545,44,0,25
BRDA:545,44,1,0
BRDA:550,45,0,25
BRDA:550,45,1,0
BRDA:550,46,0,25
BRDA:550,46,1,25
BRDA:552,47,0,25
BRDA:552,47,1,0
BRDA:552,48,0,25
BRDA:552,48,1,25
BRDA:556,49,0,25
BRDA:556,49,1,0
BRDA:559,50,0,25
BRDA:559,50,1,0
BRDA:561,51,0,25
BRDA:561,51,1,0
BRDA:564,52,0,25
BRDA:564,52,1,0
BRDA:565,53,0,25
BRDA:565,53,1,0
BRDA:567,54,0,25
BRDA:567,54,1,0
BRDA:569,55,0,0
BRDA:569,55,1,25
BRDA:585,56,0,0
BRDA:585,56,1,0
BRDA:633,57,0,0
BRDA:633,57,1,0
BRDA:683,58,0,10
BRDA:683,58,1,0
BRDA:683,59,0,10
BRDA:683,59,1,10
BRDA:685,60,0,10
BRDA:685,60,1,0
BRDA:687,61,0,10
BRDA:687,61,1,0
BRDA:691,62,0,10
BRDA:691,62,1,0
BRDA:693,63,0,10
BRDA:693,63,1,0
BRDA:693,64,0,10
BRDA:693,64,1,10
BRDA:701,65,0,18
BRDA:701,65,1,0
BRDA:709,66,0,10
BRDA:709,66,1,8
BRDA:712,67,0,0
BRDA:712,67,1,10
BRDA:747,68,0,0
BRDA:747,68,1,0
BRDA:769,69,0,10
BRDA:769,69,1,0
BRDA:769,70,0,10
BRDA:769,70,1,10
BRDA:771,71,0,10
BRDA:771,71,1,0
BRDA:773,72,0,10
BRDA:773,72,1,0
BRDA:773,73,0,10
BRDA:773,73,1,10
BRDA:775,74,0,10
BRDA:775,74,1,0
BRDA:777,75,0,10
BRDA:777,75,1,0
BRDA:779,76,0,10
BRDA:779,76,1,0
BRDA:781,77,0,0
BRDA:781,77,1,10
BRDA:819,78,0,0
BRDA:819,78,1,0
BRDA:854,79,0,2
BRDA:854,79,1,0
BRDA:854,80,0,2
BRDA:854,80,1,2
BRDA:856,81,0,2
BRDA:856,81,1,0
BRDA:857,82,0,2
BRDA:857,82,1,0
BRDA:859,83,0,2
BRDA:859,83,1,0
BRDA:888,84,0,2
BRDA:888,84,1,0
BRDA:892,85,0,2
BRDA:892,85,1,0
BRDA:894,86,0,0
BRDA:894,86,1,2
BRDA:927,87,0,2
BRDA:927,87,1,0
BRDA:927,88,0,2
BRDA:927,88,1,2
BRDA:929,89,0,2
BRDA:929,89,1,0
BRDA:932,90,0,2
BRDA:932,90,1,0
BRDA:932,91,0,2
BRDA:932,91,1,2
BRDA:934,92,0,2
BRDA:934,92,1,0
BRDA:934,93,0,2
BRDA:934,93,1,2
BRDA:938,94,0,2
BRDA:938,94,1,0
BRDA:940,95,0,2
BRDA:940,95,1,0
BRDA:941,96,0,2
BRDA:941,96,1,0
BRDA:943,97,0,2
BRDA:943,97,1,0
BRDA:945,98,0,0
BRDA:945,98,1,2
BRDA:961,99,0,0
BRDA:961,99,1,0
BRDA:995,100,0,0
BRDA:995,100,1,0
BRDA:1012,101,0,5
BRDA:1012,101,1,0
BRDA:1012,102,0,5
BRDA:1012,102,1,5
BRDA:1014,103,0,5
BRDA:1014,103,1,0
BRDA:1016,104,0,5
BRDA:1016,104,1,0
BRDA:1020,105,0,5
BRDA:1020,105,1,0
BRDA:1022,106,0,0
BRDA:1022,106,1,5
BRDA:1049,107,0,0
BRDA:1049,107,1,0
BRDA:1068,108,0,8
BRDA:1068,108,1,0
BRDA:1068,109,0,8
BRDA:1068,109,1,8
BRDA:1070,110,0,8
BRDA:1070,110,1,0
BRDA:1072,111,0,5
BRDA:1072,111,1,3
BRDA:1072,112,0,8
BRDA:1072,112,1,5
BRDA:1074,113,0,5
BRDA:1074,113,1,0
BRDA:1076,114,0,5
BRDA:1076,114,1,0
BRDA:1078,115,0,0
BRDA:1078,115,1,5
BRDA:1111,116,0,0
BRDA:1111,116,1,0
BRDA:1140,117,0,3
BRDA:1140,117,1,0
BRDA:1140,118,0,3
BRDA:1140,118,1,3
BRDA:1144,119,0,0
BRDA:1144,119,1,0
BRF:239
BRH:134
end_of_record
TN:
SF:/home/ken/NetBeansProjects/Oauth2Server/database/mysql/crud/mysqlCrud.js
FN:24,(anonymous_1)
FN:33,(anonymous_2)
FN:35,(anonymous_3)
FN:44,(anonymous_4)
FN:45,(anonymous_5)
FN:53,(anonymous_6)
FN:65,(anonymous_7)
FN:79,(anonymous_8)
FN:90,(anonymous_9)
FN:103,(anonymous_10)
FN:109,(anonymous_11)
FN:143,(anonymous_12)
FN:149,(anonymous_13)
FN:163,(anonymous_14)
FN:174,(anonymous_15)
FN:187,(anonymous_16)
FN:200,(anonymous_17)
FNF:17
FNH:17
FNDA:87,(anonymous_1)
FNDA:37,(anonymous_2)
FNDA:37,(anonymous_3)
FNDA:199,(anonymous_4)
FNDA:199,(anonymous_5)
FNDA:407,(anonymous_6)
FNDA:407,(anonymous_7)
FNDA:16,(anonymous_8)
FNDA:16,(anonymous_9)
FNDA:462,(anonymous_10)
FNDA:462,(anonymous_11)
FNDA:129,(anonymous_12)
FNDA:129,(anonymous_13)
FNDA:58,(anonymous_14)
FNDA:58,(anonymous_15)
FNDA:429,(anonymous_16)
FNDA:429,(anonymous_17)
DA:22,1
DA:23,1
DA:24,1
DA:25,87
DA:33,1
DA:34,37
DA:35,37
DA:36,37
DA:37,37
DA:38,37
DA:40,37
DA:44,1
DA:45,199
DA:46,199
DA:47,0
DA:49,199
DA:53,1
DA:54,407
DA:59,407
DA:60,407
DA:61,266
DA:63,141
DA:65,407
DA:67,407
DA:68,407
DA:69,407
DA:70,407
DA:72,0
DA:73,0
DA:74,0
DA:79,1
DA:80,16
DA:84,16
DA:85,16
DA:86,0
DA:88,16
DA:90,16
DA:92,16
DA:93,16
DA:94,16
DA:96,0
DA:97,0
DA:98,0
DA:103,1
DA:104,462
DA:109,462
DA:110,462
DA:112,462
DA:113,462
DA:114,462
DA:116,0
DA:117,0
DA:118,0
DA:143,1
DA:144,129
DA:149,129
DA:150,129
DA:152,129
DA:153,129
DA:154,129
DA:156,0
DA:157,0
DA:158,0
DA:163,1
DA:164,58
DA:168,58
DA:169,58
DA:170,10
DA:172,48
DA:174,58
DA:175,58
DA:176,58
DA:177,58
DA:179,0
DA:180,0
DA:181,0
DA:187,1
DA:188,429
DA:192,429
DA:193,429
DA:194,250
DA:196,179
DA:200,429
DA:201,429
DA:203,429
DA:204,429
DA:206,0
DA:207,0
DA:208,0
LF:89
LH:69
BRDA:36,1,0,37
BRDA:36,1,1,0
BRDA:36,2,0,37
BRDA:36,2,1,37
BRDA:46,3,0,0
BRDA:46,3,1,199
BRDA:60,4,0,266
BRDA:60,4,1,141
BRDA:67,5,0,407
BRDA:67,5,1,0
BRDA:67,6,0,407
BRDA:67,6,1,407
BRDA:85,7,0,0
BRDA:85,7,1,16
BRDA:92,8,0,16
BRDA:92,8,1,0
BRDA:110,9,0,462
BRDA:110,9,1,0
BRDA:110,10,0,462
BRDA:110,10,1,462
BRDA:150,11,0,129
BRDA:150,11,1,0
BRDA:150,12,0,129
BRDA:150,12,1,129
BRDA:169,13,0,10
BRDA:169,13,1,48
BRDA:175,14,0,58
BRDA:175,14,1,0
BRDA:175,15,0,58
BRDA:175,15,1,58
BRDA:175,15,2,58
BRDA:193,16,0,250
BRDA:193,16,1,179
BRDA:201,17,0,429
BRDA:201,17,1,0
BRDA:201,18,0,429
BRDA:201,18,1,429
BRF:37
BRH:28
end_of_record
TN:
SF:/home/ken/NetBeansProjects/Oauth2Server/database/mysql/processors/clientProcessor.js
FN:25,(anonymous_1)
FN:28,(anonymous_2)
FN:36,(anonymous_3)
FN:46,(anonymous_4)
FN:59,(anonymous_5)
FN:61,(anonymous_6)
FN:78,(anonymous_7)
FN:79,(anonymous_8)
FN:100,(anonymous_9)
FN:102,(anonymous_10)
FN:122,(anonymous_11)
FNF:11
FNH:11
FNDA:82,(anonymous_1)
FNDA:66,(anonymous_2)
FNDA:66,(anonymous_3)
FNDA:9,(anonymous_4)
FNDA:96,(anonymous_5)
FNDA:96,(anonymous_6)
FNDA:5,(anonymous_7)
FNDA:5,(anonymous_8)
FNDA:4,(anonymous_9)
FNDA:4,(anonymous_10)
FNDA:66,(anonymous_11)
DA:23,1
DA:24,1
DA:25,1
DA:26,82
DA:28,1
DA:29,66
DA:36,66
DA:37,66
DA:42,66
DA:46,1
DA:47,9
DA:55,9
DA:59,1
DA:60,96
DA:61,96
DA:62,96
DA:63,96
DA:71,96
DA:73,0
DA:78,1
DA:79,5
DA:80,5
DA:81,5
DA:82,5
DA:83,65
DA:90,65
DA:92,5
DA:94,0
DA:100,1
DA:101,4
DA:102,4
DA:103,4
DA:104,4
DA:105,4
DA:106,16
DA:113,16
DA:115,4
DA:117,0
DA:122,1
DA:123,66
DA:124,66
LF:41
LH:38
BRDA:62,1,0,96
BRDA:62,1,1,0
BRDA:62,2,0,96
BRDA:62,2,1,96
BRDA:69,3,0,85
BRDA:69,3,1,11
BRDA:80,4,0,5
BRDA:80,4,1,0
BRDA:80,5,0,5
BRDA:80,5,1,5
BRDA:88,6,0,55
BRDA:88,6,1,10
BRDA:103,7,0,4
BRDA:103,7,1,0
BRDA:103,8,0,4
BRDA:103,8,1,4
BRDA:111,9,0,12
BRDA:111,9,1,4
BRF:18
BRH:15
end_of_record
TN:
SF:/home/ken/NetBeansProjects/Oauth2Server/database/mysql/queries/clientQueries.js
FNF:0
FNH:0
DA:23,1
DA:24,1
DA:26,1
DA:27,1
DA:28,1
DA:29,1
DA:33,1
DA:34,1
DA:35,1
DA:36,1
DA:37,1
DA:41,1
DA:42,1
DA:44,1
DA:45,1
DA:46,1
DA:47,1
DA:51,1
DA:52,1
DA:53,1
DA:56,1
DA:57,1
DA:58,1
DA:61,1
DA:62,1
DA:63,1
DA:67,1
DA:68,1
DA:69,1
DA:72,1
LF:30
LH:30
BRF:0
BRH:0
end_of_record
TN:
SF:/home/ken/NetBeansProjects/Oauth2Server/database/mysql/processors/clientAllowedUriProcessor.js
FN:24,(anonymous_1)
FN:29,(anonymous_2)
FN:34,(anonymous_3)
FN:44,(anonymous_4)
FN:52,(anonymous_5)
FN:54,(anonymous_6)
FN:68,(anonymous_7)
FN:70,(anonymous_8)
FN:88,(anonymous_9)
FN:90,(anonymous_10)
FN:105,(anonymous_11)
FNF:11
FNH:11
FNDA:70,(anonymous_1)
FNDA:22,(anonymous_2)
FNDA:22,(anonymous_3)
FNDA:6,(anonymous_4)
FNDA:5,(anonymous_5)
FNDA:5,(anonymous_6)
FNDA:5,(anonymous_7)
FNDA:5,(anonymous_8)
FNDA:4,(anonymous_9)
FNDA:4,(anonymous_10)
FNDA:22,(anonymous_11)
DA:22,1
DA:23,1
DA:24,1
DA:25,70
DA:29,1
DA:30,22
DA:34,22
DA:35,22
DA:40,22
DA:44,1
DA:45,6
DA:49,6
DA:52,1
DA:53,5
DA:54,5
DA:55,5
DA:56,5
DA:61,5
DA:63,0
DA:68,1
DA:69,5
DA:70,5
DA:71,5
DA:72,5
DA:73,5
DA:74,6
DA:79,6
DA:81,5
DA:83,0
DA:88,1
DA:89,4
DA:90,4
DA:92,4
DA:93,4
DA:98,4
DA:100,0
DA:105,1
DA:106,22
DA:107,22
LF:39
LH:36
BRDA:55,1,0,5
BRDA:55,1,1,0
BRDA:55,2,0,5
BRDA:55,2,1,5
BRDA:71,3,0,5
BRDA:71,3,1,0
BRDA:71,4,0,5
BRDA:71,4,1,5
BRDA:92,5,0,4
BRDA:92,5,1,0
BRDA:92,6,0,4
BRDA:92,6,1,4
BRF:12
BRH:9
end_of_record
TN:
SF:/home/ken/NetBeansProjects/Oauth2Server/database/mysql/processors/clientRedirectUriProcessor.js
FN:25,(anonymous_1)
FN:30,(anonymous_2)
FN:35,(anonymous_3)
FN:45,(anonymous_4)
FN:47,(anonymous_5)
FN:67,(anonymous_6)
FN:76,(anonymous_7)
FN:90,(anonymous_8)
FN:95,(anonymous_9)
FN:101,(anonymous_10)
FN:112,(anonymous_11)
FNF:11
FNH:11
FNDA:69,(anonymous_1)
FNDA:66,(anonymous_2)
FNDA:66,(anonymous_3)
FNDA:15,(anonymous_4)
FNDA:15,(anonymous_5)
FNDA:53,(anonymous_6)
FNDA:52,(anonymous_7)
FNDA:6,(anonymous_8)
FNDA:64,(anonymous_9)
FNDA:64,(anonymous_10)
FNDA:93,(anonymous_11)
DA:22,1
DA:23,1
DA:24,1
DA:25,1
DA:26,69
DA:30,1
DA:31,66
DA:35,66
DA:36,66
DA:41,66
DA:45,1
DA:46,15
DA:47,15
DA:48,15
DA:49,15
DA:50,15
DA:51,40
DA:56,40
DA:57,40
DA:60,15
DA:62,0
DA:67,1
DA:68,53
DA:69,53
DA:75,53
DA:76,52
DA:77,52
DA:78,40
DA:79,40
DA:80,40
DA:82,52
DA:85,1
DA:90,1
DA:91,6
DA:92,6
DA:95,1
DA:96,64
DA:97,64
DA:101,64
DA:103,64
DA:104,64
DA:105,64
DA:107,0
DA:112,1
DA:114,93
DA:116,93
DA:117,93
DA:118,93
DA:119,93
DA:121,93
DA:122,1
DA:125,93
DA:126,93
LF:53
LH:51
BRDA:49,1,0,15
BRDA:49,1,1,0
BRDA:49,2,0,15
BRDA:49,2,1,15
BRDA:56,3,0,40
BRDA:56,3,1,0
BRDA:75,4,0,52
BRDA:75,4,1,1
BRDA:77,5,0,40
BRDA:77,5,1,12
BRDA:77,6,0,52
BRDA:77,6,1,52
BRDA:103,7,0,64
BRDA:103,7,1,0
BRDA:116,8,0,1
BRDA:116,8,1,92
BRDA:117,9,0,93
BRDA:117,9,1,0
BRDA:121,10,0,1
BRDA:121,10,1,92
BRDA:121,11,0,93
BRDA:121,11,1,1
BRF:22
BRH:18
end_of_record
TN:
SF:/home/ken/NetBeansProjects/Oauth2Server/constants/constants.js
FNF:0
FNH:0
DA:1,1
DA:2,1
LF:2
LH:2
BRF:0
BRH:0
end_of_record
TN:
SF:/home/ken/NetBeansProjects/Oauth2Server/database/mysql/processors/clientRoleProcessor.js
FN:24,(anonymous_1)
FN:29,(anonymous_2)
FN:34,(anonymous_3)
FN:46,(anonymous_4)
FN:48,(anonymous_5)
FN:66,(anonymous_6)
FNF:6
FNH:6
FNDA:70,(anonymous_1)
FNDA:22,(anonymous_2)
FNDA:22,(anonymous_3)
FNDA:5,(anonymous_4)
FNDA:5,(anonymous_5)
FNDA:22,(anonymous_6)
DA:22,1
DA:23,1
DA:24,1
DA:25,70
DA:29,1
DA:30,22
DA:34,22
DA:35,22
DA:40,22
DA:46,1
DA:47,5
DA:48,5
DA:49,5
DA:50,5
DA:51,5
DA:52,6
DA:57,6
DA:59,5
DA:61,0
DA:66,1
DA:67,22
DA:68,22
LF:22
LH:21
BRDA:50,1,0,5
BRDA:50,1,1,0
BRDA:50,2,0,5
BRDA:50,2,1,5
BRF:4
BRH:3
end_of_record
TN:
SF:/home/ken/NetBeansProjects/Oauth2Server/database/mysql/processors/clientGrantTypeProcessor.js
FN:24,(anonymous_1)
FN:29,(anonymous_2)
FN:34,(anonymous_3)
FN:44,(anonymous_4)
FN:46,(anonymous_5)
FN:64,(anonymous_6)
FNF:6
FNH:6
FNDA:69,(anonymous_1)
FNDA:18,(anonymous_2)
FNDA:18,(anonymous_3)
FNDA:32,(anonymous_4)
FNDA:32,(anonymous_5)
FNDA:18,(anonymous_6)
DA:22,1
DA:23,1
DA:24,1
DA:25,69
DA:29,1
DA:30,18
DA:34,18
DA:35,18
DA:40,18
DA:44,1
DA:45,32
DA:46,32
DA:47,32
DA:48,32
DA:49,32
DA:50,42
DA:55,42
DA:57,32
DA:59,0
DA:64,1
DA:65,18
DA:66,18
LF:22
LH:21
BRDA:48,1,0,32
BRDA:48,1,1,0
BRDA:48,2,0,32
BRDA:48,2,1,32
BRF:4
BRH:3
end_of_record
TN:
SF:/home/ken/NetBeansProjects/Oauth2Server/database/mysql/processors/clientScopeProcessor.js
FN:24,(anonymous_1)
FN:29,(anonymous_2)
FN:34,(anonymous_3)
FN:44,(anonymous_4)
FN:46,(anonymous_5)
FN:64,(anonymous_6)
FNF:6
FNH:6
FNDA:69,(anonymous_1)
FNDA:3,(anonymous_2)
FNDA:3,(anonymous_3)
FNDA:3,(anonymous_4)
FNDA:3,(anonymous_5)
FNDA:3,(anonymous_6)
DA:22,1
DA:23,1
DA:24,1
DA:25,69
DA:29,1
DA:30,3
DA:34,3
DA:35,3
DA:40,3
DA:44,1
DA:45,3
DA:46,3
DA:47,3
DA:48,3
DA:49,3
DA:50,3
DA:55,3
DA:57,3
DA:59,0
DA:64,1
DA:65,3
DA:66,3
LF:22
LH:21
BRDA:47,1,0,3
BRDA:47,1,1,0
BRDA:47,2,0,3
BRDA:47,2,1,3
BRF:4
BRH:3
end_of_record
TN:
SF:/home/ken/NetBeansProjects/Oauth2Server/database/mysql/processors/clientRoleUriProcessor.js
FN:24,(anonymous_1)
FN:29,(anonymous_2)
FN:34,(anonymous_3)
FN:44,(anonymous_4)
FN:46,(anonymous_5)
FN:63,(anonymous_6)
FN:65,(anonymous_7)
FN:85,(anonymous_8)
FNF:8
FNH:8
FNDA:69,(anonymous_1)
FNDA:16,(anonymous_2)
FNDA:16,(anonymous_3)
FNDA:7,(anonymous_4)
FNDA:7,(anonymous_5)
FNDA:31,(anonymous_6)
FNDA:31,(anonymous_7)
FNDA:16,(anonymous_8)
DA:22,1
DA:23,1
DA:24,1
DA:25,69
DA:29,1
DA:30,16
DA:34,16
DA:36,16
DA:40,16
DA:44,1
DA:45,7
DA:46,7
DA:47,7
DA:48,7
DA:49,7
DA:50,7
DA:54,7
DA:56,7
DA:58,0
DA:63,1
DA:64,31
DA:65,31
DA:66,31
DA:67,31
DA:68,31
DA:69,31
DA:76,31
DA:78,31
DA:80,0
DA:85,1
DA:86,16
DA:87,16
LF:32
LH:30
BRDA:47,1,0,7
BRDA:47,1,1,0
BRDA:47,2,0,7
BRDA:47,2,1,7
BRDA:66,3,0,31
BRDA:66,3,1,0
BRDA:66,4,0,31
BRDA:66,4,1,31
BRF:8
BRH:6
end_of_record
TN:
SF:/home/ken/NetBeansProjects/Oauth2Server/database/mysql/processors/refreshTokenProcessor.js
FN:24,(anonymous_1)
FN:29,(anonymous_2)
FN:33,(anonymous_3)
FN:43,(anonymous_4)
FN:51,(anonymous_5)
FN:53,(anonymous_6)
FN:69,(anonymous_7)
FNF:7
FNH:7
FNDA:70,(anonymous_1)
FNDA:33,(anonymous_2)
FNDA:33,(anonymous_3)
FNDA:3,(anonymous_4)
FNDA:12,(anonymous_5)
FNDA:12,(anonymous_6)
FNDA:33,(anonymous_7)
DA:22,1
DA:23,1
DA:24,1
DA:25,70
DA:29,1
DA:30,33
DA:33,33
DA:34,33
DA:39,33
DA:43,1
DA:44,3
DA:48,3
DA:51,1
DA:52,12
DA:53,12
DA:57,12
DA:58,12
DA:62,12
DA:64,0
DA:69,1
DA:70,33
DA:71,33
LF:22
LH:21
BRDA:57,1,0,12
BRDA:57,1,1,0
BRDA:57,2,0,12
BRDA:57,2,1,12
BRDA:57,2,2,12
BRF:5
BRH:4
end_of_record
TN:
SF:/home/ken/NetBeansProjects/Oauth2Server/database/mysql/queries/tokenQueries.js
FNF:0
FNH:0
DA:22,1
DA:23,1
DA:25,1
DA:26,1
DA:29,1
DA:30,1
DA:32,1
DA:33,1
LF:8
LH:8
BRF:0
BRH:0
end_of_record
TN:
SF:/home/ken/NetBeansProjects/Oauth2Server/database/mysql/processors/accessTokenProcessor.js
FN:24,(anonymous_1)
FN:29,(anonymous_2)
FN:36,(anonymous_3)
FN:46,(anonymous_4)
FN:56,(anonymous_5)
FN:58,(anonymous_6)
FN:96,(anonymous_7)
FNF:7
FNH:7
FNDA:76,(anonymous_1)
FNDA:52,(anonymous_2)
FNDA:52,(anonymous_3)
FNDA:8,(anonymous_4)
FNDA:44,(anonymous_5)
FNDA:44,(anonymous_6)
FNDA:52,(anonymous_7)
DA:22,1
DA:23,1
DA:24,1
DA:25,76
DA:29,1
DA:30,52
DA:36,52
DA:37,52
DA:42,52
DA:46,1
DA:47,8
DA:53,8
DA:56,1
DA:57,44
DA:58,44
DA:62,44
DA:63,44
DA:69,44
DA:71,0
DA:96,1
DA:97,52
DA:98,52
LF:22
LH:21
BRDA:62,1,0,44
BRDA:62,1,1,0
BRDA:62,2,0,44
BRDA:62,2,1,44
BRDA:62,2,2,44
BRF:5
BRH:4
end_of_record
TN:
SF:/home/ken/NetBeansProjects/Oauth2Server/database/mysql/processors/authorizationCodeProcessor.js
FN:24,(anonymous_1)
FN:29,(anonymous_2)
FN:39,(anonymous_3)
FN:50,(anonymous_4)
FN:59,(anonymous_5)
FN:67,(anonymous_6)
FN:70,(anonymous_7)
FN:92,(anonymous_8)
FN:95,(anonymous_9)
FN:117,(anonymous_10)
FN:120,(anonymous_11)
FN:159,(anonymous_12)
FNF:12
FNH:12
FNDA:71,(anonymous_1)
FNDA:28,(anonymous_2)
FNDA:28,(anonymous_3)
FNDA:25,(anonymous_4)
FNDA:6,(anonymous_5)
FNDA:57,(anonymous_6)
FNDA:57,(anonymous_7)
FNDA:8,(anonymous_8)
FNDA:8,(anonymous_9)
FNDA:10,(anonymous_10)
FNDA:10,(anonymous_11)
FNDA:28,(anonymous_12)
DA:22,1
DA:23,1
DA:24,1
DA:25,71
DA:29,1
DA:30,28
DA:39,28
DA:40,28
DA:46,28
DA:50,1
DA:51,25
DA:56,25
DA:59,1
DA:60,6
DA:64,6
DA:67,1
DA:68,57
DA:70,57
DA:74,57
DA:75,50
DA:76,50
DA:85,50
DA:87,7
DA:92,1
DA:93,8
DA:95,8
DA:99,8
DA:100,8
DA:101,8
DA:110,8
DA:112,0
DA:117,1
DA:118,10
DA:120,10
DA:122,10
DA:127,10
DA:128,9
DA:129,9
DA:131,1
DA:159,1
DA:160,28
DA:161,28
LF:42
LH:41
BRDA:74,1,0,50
BRDA:74,1,1,7
BRDA:74,2,0,57
BRDA:74,2,1,57
BRDA:75,3,0,44
BRDA:75,3,1,6
BRDA:99,4,0,8
BRDA:99,4,1,0
BRDA:99,5,0,8
BRDA:99,5,1,8
BRDA:100,6,0,6
BRDA:100,6,1,2
BRDA:127,7,0,9
BRDA:127,7,1,1
BRDA:127,8,0,10
BRDA:127,8,1,10
BRDA:127,8,2,9
BRDA:127,8,3,9
BRF:18
BRH:17
end_of_record
TN:
SF:/home/ken/NetBeansProjects/Oauth2Server/database/mysql/queries/authorizationCodeQueries.js
FNF:0
FNH:0
DA:22,1
DA:23,1
DA:25,1
DA:29,1
DA:31,1
DA:33,1
DA:36,1
DA:41,1
DA:42,1
DA:44,1
DA:46,1
LF:11
LH:11
BRF:0
BRH:0
end_of_record
TN:
SF:/home/ken/NetBeansProjects/Oauth2Server/database/mysql/processors/authorizationCodeScopeProcessor.js
FN:24,(anonymous_1)
FN:29,(anonymous_2)
FN:35,(anonymous_3)
FN:46,(anonymous_4)
FN:48,(anonymous_5)
FN:66,(anonymous_6)
FN:72,(anonymous_7)
FNF:7
FNH:7
FNDA:71,(anonymous_1)
FNDA:46,(anonymous_2)
FNDA:46,(anonymous_3)
FNDA:19,(anonymous_4)
FNDA:19,(anonymous_5)
FNDA:6,(anonymous_6)
FNDA:28,(anonymous_7)
DA:22,1
DA:23,1
DA:24,1
DA:25,71
DA:29,1
DA:30,46
DA:35,46
DA:36,46
DA:41,46
DA:46,1
DA:47,19
DA:48,19
DA:49,19
DA:50,19
DA:51,19
DA:52,31
DA:57,31
DA:59,19
DA:61,0
DA:66,1
DA:67,6
DA:68,6
DA:72,1
DA:73,28
DA:74,28
LF:25
LH:24
BRDA:49,1,0,19
BRDA:49,1,1,0
BRDA:49,2,0,19
BRDA:49,2,1,19
BRF:4
BRH:3
end_of_record
TN:
SF:/home/ken/NetBeansProjects/Oauth2Server/database/mysql/processors/implicitGrantProcessor.js
FN:24,(anonymous_1)
FN:29,(anonymous_2)
FN:36,(anonymous_3)
FN:47,(anonymous_4)
FN:49,(anonymous_5)
FN:67,(anonymous_6)
FN:70,(anonymous_7)
FN:86,(anonymous_8)
FNF:8
FNH:8
FNDA:70,(anonymous_1)
FNDA:12,(anonymous_2)
FNDA:12,(anonymous_3)
FNDA:18,(anonymous_4)
FNDA:18,(anonymous_5)
FNDA:6,(anonymous_6)
FNDA:6,(anonymous_7)
FNDA:12,(anonymous_8)
DA:22,1
DA:23,1
DA:24,1
DA:25,70
DA:29,1
DA:30,12
DA:36,12
DA:37,12
DA:42,12
DA:47,1
DA:48,18
DA:49,18
DA:53,18
DA:54,16
DA:60,16
DA:62,2
DA:67,1
DA:68,6
DA:70,6
DA:72,6
DA:77,6
DA:78,5
DA:79,5
DA:81,1
DA:86,1
DA:87,12
DA:88,12
LF:27
LH:27
BRDA:53,1,0,16
BRDA:53,1,1,2
BRDA:53,2,0,18
BRDA:53,2,1,18
BRDA:77,3,0,5
BRDA:77,3,1,1
BRDA:77,4,0,6
BRDA:77,4,1,6
BRDA:77,4,2,5
BRDA:77,4,3,5
BRF:10
BRH:10
end_of_record
TN:
SF:/home/ken/NetBeansProjects/Oauth2Server/database/mysql/queries/implicitGrantQueries.js
FNF:0
FNH:0
DA:22,1
DA:23,1
DA:26,1
DA:31,1
DA:35,1
DA:36,1
DA:38,1
DA:40,1
LF:8
LH:8
BRF:0
BRH:0
end_of_record
TN:
SF:/home/ken/NetBeansProjects/Oauth2Server/database/mysql/processors/implicitGrantScopeProcessor.js
FN:24,(anonymous_1)
FN:29,(anonymous_2)
FN:35,(anonymous_3)
FN:46,(anonymous_4)
FN:48,(anonymous_5)
FN:66,(anonymous_6)
FN:72,(anonymous_7)
FNF:7
FNH:7
FNDA:70,(anonymous_1)
FNDA:23,(anonymous_2)
FNDA:23,(anonymous_3)
FNDA:4,(anonymous_4)
FNDA:4,(anonymous_5)
FNDA:3,(anonymous_6)
FNDA:12,(anonymous_7)
DA:22,1
DA:23,1
DA:24,1
DA:25,70
DA:29,1
DA:30,23
DA:35,23
DA:36,23
DA:41,23
DA:46,1
DA:47,4
DA:48,4
DA:49,4
DA:50,4
DA:51,4
DA:52,5
DA:57,5
DA:59,4
DA:61,0
DA:66,1
DA:67,3
DA:68,3
DA:72,1
DA:73,12
DA:74,12
LF:25
LH:24
BRDA:49,1,0,4
BRDA:49,1,1,0
BRDA:49,2,0,4
BRDA:49,2,1,4
BRF:4
BRH:3
end_of_record
TN:
SF:/home/ken/NetBeansProjects/Oauth2Server/database/mysql/processors/passwordGrantProcessor.js
FN:24,(anonymous_1)
FN:29,(anonymous_2)
FN:36,(anonymous_3)
FN:47,(anonymous_4)
FN:49,(anonymous_5)
FN:67,(anonymous_6)
FNF:6
FNH:6
FNDA:69,(anonymous_1)
FNDA:3,(anonymous_2)
FNDA:3,(anonymous_3)
FNDA:5,(anonymous_4)
FNDA:5,(anonymous_5)
FNDA:3,(anonymous_6)
DA:22,1
DA:23,1
DA:24,1
DA:25,69
DA:29,1
DA:30,3
DA:36,3
DA:37,3
DA:42,3
DA:47,1
DA:48,5
DA:49,5
DA:53,5
DA:54,5
DA:60,5
DA:62,0
DA:67,1
DA:68,3
DA:69,3
LF:19
LH:18
BRDA:53,1,0,5
BRDA:53,1,1,0
BRDA:53,2,0,5
BRDA:53,2,1,5
BRF:4
BRH:3
end_of_record
TN:
SF:/home/ken/NetBeansProjects/Oauth2Server/database/mysql/queries/passwordGrantQueries.js
FNF:0
FNH:0
DA:22,1
DA:23,1
DA:25,1
LF:3
LH:3
BRF:0
BRH:0
end_of_record
TN:
SF:/home/ken/NetBeansProjects/Oauth2Server/database/mysql/processors/credentialsGrantProcessor.js
FN:24,(anonymous_1)
FN:29,(anonymous_2)
FN:35,(anonymous_3)
FN:46,(anonymous_4)
FN:48,(anonymous_5)
FN:65,(anonymous_6)
FNF:6
FNH:6
FNDA:69,(anonymous_1)
FNDA:6,(anonymous_2)
FNDA:6,(anonymous_3)
FNDA:11,(anonymous_4)
FNDA:11,(anonymous_5)
FNDA:6,(anonymous_6)
DA:22,1
DA:23,1
DA:24,1
DA:25,69
DA:29,1
DA:30,6
DA:35,6
DA:36,6
DA:41,6
DA:46,1
DA:47,11
DA:48,11
DA:52,11
DA:53,8
DA:58,8
DA:60,3
DA:65,1
DA:66,6
DA:67,6
LF:19
LH:19
BRDA:52,1,0,8
BRDA:52,1,1,3
BRDA:52,2,0,11
BRDA:52,2,1,11
BRF:4
BRH:4
end_of_record
TN:
SF:/home/ken/NetBeansProjects/Oauth2Server/database/mysql/queries/credentialsGrantQueries.js
FNF:0
FNH:0
DA:22,1
DA:23,1
DA:25,1
LF:3
LH:3
BRF:0
BRH:0
end_of_record
TN:
SF:/home/ken/NetBeansProjects/Oauth2Server/database/mysql/processors/tokenKeyProcessor.js
FN:24,(anonymous_1)
FN:28,(anonymous_2)
FN:29,(anonymous_3)
FN:43,(anonymous_4)
FN:44,(anonymous_5)
FNF:5
FNH:5
FNDA:69,(anonymous_1)
FNDA:88,(anonymous_2)
FNDA:88,(anonymous_3)
FNDA:31,(anonymous_4)
FNDA:31,(anonymous_5)
DA:22,1
DA:23,1
DA:24,1
DA:25,69
DA:28,1
DA:29,88
DA:30,88
DA:31,88
DA:35,88
DA:37,0
DA:43,1
DA:44,31
DA:45,31
DA:46,31
DA:50,31
DA:52,0
LF:16
LH:14
BRDA:30,1,0,88
BRDA:30,1,1,0
BRDA:30,2,0,88
BRDA:30,2,1,88
BRDA:45,3,0,31
BRDA:45,3,1,0
BRDA:45,4,0,31
BRDA:45,4,1,31
BRF:8
BRH:6
end_of_record
TN:
SF:/home/ken/NetBeansProjects/Oauth2Server/database/mysql/queries/tokenKeyQueries.js
FNF:0
FNH:0
DA:23,1
DA:27,1
LF:2
LH:2
BRF:0
BRH:0
end_of_record
TN:
SF:/home/ken/NetBeansProjects/Oauth2Server/database/mysql/processors/sessionKeyProcessor.js
FN:24,(anonymous_1)
FN:28,(anonymous_2)
FN:29,(anonymous_3)
FNF:3
FNH:3
FNDA:69,(anonymous_1)
FNDA:4,(anonymous_2)
FNDA:4,(anonymous_3)
DA:22,1
DA:23,1
DA:24,1
DA:25,69
DA:28,1
DA:29,4
DA:30,4
DA:31,4
DA:35,4
DA:37,0
LF:10
LH:9
BRDA:30,1,0,4
BRDA:30,1,1,0
BRDA:30,2,0,4
BRDA:30,2,1,4
BRF:4
BRH:3
end_of_record
TN:
SF:/home/ken/NetBeansProjects/Oauth2Server/database/mysql/queries/sessionKeyQueries.js
FNF:0
FNH:0
DA:23,1
LF:1
LH:1
BRF:0
BRH:0
end_of_record
TN:
SF:/home/ken/NetBeansProjects/Oauth2Server/database/mysql/processors/authCodeRevokeProcessor.js
FN:24,(anonymous_1)
FN:28,(anonymous_2)
FN:32,(anonymous_3)
FN:43,(anonymous_4)
FN:45,(anonymous_5)
FN:59,(anonymous_6)
FNF:6
FNH:6
FNDA:69,(anonymous_1)
FNDA:6,(anonymous_2)
FNDA:6,(anonymous_3)
FNDA:8,(anonymous_4)
FNDA:8,(anonymous_5)
FNDA:28,(anonymous_6)
DA:22,1
DA:23,1
DA:24,1
DA:25,69
DA:28,1
DA:29,6
DA:32,6
DA:33,6
DA:38,6
DA:43,1
DA:44,8
DA:45,8
DA:46,8
DA:47,4
DA:51,4
DA:53,4
DA:59,1
DA:60,28
DA:61,28
LF:19
LH:19
BRDA:46,1,0,4
BRDA:46,1,1,4
BRDA:46,2,0,8
BRDA:46,2,1,8
BRF:4
BRH:4
end_of_record
TN:
SF:/home/ken/NetBeansProjects/Oauth2Server/database/mysql/queries/authCodeRevokeQueries.js
FNF:0
FNH:0
DA:22,1
DA:23,1
DA:24,1
LF:3
LH:3
BRF:0
BRH:0
end_of_record
TN:
SF:/home/ken/NetBeansProjects/Oauth2Server/delegates/accessTokenDelegate.js
FN:28,(anonymous_1)
FN:32,(anonymous_2)
FN:34,(anonymous_3)
FN:42,(anonymous_4)
FN:57,(anonymous_5)
FN:61,(anonymous_6)
FN:63,(anonymous_7)
FN:133,(anonymous_8)
FNF:8
FNH:8
FNDA:32,(anonymous_1)
FNDA:43,(anonymous_2)
FNDA:43,(anonymous_3)
FNDA:43,(anonymous_4)
FNDA:42,(anonymous_5)
FNDA:42,(anonymous_6)
FNDA:42,(anonymous_7)
FNDA:5,(anonymous_8)
DA:23,1
DA:24,1
DA:26,1
DA:28,1
DA:29,32
DA:32,1
DA:33,43
DA:34,43
DA:35,43
DA:36,43
DA:37,43
DA:39,43
DA:40,43
DA:41,43
DA:42,43
DA:43,43
DA:44,0
DA:46,43
DA:49,0
DA:53,0
DA:57,1
DA:58,42
DA:61,42
DA:62,42
DA:63,42
DA:65,42
DA:66,1
DA:67,41
DA:68,41
DA:69,41
DA:70,41
DA:72,41
DA:73,41
DA:77,41
DA:78,41
DA:80,41
DA:81,41
DA:83,154
DA:84,40
DA:85,40
DA:102,41
DA:103,41
DA:104,41
DA:105,41
DA:106,0
DA:110,41
DA:111,41
DA:113,41
DA:114,40
DA:115,40
DA:116,1
DA:117,0
DA:118,0
DA:121,0
DA:124,42
DA:127,0
DA:133,1
DA:134,5
DA:142,5
DA:143,5
DA:146,5
DA:147,5
DA:148,5
DA:149,5
DA:151,5
LF:65
LH:57
BRDA:33,1,0,43
BRDA:33,1,1,0
BRDA:35,2,0,43
BRDA:35,2,1,0
BRDA:35,3,0,43
BRDA:35,3,1,43
BRDA:43,4,0,0
BRDA:43,4,1,43
BRDA:62,5,0,42
BRDA:62,5,1,0
BRDA:62,6,0,42
BRDA:62,6,1,42
BRDA:65,7,0,1
BRDA:65,7,1,41
BRDA:67,8,0,41
BRDA:67,8,1,0
BRDA:69,9,0,41
BRDA:69,9,1,0
BRDA:70,10,0,41
BRDA:70,10,1,0
BRDA:73,11,0,41
BRDA:73,11,1,0
BRDA:73,12,0,41
BRDA:73,12,1,41
BRDA:73,12,2,41
BRDA:73,12,3,41
BRDA:80,13,0,41
BRDA:80,13,1,0
BRDA:80,14,0,41
BRDA:80,14,1,41
BRDA:83,15,0,40
BRDA:83,15,1,114
BRDA:83,16,0,154
BRDA:83,16,1,112
BRDA:103,17,0,41
BRDA:103,17,1,0
BRDA:104,18,0,41
BRDA:104,18,1,0
BRDA:105,19,0,0
BRDA:105,19,1,41
BRDA:106,20,0,0
BRDA:106,20,1,0
BRDA:113,21,0,40
BRDA:113,21,1,1
BRDA:113,22,0,41
BRDA:113,22,1,0
BRDA:113,22,2,41
BRDA:113,22,3,40
BRDA:116,23,0,0
BRDA:116,23,1,1
BRDA:116,24,0,1
BRDA:116,24,1,0
BRDA:143,25,0,5
BRDA:143,25,1,0
BRDA:143,26,0,5
BRDA:143,26,1,5
BRDA:143,26,2,5
BRF:57
BRH:39
end_of_record
TN:
SF:/home/ken/NetBeansProjects/Oauth2Server/managers/authorizationCodeManager.js
FN:28,(anonymous_1)
FN:35,(anonymous_2)
FN:48,(anonymous_3)
FN:50,(anonymous_4)
FN:52,(anonymous_5)
FN:54,(anonymous_6)
FN:56,(anonymous_7)
FN:73,(anonymous_8)
FN:76,(anonymous_9)
FN:97,(anonymous_10)
FN:100,(anonymous_11)
FN:118,(anonymous_12)
FN:152,(anonymous_13)
FN:161,(anonymous_14)
FN:172,(anonymous_15)
FN:181,(anonymous_16)
FN:187,(anonymous_17)
FN:206,(anonymous_18)
FN:214,(anonymous_19)
FNF:19
FNH:19
FNDA:8,(anonymous_1)
FNDA:25,(anonymous_2)
FNDA:25,(anonymous_3)
FNDA:24,(anonymous_4)
FNDA:18,(anonymous_5)
FNDA:18,(anonymous_6)
FNDA:11,(anonymous_7)
FNDA:6,(anonymous_8)
FNDA:6,(anonymous_9)
FNDA:5,(anonymous_10)
FNDA:5,(anonymous_11)
FNDA:7,(anonymous_12)
FNDA:7,(anonymous_13)
FNDA:7,(anonymous_14)
FNDA:7,(anonymous_15)
FNDA:7,(anonymous_16)
FNDA:6,(anonymous_17)
FNDA:7,(anonymous_18)
FNDA:7,(anonymous_19)
DA:22,1
DA:23,1
DA:24,1
DA:26,1
DA:28,1
DA:29,8
DA:30,8
DA:31,8
DA:35,1
DA:36,25
DA:42,25
DA:43,25
DA:44,25
DA:45,25
DA:46,25
DA:47,25
DA:48,25
DA:49,25
DA:50,24
DA:51,24
DA:52,18
DA:53,18
DA:54,18
DA:55,18
DA:56,11
DA:57,11
DA:58,11
DA:59,11
DA:60,11
DA:62,6
DA:63,6
DA:67,11
DA:69,6
DA:70,6
DA:72,6
DA:73,6
DA:74,6
DA:76,6
DA:77,6
DA:78,6
DA:79,6
DA:80,6
DA:82,6
DA:85,0
DA:86,0
DA:87,0
DA:91,5
DA:92,5
DA:93,5
DA:95,5
DA:97,5
DA:98,5
DA:99,5
DA:100,5
DA:101,5
DA:102,5
DA:103,5
DA:104,5
DA:106,5
DA:109,0
DA:110,0
DA:117,7
DA:118,7
DA:119,7
DA:120,7
DA:121,7
DA:122,7
DA:124,7
DA:129,0
DA:130,0
DA:131,0
DA:135,6
DA:136,6
DA:137,6
DA:141,1
DA:142,1
DA:146,0
DA:147,0
DA:152,1
DA:153,7
DA:156,7
DA:157,7
DA:158,7
DA:159,7
DA:160,7
DA:161,7
DA:162,7
DA:163,6
DA:165,7
DA:168,0
DA:172,1
DA:173,7
DA:176,7
DA:177,7
DA:178,7
DA:179,7
DA:181,7
DA:186,7
DA:187,6
DA:189,6
DA:190,6
DA:191,6
DA:192,6
DA:194,6
DA:197,1
DA:201,0
DA:206,1
DA:207,7
DA:210,7
DA:211,7
DA:212,7
DA:213,7
DA:214,7
DA:215,7
DA:216,7
DA:219,0
LF:116
LH:103
BRDA:47,1,0,25
BRDA:47,1,1,0
BRDA:47,2,0,25
BRDA:47,2,1,25
BRDA:47,2,2,25
BRDA:47,2,3,25
BRDA:49,3,0,24
BRDA:49,3,1,1
BRDA:49,4,0,25
BRDA:49,4,1,25
BRDA:51,5,0,18
BRDA:51,5,1,6
BRDA:51,6,0,24
BRDA:51,6,1,24
BRDA:53,7,0,18
BRDA:53,7,1,0
BRDA:55,8,0,11
BRDA:55,8,1,7
BRDA:55,9,0,18
BRDA:55,9,1,11
BRDA:60,10,0,6
BRDA:60,10,1,5
BRDA:67,11,0,6
BRDA:67,11,1,5
BRDA:74,12,0,6
BRDA:74,12,1,0
BRDA:77,13,0,6
BRDA:77,13,1,0
BRDA:99,14,0,5
BRDA:99,14,1,0
BRDA:101,15,0,5
BRDA:101,15,1,0
BRDA:119,16,0,7
BRDA:119,16,1,0
BRDA:160,17,0,7
BRDA:160,17,1,0
BRDA:160,18,0,7
BRDA:160,18,1,7
BRDA:160,18,2,7
BRDA:160,18,3,7
BRDA:162,19,0,6
BRDA:162,19,1,1
BRDA:162,20,0,7
BRDA:162,20,1,6
BRDA:179,21,0,7
BRDA:179,21,1,0
BRDA:179,22,0,7
BRDA:179,22,1,7
BRDA:179,22,2,7
BRDA:186,23,0,6
BRDA:186,23,1,1
BRDA:186,24,0,7
BRDA:186,24,1,6
BRDA:186,24,2,6
BRDA:189,25,0,6
BRDA:189,25,1,0
BRDA:189,26,0,6
BRDA:189,26,1,6
BRDA:189,26,2,6
BRDA:213,27,0,7
BRDA:213,27,1,0
BRDA:213,28,0,7
BRDA:213,28,1,7
BRDA:213,28,2,7
BRF:64
BRH:53
end_of_record
TN:
SF:/home/ken/NetBeansProjects/Oauth2Server/delegates/authorizationCodeDelegate.js
FN:29,(anonymous_1)
FN:36,(anonymous_2)
FN:53,(anonymous_3)
FN:59,(anonymous_4)
FN:75,(anonymous_5)
FN:94,(anonymous_6)
FN:102,(anonymous_7)
FN:132,(anonymous_8)
FN:143,(anonymous_9)
FNF:9
FNH:9
FNDA:9,(anonymous_1)
FNDA:19,(anonymous_2)
FNDA:19,(anonymous_3)
FNDA:19,(anonymous_4)
FNDA:19,(anonymous_5)
FNDA:19,(anonymous_6)
FNDA:19,(anonymous_7)
FNDA:19,(anonymous_8)
FNDA:19,(anonymous_9)
DA:22,1
DA:23,1
DA:24,1
DA:25,1
DA:27,1
DA:29,1
DA:30,9
DA:31,9
DA:32,9
DA:36,1
DA:37,19
DA:43,19
DA:44,19
DA:45,19
DA:47,19
DA:53,19
DA:55,19
DA:56,19
DA:59,19
DA:61,19
DA:62,19
DA:63,19
DA:64,19
DA:66,19
DA:75,19
DA:76,19
DA:77,19
DA:78,19
DA:79,19
DA:81,19
DA:85,19
DA:86,19
DA:94,19
DA:95,19
DA:96,19
DA:97,19
DA:102,19
DA:103,19
DA:104,19
DA:105,19
DA:106,19
DA:107,19
DA:109,0
DA:113,0
DA:117,0
DA:121,0
DA:125,0
DA:132,1
DA:133,19
DA:134,19
DA:136,19
DA:137,380
DA:139,19
DA:143,1
DA:144,19
DA:145,19
DA:146,19
DA:147,19
DA:148,19
DA:150,19
LF:60
LH:55
BRDA:55,1,0,19
BRDA:55,1,1,0
BRDA:61,2,0,19
BRDA:61,2,1,0
BRDA:76,3,0,19
BRDA:76,3,1,0
BRDA:95,4,0,19
BRDA:95,4,1,0
BRDA:103,5,0,19
BRDA:103,5,1,0
BRDA:145,6,0,19
BRDA:145,6,1,0
BRDA:145,7,0,19
BRDA:145,7,1,19
BRF:14
BRH:8
end_of_record
TN:
SF:/home/ken/NetBeansProjects/Oauth2Server/delegates/refreshTokenDelegate.js
FN:27,(anonymous_1)
FN:31,(anonymous_2)
FN:33,(anonymous_3)
FN:41,(anonymous_4)
FN:56,(anonymous_5)
FN:59,(anonymous_6)
FN:61,(anonymous_7)
FN:78,(anonymous_8)
FN:85,(anonymous_9)
FN:87,(anonymous_10)
FNF:10
FNH:10
FNDA:21,(anonymous_1)
FNDA:20,(anonymous_2)
FNDA:20,(anonymous_3)
FNDA:20,(anonymous_4)
FNDA:4,(anonymous_5)
FNDA:4,(anonymous_6)
FNDA:4,(anonymous_7)
FNDA:4,(anonymous_8)
FNDA:4,(anonymous_9)
FNDA:4,(anonymous_10)
DA:22,1
DA:23,1
DA:25,1
DA:27,1
DA:28,21
DA:31,1
DA:32,20
DA:33,20
DA:34,20
DA:35,20
DA:36,20
DA:38,20
DA:39,20
DA:40,20
DA:41,20
DA:42,20
DA:43,0
DA:45,20
DA:48,0
DA:52,0
DA:56,1
DA:57,4
DA:59,4
DA:60,4
DA:61,4
DA:62,4
DA:63,0
DA:65,4
DA:68,4
DA:70,4
DA:73,0
DA:78,1
DA:79,4
DA:85,4
DA:86,4
DA:87,4
DA:88,4
DA:89,0
DA:91,4
DA:93,4
DA:94,4
DA:95,4
DA:97,4
DA:100,0
LF:44
LH:37
BRDA:32,1,0,20
BRDA:32,1,1,0
BRDA:34,2,0,20
BRDA:34,2,1,0
BRDA:34,3,0,20
BRDA:34,3,1,20
BRDA:42,4,0,0
BRDA:42,4,1,20
BRDA:60,5,0,4
BRDA:60,5,1,0
BRDA:60,6,0,4
BRDA:60,6,1,4
BRDA:62,7,0,0
BRDA:62,7,1,4
BRDA:65,8,0,4
BRDA:65,8,1,0
BRDA:65,9,0,4
BRDA:65,9,1,4
BRDA:65,9,2,4
BRDA:65,9,3,4
BRDA:65,9,4,4
BRDA:86,10,0,4
BRDA:86,10,1,0
BRDA:86,11,0,4
BRDA:86,11,1,4
BRDA:88,12,0,0
BRDA:88,12,1,4
BRDA:91,13,0,4
BRDA:91,13,1,0
BRDA:91,14,0,4
BRDA:91,14,1,4
BRDA:91,14,2,4
BRF:32
BRH:23
end_of_record
TN:
SF:/home/ken/NetBeansProjects/Oauth2Server/managers/manager.js
FN:27,(anonymous_1)
FN:32,(anonymous_2)
FN:52,(anonymous_3)
FN:63,(anonymous_4)
FN:66,(anonymous_5)
FN:86,(anonymous_6)
FN:99,(anonymous_7)
FNF:7
FNH:7
FNDA:18,(anonymous_1)
FNDA:284,(anonymous_2)
FNDA:27,(anonymous_3)
FNDA:27,(anonymous_4)
FNDA:27,(anonymous_5)
FNDA:71,(anonymous_6)
FNDA:4,(anonymous_7)
DA:24,1
DA:25,1
DA:27,1
DA:28,18
DA:32,1
DA:33,284
DA:34,284
DA:35,284
DA:36,284
DA:37,284
DA:38,284
DA:39,1
DA:40,1
DA:43,0
DA:46,0
DA:48,284
DA:52,1
DA:53,27
DA:54,27
DA:56,27
DA:57,1350
DA:59,27
DA:63,1
DA:64,27
DA:65,27
DA:66,27
DA:67,27
DA:68,27
DA:69,31
DA:70,27
DA:71,27
DA:74,27
DA:76,0
DA:80,0
DA:85,1
DA:86,1
DA:89,71
DA:90,71
DA:91,71
DA:92,353
DA:93,353
DA:96,71
DA:99,1
DA:100,4
DA:101,4
DA:102,4
DA:103,18
DA:104,18
DA:107,4
LF:49
LH:45
BRDA:34,1,0,284
BRDA:34,1,1,0
BRDA:34,2,0,284
BRDA:34,2,1,284
BRDA:36,3,0,284
BRDA:36,3,1,0
BRDA:36,4,0,284
BRDA:36,4,1,284
BRDA:38,5,0,1
BRDA:38,5,1,283
BRDA:65,6,0,27
BRDA:65,6,1,0
BRDA:67,7,0,27
BRDA:67,7,1,0
BRDA:69,8,0,27
BRDA:69,8,1,4
BRDA:90,9,0,71
BRDA:90,9,1,0
BRDA:90,10,0,71
BRDA:90,10,1,71
BRDA:101,11,0,4
BRDA:101,11,1,0
BRDA:101,12,0,4
BRDA:101,12,1,4
BRF:24
BRH:18
end_of_record
TN:
SF:/home/ken/NetBeansProjects/Oauth2Server/constants/grantTypeConstants.js
FNF:0
FNH:0
DA:1,1
DA:2,1
DA:3,1
DA:4,1
LF:4
LH:4
BRF:0
BRH:0
end_of_record
TN:
SF:/home/ken/NetBeansProjects/Oauth2Server/delegates/accessTokenRefreshDelegate.js
FN:31,(anonymous_1)
FN:37,(anonymous_2)
FN:54,(anonymous_3)
FN:58,(anonymous_4)
FN:67,(anonymous_5)
FN:73,(anonymous_6)
FN:76,(anonymous_7)
FN:79,(anonymous_8)
FN:91,(anonymous_9)
FN:107,(anonymous_10)
FNF:10
FNH:10
FNDA:4,(anonymous_1)
FNDA:6,(anonymous_2)
FNDA:6,(anonymous_3)
FNDA:3,(anonymous_4)
FNDA:3,(anonymous_5)
FNDA:3,(anonymous_6)
FNDA:3,(anonymous_7)
FNDA:3,(anonymous_8)
FNDA:3,(anonymous_9)
FNDA:3,(anonymous_10)
DA:24,1
DA:25,1
DA:26,1
DA:27,1
DA:29,1
DA:31,1
DA:32,4
DA:33,4
DA:34,4
DA:37,1
DA:38,6
DA:41,6
DA:47,6
DA:48,6
DA:49,6
DA:50,6
DA:51,6
DA:52,6
DA:54,6
DA:55,6
DA:58,3
DA:59,3
DA:60,3
DA:61,3
DA:62,3
DA:63,3
DA:67,3
DA:69,3
DA:71,3
DA:73,3
DA:74,3
DA:76,3
DA:77,3
DA:79,3
DA:80,3
DA:81,3
DA:91,3
DA:92,3
DA:93,3
DA:94,3
DA:95,3
DA:96,3
DA:102,3
DA:107,3
DA:108,3
DA:109,3
DA:110,3
DA:111,3
DA:113,0
DA:114,0
DA:118,0
DA:119,0
DA:123,0
DA:124,0
DA:128,0
DA:129,0
DA:133,0
DA:134,0
DA:137,0
DA:138,0
DA:139,0
DA:141,0
DA:142,0
DA:145,0
DA:146,0
DA:150,0
DA:151,0
DA:155,3
DA:156,3
DA:160,0
DA:161,0
LF:71
LH:50
BRDA:52,1,0,6
BRDA:52,1,1,0
BRDA:52,2,0,6
BRDA:52,2,1,6
BRDA:52,2,2,6
BRDA:55,3,0,3
BRDA:55,3,1,3
BRDA:55,4,0,6
BRDA:55,4,1,6
BRDA:55,4,2,6
BRDA:55,4,3,6
BRDA:59,5,0,3
BRDA:59,5,1,0
BRDA:59,6,0,3
BRDA:59,6,1,3
BRDA:69,7,0,3
BRDA:69,7,1,0
BRDA:71,8,0,3
BRDA:71,8,1,0
BRDA:74,9,0,3
BRDA:74,9,1,0
BRDA:74,10,0,3
BRDA:74,10,1,3
BRDA:77,11,0,3
BRDA:77,11,1,0
BRDA:77,12,0,3
BRDA:77,12,1,3
BRDA:80,13,0,3
BRDA:80,13,1,0
BRDA:80,14,0,3
BRDA:80,14,1,3
BRDA:80,14,2,3
BRDA:92,15,0,3
BRDA:92,15,1,0
BRDA:108,16,0,3
BRDA:108,16,1,0
BRDA:137,17,0,0
BRDA:137,17,1,0
BRF:38
BRH:27
end_of_record
TN:
SF:/home/ken/NetBeansProjects/Oauth2Server/managers/clientManager.js
FN:26,(anonymous_1)
FN:31,(anonymous_2)
FN:42,(anonymous_3)
FN:59,(anonymous_4)
FN:69,(anonymous_5)
FN:82,(anonymous_6)
FN:85,(anonymous_7)
FN:87,(anonymous_8)
FN:103,(anonymous_9)
FN:109,(anonymous_10)
FN:118,(anonymous_11)
FNF:11
FNH:11
FNDA:22,(anonymous_1)
FNDA:22,(anonymous_2)
FNDA:22,(anonymous_3)
FNDA:6,(anonymous_4)
FNDA:6,(anonymous_5)
FNDA:8,(anonymous_6)
FNDA:8,(anonymous_7)
FNDA:8,(anonymous_8)
FNDA:2,(anonymous_9)
FNDA:1,(anonymous_10)
FNDA:22,(anonymous_11)
DA:22,1
DA:24,1
DA:26,1
DA:27,22
DA:31,1
DA:32,22
DA:37,22
DA:38,22
DA:39,22
DA:40,22
DA:41,22
DA:42,22
DA:43,22
DA:44,22
DA:45,22
DA:46,22
DA:48,0
DA:52,0
DA:55,0
DA:59,1
DA:60,6
DA:64,6
DA:65,6
DA:66,6
DA:67,1
DA:69,6
DA:70,6
DA:71,6
DA:72,6
DA:74,0
DA:78,0
DA:82,1
DA:83,8
DA:84,8
DA:85,8
DA:86,8
DA:87,8
DA:88,8
DA:89,8
DA:91,8
DA:94,0
DA:98,0
DA:103,1
DA:104,2
DA:109,1
DA:110,1
DA:111,1
DA:113,0
DA:118,1
DA:119,22
DA:123,22
DA:124,22
DA:125,22
DA:127,0
LF:54
LH:45
BRDA:38,1,0,22
BRDA:38,1,1,0
BRDA:40,2,0,22
BRDA:40,2,1,0
BRDA:43,3,0,22
BRDA:43,3,1,0
BRDA:43,4,0,22
BRDA:43,4,1,22
BRDA:65,5,0,6
BRDA:65,5,1,0
BRDA:66,6,0,1
BRDA:66,6,1,5
BRDA:70,7,0,6
BRDA:70,7,1,0
BRDA:70,8,0,6
BRDA:70,8,1,6
BRDA:84,9,0,8
BRDA:84,9,1,0
BRDA:86,10,0,8
BRDA:86,10,1,0
BRDA:88,11,0,8
BRDA:88,11,1,0
BRDA:110,12,0,1
BRDA:110,12,1,0
BRDA:110,13,0,1
BRDA:110,13,1,1
BRDA:124,14,0,22
BRDA:124,14,1,0
BRF:28
BRH:18
end_of_record
TN:
SF:/home/ken/NetBeansProjects/Oauth2Server/managers/clientGrantTypeManager.js
FN:26,(anonymous_1)
FN:31,(anonymous_2)
FN:43,(anonymous_3)
FN:52,(anonymous_4)
FNF:4
FNH:4
FNDA:12,(anonymous_1)
FNDA:15,(anonymous_2)
FNDA:2,(anonymous_3)
FNDA:15,(anonymous_4)
DA:22,1
DA:24,1
DA:26,1
DA:27,12
DA:31,1
DA:32,15
DA:35,15
DA:36,15
DA:37,15
DA:39,0
DA:43,1
DA:44,2
DA:45,2
DA:46,2
DA:48,0
DA:52,1
DA:53,15
DA:56,15
DA:57,15
DA:58,15
DA:60,0
LF:21
LH:18
BRDA:36,1,0,15
BRDA:36,1,1,0
BRDA:45,2,0,2
BRDA:45,2,1,0
BRDA:57,3,0,15
BRDA:57,3,1,0
BRF:6
BRH:3
end_of_record
TN:
SF:/home/ken/NetBeansProjects/Oauth2Server/delegates/authCodeTokenDelegate.js
FN:28,(anonymous_1)
FN:32,(anonymous_2)
FN:49,(anonymous_3)
FN:54,(anonymous_4)
FN:57,(anonymous_5)
FN:61,(anonymous_6)
FN:71,(anonymous_7)
FN:82,(anonymous_8)
FN:85,(anonymous_9)
FN:91,(anonymous_10)
FNF:10
FNH:10
FNDA:4,(anonymous_1)
FNDA:10,(anonymous_2)
FNDA:9,(anonymous_3)
FNDA:7,(anonymous_4)
FNDA:5,(anonymous_5)
FNDA:5,(anonymous_6)
FNDA:1,(anonymous_7)
FNDA:3,(anonymous_8)
FNDA:3,(anonymous_9)
FNDA:3,(anonymous_10)
DA:23,1
DA:24,1
DA:26,1
DA:28,1
DA:29,4
DA:32,1
DA:33,10
DA:36,10
DA:41,10
DA:42,10
DA:43,10
DA:44,10
DA:45,10
DA:46,10
DA:49,9
DA:51,9
DA:54,7
DA:55,7
DA:57,5
DA:59,5
DA:61,5
DA:62,5
DA:63,1
DA:64,1
DA:66,4
DA:68,1
DA:71,1
DA:72,1
DA:73,1
DA:77,3
DA:82,3
DA:83,3
DA:85,3
DA:87,3
DA:89,3
DA:90,3
DA:91,3
DA:92,3
DA:93,3
DA:96,0
DA:99,0
DA:100,0
DA:104,0
DA:105,0
DA:112,0
DA:113,0
DA:117,2
DA:118,2
DA:122,2
DA:123,2
DA:127,1
DA:128,1
LF:52
LH:45
BRDA:46,1,0,9
BRDA:46,1,1,1
BRDA:46,2,0,10
BRDA:46,2,1,10
BRDA:46,2,2,10
BRDA:46,2,3,9
BRDA:46,2,4,9
BRDA:51,3,0,7
BRDA:51,3,1,2
BRDA:51,4,0,9
BRDA:51,4,1,9
BRDA:51,4,2,9
BRDA:51,4,3,9
BRDA:51,4,4,7
BRDA:55,5,0,5
BRDA:55,5,1,2
BRDA:55,6,0,7
BRDA:55,6,1,7
BRDA:59,7,0,5
BRDA:59,7,1,0
BRDA:59,8,0,5
BRDA:59,8,1,5
BRDA:62,9,0,1
BRDA:62,9,1,4
BRDA:62,10,0,5
BRDA:62,10,1,1
BRDA:66,11,0,1
BRDA:66,11,1,3
BRDA:83,12,0,3
BRDA:83,12,1,0
BRDA:87,13,0,3
BRDA:87,13,1,0
BRDA:87,14,0,3
BRDA:87,14,1,3
BRDA:90,15,0,3
BRDA:90,15,1,0
BRF:36
BRH:32
end_of_record
TN:
SF:/home/ken/NetBeansProjects/Oauth2Server/delegates/credentialsGrantDelegate.js
FN:30,(anonymous_1)
FN:38,(anonymous_2)
FN:52,(anonymous_3)
FN:55,(anonymous_4)
FN:57,(anonymous_5)
FN:60,(anonymous_6)
FN:74,(anonymous_7)
FN:87,(anonymous_8)
FNF:8
FNH:8
FNDA:4,(anonymous_1)
FNDA:7,(anonymous_2)
FNDA:7,(anonymous_3)
FNDA:3,(anonymous_4)
FNDA:3,(anonymous_5)
FNDA:3,(anonymous_6)
FNDA:3,(anonymous_7)
FNDA:3,(anonymous_8)
DA:22,1
DA:23,1
DA:24,1
DA:25,1
DA:26,1
DA:28,1
DA:30,1
DA:31,4
DA:32,4
DA:33,4
DA:34,4
DA:38,1
DA:39,7
DA:44,7
DA:47,7
DA:48,7
DA:49,7
DA:50,7
DA:52,7
DA:53,7
DA:55,3
DA:56,3
DA:57,3
DA:59,3
DA:60,3
DA:62,3
DA:63,3
DA:64,3
DA:65,3
DA:67,3
DA:74,3
DA:75,3
DA:76,3
DA:77,3
DA:78,3
DA:83,3
DA:87,3
DA:88,3
DA:89,3
DA:90,3
DA:92,0
DA:96,0
DA:100,0
DA:104,0
DA:105,0
DA:109,0
DA:110,0
DA:114,4
DA:115,4
DA:119,0
LF:50
LH:42
BRDA:50,1,0,7
BRDA:50,1,1,0
BRDA:50,2,0,7
BRDA:50,2,1,7
BRDA:50,2,2,7
BRDA:53,3,0,3
BRDA:53,3,1,4
BRDA:53,4,0,7
BRDA:53,4,1,7
BRDA:53,4,2,7
BRDA:53,4,3,7
BRDA:53,4,4,5
BRDA:56,5,0,3
BRDA:56,5,1,0
BRDA:59,6,0,3
BRDA:59,6,1,0
BRDA:62,7,0,3
BRDA:62,7,1,0
BRDA:75,8,0,3
BRDA:75,8,1,0
BRDA:88,9,0,3
BRDA:88,9,1,0
BRF:22
BRH:16
end_of_record
TN:
SF:/home/ken/NetBeansProjects/Oauth2Server/delegates/implicitGrantDelegate.js
FN:29,(anonymous_1)
FN:36,(anonymous_2)
FN:47,(anonymous_3)
FN:63,(anonymous_4)
FN:77,(anonymous_5)
FNF:5
FNH:5
FNDA:3,(anonymous_1)
FNDA:6,(anonymous_2)
FNDA:6,(anonymous_3)
FNDA:6,(anonymous_4)
FNDA:6,(anonymous_5)
DA:22,1
DA:23,1
DA:24,1
DA:25,1
DA:27,1
DA:29,1
DA:30,3
DA:31,3
DA:32,3
DA:36,1
DA:37,6
DA:42,6
DA:43,6
DA:44,6
DA:45,6
DA:46,6
DA:47,6
DA:49,6
DA:50,6
DA:51,6
DA:52,6
DA:54,6
DA:63,6
DA:64,6
DA:65,6
DA:66,6
DA:67,6
DA:72,6
DA:77,6
DA:78,6
DA:79,6
DA:80,6
DA:81,6
DA:82,6
DA:84,0
DA:88,0
DA:92,0
DA:96,0
LF:38
LH:34
BRDA:46,1,0,6
BRDA:46,1,1,0
BRDA:46,2,0,6
BRDA:46,2,1,6
BRDA:46,2,2,6
BRDA:49,3,0,6
BRDA:49,3,1,0
BRDA:64,4,0,6
BRDA:64,4,1,0
BRDA:78,5,0,6
BRDA:78,5,1,0
BRF:11
BRH:7
end_of_record
TN:
SF:/home/ken/NetBeansProjects/Oauth2Server/delegates/sessionDelegate.js
FN:24,(anonymous_1)
FN:28,(anonymous_2)
FN:29,(anonymous_3)
FN:38,(anonymous_4)
FNF:4
FNH:4
FNDA:1,(anonymous_1)
FNDA:1,(anonymous_2)
FNDA:1,(anonymous_3)
FNDA:1,(anonymous_4)
DA:22,1
DA:24,1
DA:25,1
DA:28,1
DA:29,1
DA:30,1
DA:35,1
DA:37,1
DA:38,1
DA:40,1
DA:41,1
DA:42,1
DA:45,0
LF:13
LH:12
BRDA:35,1,0,1
BRDA:35,1,1,0
BRDA:35,2,0,1
BRDA:35,2,1,1
BRF:4
BRH:3
end_of_record
TN:
SF:/home/ken/NetBeansProjects/Oauth2Server/managers/tokenManager.js
FN:29,(anonymous_1)
FN:36,(anonymous_2)
FN:40,(anonymous_3)
FN:44,(anonymous_4)
FNF:4
FNH:4
FNDA:3,(anonymous_1)
FNDA:7,(anonymous_2)
FNDA:4,(anonymous_3)
FNDA:4,(anonymous_4)
DA:23,1
DA:24,1
DA:25,1
DA:27,1
DA:29,1
DA:30,3
DA:31,3
DA:32,3
DA:33,3
DA:36,1
DA:37,7
DA:40,1
DA:41,4
DA:44,1
DA:45,4
LF:15
LH:15
BRF:0
BRH:0
end_of_record
TN:
SF:/home/ken/NetBeansProjects/Oauth2Server/managers/clientAllowedUriManager.js
FN:26,(anonymous_1)
FN:30,(anonymous_2)
FN:43,(anonymous_3)
FN:56,(anonymous_4)
FN:66,(anonymous_5)
FN:80,(anonymous_6)
FN:90,(anonymous_7)
FN:104,(anonymous_8)
FN:114,(anonymous_9)
FN:123,(anonymous_10)
FN:133,(anonymous_11)
FNF:11
FNH:11
FNDA:6,(anonymous_1)
FNDA:1,(anonymous_2)
FNDA:7,(anonymous_3)
FNDA:1,(anonymous_4)
FNDA:1,(anonymous_5)
FNDA:3,(anonymous_6)
FNDA:2,(anonymous_7)
FNDA:2,(anonymous_8)
FNDA:2,(anonymous_9)
FNDA:1,(anonymous_10)
FNDA:7,(anonymous_11)
DA:22,1
DA:24,1
DA:26,1
DA:27,6
DA:30,1
DA:31,1
DA:34,1
DA:35,1
DA:36,1
DA:38,0
DA:43,1
DA:44,7
DA:47,7
DA:49,7
DA:50,6
DA:52,1
DA:56,1
DA:57,1
DA:61,1
DA:62,1
DA:63,1
DA:64,1
DA:66,1
DA:67,1
DA:68,1
DA:69,1
DA:71,0
DA:75,0
DA:80,1
DA:81,3
DA:85,3
DA:86,3
DA:87,2
DA:88,2
DA:90,2
DA:91,2
DA:92,2
DA:93,2
DA:95,0
DA:99,1
DA:104,1
DA:105,2
DA:106,2
DA:107,2
DA:109,0
DA:114,1
DA:115,2
DA:116,2
DA:117,2
DA:119,0
DA:123,1
DA:124,1
DA:125,1
DA:126,1
DA:127,1
DA:129,0
DA:133,1
DA:134,7
DA:137,7
DA:138,7
DA:139,7
DA:141,0
LF:62
LH:54
BRDA:35,1,0,1
BRDA:35,1,1,0
BRDA:49,2,0,6
BRDA:49,2,1,1
BRDA:49,3,0,7
BRDA:49,3,1,7
BRDA:49,3,2,7
BRDA:62,4,0,1
BRDA:62,4,1,0
BRDA:63,5,0,1
BRDA:63,5,1,0
BRDA:67,6,0,1
BRDA:67,6,1,0
BRDA:67,7,0,1
BRDA:67,7,1,1
BRDA:86,8,0,2
BRDA:86,8,1,1
BRDA:86,9,0,3
BRDA:86,9,1,3
BRDA:86,9,2,3
BRDA:87,10,0,2
BRDA:87,10,1,0
BRDA:91,11,0,2
BRDA:91,11,1,0
BRDA:91,12,0,2
BRDA:91,12,1,2
BRDA:106,13,0,2
BRDA:106,13,1,0
BRDA:116,14,0,2
BRDA:116,14,1,0
BRDA:126,15,0,1
BRDA:126,15,1,0
BRDA:126,16,0,1
BRDA:126,16,1,1
BRDA:138,17,0,7
BRDA:138,17,1,0
BRF:36
BRH:26
end_of_record
TN:
SF:/home/ken/NetBeansProjects/Oauth2Server/managers/clientRedirectUriManager.js
FN:26,(anonymous_1)
FN:31,(anonymous_2)
FN:44,(anonymous_3)
FN:53,(anonymous_4)
FNF:4
FNH:4
FNDA:2,(anonymous_1)
FNDA:2,(anonymous_2)
FNDA:2,(anonymous_3)
FNDA:2,(anonymous_4)
DA:22,1
DA:24,1
DA:26,1
DA:27,2
DA:31,1
DA:32,2
DA:35,2
DA:36,2
DA:37,2
DA:39,0
DA:44,1
DA:45,2
DA:46,2
DA:47,2
DA:49,0
DA:53,1
DA:54,2
DA:57,2
DA:58,2
DA:59,2
DA:61,0
LF:21
LH:18
BRDA:36,1,0,2
BRDA:36,1,1,0
BRDA:46,2,0,2
BRDA:46,2,1,0
BRDA:58,3,0,2
BRDA:58,3,1,0
BRF:6
BRH:3
end_of_record
TN:
SF:/home/ken/NetBeansProjects/Oauth2Server/managers/clientRoleManager.js
FN:26,(anonymous_1)
FN:31,(anonymous_2)
FN:43,(anonymous_3)
FN:55,(anonymous_4)
FN:64,(anonymous_5)
FNF:5
FNH:5
FNDA:6,(anonymous_1)
FNDA:1,(anonymous_2)
FNDA:7,(anonymous_3)
FNDA:2,(anonymous_4)
FNDA:7,(anonymous_5)
DA:22,1
DA:24,1
DA:26,1
DA:27,6
DA:31,1
DA:32,1
DA:35,1
DA:36,1
DA:37,1
DA:39,0
DA:43,1
DA:44,7
DA:47,7
DA:48,7
DA:49,6
DA:51,1
DA:55,1
DA:56,2
DA:57,2
DA:58,2
DA:60,0
DA:64,1
DA:65,7
DA:68,7
DA:69,7
DA:70,7
DA:72,0
LF:27
LH:24
BRDA:36,1,0,1
BRDA:36,1,1,0
BRDA:48,2,0,6
BRDA:48,2,1,1
BRDA:48,3,0,7
BRDA:48,3,1,7
BRDA:57,4,0,2
BRDA:57,4,1,0
BRDA:69,5,0,7
BRDA:69,5,1,0
BRF:10
BRH:7
end_of_record
TN:
SF:/home/ken/NetBeansProjects/Oauth2Server/managers/clientRoleUriManager.js
FN:26,(anonymous_1)
FN:30,(anonymous_2)
FN:42,(anonymous_3)
FN:51,(anonymous_4)
FNF:4
FNH:4
FNDA:4,(anonymous_1)
FNDA:4,(anonymous_2)
FNDA:4,(anonymous_3)
FNDA:4,(anonymous_4)
DA:22,1
DA:24,1
DA:26,1
DA:27,4
DA:30,1
DA:31,4
DA:34,4
DA:35,4
DA:36,4
DA:38,0
DA:42,1
DA:43,4
DA:44,4
DA:45,4
DA:47,0
DA:51,1
DA:52,4
DA:55,4
DA:56,4
DA:57,4
DA:59,0
LF:21
LH:18
BRDA:35,1,0,4
BRDA:35,1,1,0
BRDA:44,2,0,4
BRDA:44,2,1,0
BRDA:56,3,0,4
BRDA:56,3,1,0
BRF:6
BRH:3
end_of_record
TN:
SF:/home/ken/NetBeansProjects/Oauth2Server/managers/implicitGrantManager.js
FN:28,(anonymous_1)
FN:35,(anonymous_2)
FN:48,(anonymous_3)
FN:50,(anonymous_4)
FN:52,(anonymous_5)
FN:54,(anonymous_6)
FN:56,(anonymous_7)
FN:74,(anonymous_8)
FN:77,(anonymous_9)
FN:97,(anonymous_10)
FN:100,(anonymous_11)
FN:118,(anonymous_12)
FN:150,(anonymous_13)
FN:159,(anonymous_14)
FN:170,(anonymous_15)
FN:179,(anonymous_16)
FN:185,(anonymous_17)
FNF:17
FNH:17
FNDA:2,(anonymous_1)
FNDA:8,(anonymous_2)
FNDA:8,(anonymous_3)
FNDA:7,(anonymous_4)
FNDA:5,(anonymous_5)
FNDA:5,(anonymous_6)
FNDA:3,(anonymous_7)
FNDA:2,(anonymous_8)
FNDA:2,(anonymous_9)
FNDA:1,(anonymous_10)
FNDA:1,(anonymous_11)
FNDA:2,(anonymous_12)
FNDA:3,(anonymous_13)
FNDA:3,(anonymous_14)
FNDA:3,(anonymous_15)
FNDA:3,(anonymous_16)
FNDA:2,(anonymous_17)
DA:22,1
DA:23,1
DA:24,1
DA:26,1
DA:28,1
DA:29,2
DA:30,2
DA:31,2
DA:35,1
DA:36,8
DA:42,8
DA:43,8
DA:44,8
DA:45,8
DA:46,8
DA:47,8
DA:48,8
DA:49,8
DA:50,7
DA:51,7
DA:52,5
DA:53,5
DA:54,5
DA:55,5
DA:56,3
DA:57,3
DA:58,3
DA:59,3
DA:60,3
DA:61,2
DA:62,2
DA:66,3
DA:68,2
DA:69,2
DA:72,2
DA:74,2
DA:75,2
DA:77,2
DA:78,2
DA:79,2
DA:80,2
DA:81,2
DA:83,2
DA:86,0
DA:87,0
DA:91,1
DA:92,1
DA:93,1
DA:95,1
DA:97,1
DA:98,1
DA:100,1
DA:101,1
DA:102,1
DA:103,1
DA:104,1
DA:106,1
DA:109,0
DA:110,0
DA:117,2
DA:118,2
DA:119,2
DA:120,2
DA:121,2
DA:122,2
DA:124,2
DA:129,0
DA:130,0
DA:134,2
DA:135,2
DA:139,1
DA:140,1
DA:144,0
DA:145,0
DA:150,1
DA:151,3
DA:154,3
DA:155,3
DA:156,3
DA:157,3
DA:158,3
DA:159,3
DA:160,3
DA:161,2
DA:163,3
DA:166,0
DA:170,1
DA:171,3
DA:174,3
DA:175,3
DA:176,3
DA:177,3
DA:179,3
DA:184,3
DA:185,2
DA:187,2
DA:188,2
DA:189,2
DA:190,2
DA:192,2
DA:195,1
DA:199,0
LF:102
LH:92
BRDA:47,1,0,8
BRDA:47,1,1,0
BRDA:47,2,0,8
BRDA:47,2,1,8
BRDA:47,2,2,8
BRDA:47,2,3,8
BRDA:49,3,0,7
BRDA:49,3,1,1
BRDA:49,4,0,8
BRDA:49,4,1,8
BRDA:51,5,0,5
BRDA:51,5,1,2
BRDA:51,6,0,7
BRDA:51,6,1,7
BRDA:53,7,0,5
BRDA:53,7,1,0
BRDA:55,8,0,3
BRDA:55,8,1,2
BRDA:55,9,0,5
BRDA:55,9,1,3
BRDA:60,10,0,2
BRDA:60,10,1,1
BRDA:66,11,0,2
BRDA:66,11,1,1
BRDA:75,12,0,2
BRDA:75,12,1,0
BRDA:78,13,0,2
BRDA:78,13,1,0
BRDA:98,14,0,1
BRDA:98,14,1,0
BRDA:101,15,0,1
BRDA:101,15,1,0
BRDA:119,16,0,2
BRDA:119,16,1,0
BRDA:158,17,0,3
BRDA:158,17,1,0
BRDA:158,18,0,3
BRDA:158,18,1,3
BRDA:158,18,2,3
BRDA:158,18,3,3
BRDA:160,19,0,2
BRDA:160,19,1,1
BRDA:160,20,0,3
BRDA:160,20,1,2
BRDA:177,21,0,3
BRDA:177,21,1,0
BRDA:177,22,0,3
BRDA:177,22,1,3
BRDA:177,22,2,3
BRDA:184,23,0,2
BRDA:184,23,1,1
BRDA:184,24,0,3
BRDA:184,24,1,2
BRDA:184,24,2,2
BRDA:187,25,0,2
BRDA:187,25,1,0
BRDA:187,26,0,2
BRDA:187,26,1,2
BRDA:187,26,2,2
BRF:59
BRH:49
end_of_record
TN:
SF:/home/ken/NetBeansProjects/Oauth2Server/managers/tokenValidationManager.js
FN:29,(anonymous_1)
FN:35,(anonymous_2)
FN:69,(anonymous_3)
FNF:3
FNH:3
FNDA:3,(anonymous_1)
FNDA:43,(anonymous_2)
FNDA:41,(anonymous_3)
DA:24,1
DA:25,1
DA:27,1
DA:29,1
DA:30,3
DA:31,3
DA:32,3
DA:35,1
DA:36,43
DA:40,43
DA:41,43
DA:42,43
DA:43,43
DA:44,43
DA:45,42
DA:47,1
DA:49,43
DA:50,43
DA:51,43
DA:52,43
DA:53,43
DA:54,41
DA:57,41
DA:58,41
DA:60,41
DA:61,41
DA:63,41
DA:64,41
DA:66,41
DA:67,41
DA:69,41
DA:70,41
DA:71,39
DA:73,41
DA:76,2
DA:79,0
LF:36
LH:35
BRDA:40,1,0,43
BRDA:40,1,1,0
BRDA:44,2,0,42
BRDA:44,2,1,1
BRDA:44,3,0,43
BRDA:44,3,1,43
BRDA:53,4,0,41
BRDA:53,4,1,2
BRDA:53,5,0,43
BRDA:53,5,1,43
BRDA:53,5,2,42
BRDA:57,6,0,41
BRDA:57,6,1,0
BRDA:60,7,0,41
BRDA:60,7,1,0
BRDA:63,8,0,41
BRDA:63,8,1,0
BRDA:66,9,0,41
BRDA:66,9,1,0
BRDA:70,10,0,39
BRDA:70,10,1,2
BRF:21
BRH:16
end_of_record
TN:
SF:/home/ken/NetBeansProjects/Oauth2Server/oauth2/oauth2.js
FN:25,(anonymous_1)
FN:30,(anonymous_2)
FN:58,(anonymous_3)
FNF:3
FNH:3
FNDA:1,(anonymous_1)
FNDA:40,(anonymous_2)
FNDA:39,(anonymous_3)
DA:21,1
DA:22,1
DA:23,1
DA:25,1
DA:26,1
DA:27,1
DA:30,1
DA:31,40
DA:32,40
DA:33,40
DA:34,40
DA:35,40
DA:36,40
DA:40,40
DA:41,39
DA:42,39
DA:43,39
DA:44,39
DA:46,39
DA:48,39
DA:49,39
DA:58,39
DA:59,39
DA:60,37
DA:62,2
DA:63,2
DA:67,0
DA:68,0
DA:71,1
DA:72,1
LF:30
LH:28
BRDA:34,1,0,0
BRDA:34,1,1,40
BRDA:40,2,0,39
BRDA:40,2,1,1
BRDA:40,3,0,40
BRDA:40,3,1,39
BRDA:42,4,0,39
BRDA:42,4,1,0
BRDA:42,5,0,39
BRDA:42,5,1,39
BRDA:42,5,2,39
BRDA:59,6,0,37
BRDA:59,6,1,2
BRF:13
BRH:11
end_of_record
TN:
SF:/home/ken/NetBeansProjects/Oauth2Server/services/service.js
FN:24,(anonymous_1)
FNF:1
FNH:1
FNDA:40,(anonymous_1)
DA:24,1
DA:25,40
DA:26,40
DA:27,38
DA:28,38
DA:30,0
DA:33,2
DA:35,40
LF:8
LH:7
BRDA:26,1,0,38
BRDA:26,1,1,2
BRF:2
BRH:2
end_of_record
TN:
SF:/home/ken/NetBeansProjects/Oauth2Server/proxies/userProxy.js
FN:4,(anonymous_1)
FN:19,(anonymous_2)
FNF:2
FNH:2
FNDA:2,(anonymous_1)
FNDA:2,(anonymous_2)
DA:1,1
DA:2,1
DA:4,1
DA:6,2
DA:10,2
DA:12,2
DA:19,2
DA:20,2
DA:21,0
DA:22,0
DA:25,0
DA:26,0
DA:28,0
DA:30,0
DA:33,2
DA:34,2
LF:16
LH:10
BRDA:10,1,0,2
BRDA:10,1,1,2
BRDA:20,2,0,0
BRDA:20,2,1,2
BRDA:20,3,0,2
BRDA:20,3,1,0
BRDA:22,4,0,0
BRDA:22,4,1,0
BRDA:25,5,0,0
BRDA:25,5,1,0
BRF:10
BRH:4
end_of_record
TN:
SF:/home/ken/NetBeansProjects/Oauth2Server/services/clientService.js
FN:28,(anonymous_1)
FN:33,(anonymous_2)
FN:40,(anonymous_3)
FN:44,(anonymous_4)
FN:54,(anonymous_5)
FN:61,(anonymous_6)
FN:65,(anonymous_7)
FN:75,(anonymous_8)
FN:82,(anonymous_9)
FN:85,(anonymous_10)
FN:95,(anonymous_11)
FN:102,(anonymous_12)
FN:107,(anonymous_13)
FN:116,(anonymous_14)
FN:122,(anonymous_15)
FN:124,(anonymous_16)
FN:131,(anonymous_17)
FN:138,(anonymous_18)
FN:142,(anonymous_19)
FN:152,(anonymous_20)
FN:159,(anonymous_21)
FN:162,(anonymous_22)
FNF:22
FNH:16
FNDA:6,(anonymous_1)
FNDA:7,(anonymous_2)
FNDA:6,(anonymous_3)
FNDA:6,(anonymous_4)
FNDA:1,(anonymous_5)
FNDA:1,(anonymous_6)
FNDA:1,(anonymous_7)
FNDA:1,(anonymous_8)
FNDA:1,(anonymous_9)
FNDA:1,(anonymous_10)
FNDA:0,(anonymous_11)
FNDA:0,(anonymous_12)
FNDA:0,(anonymous_13)
FNDA:1,(anonymous_14)
FNDA:1,(anonymous_15)
FNDA:1,(anonymous_16)
FNDA:0,(anonymous_17)
FNDA:0,(anonymous_18)
FNDA:0,(anonymous_19)
FNDA:6,(anonymous_20)
FNDA:6,(anonymous_21)
FNDA:6,(anonymous_22)
DA:22,1
DA:23,1
DA:24,1
DA:26,1
DA:28,1
DA:29,6
DA:30,6
DA:33,1
DA:34,7
DA:35,7
DA:40,7
DA:41,6
DA:44,6
DA:45,6
DA:49,0
DA:50,0
DA:54,1
DA:55,1
DA:56,1
DA:61,1
DA:62,1
DA:65,1
DA:66,1
DA:70,0
DA:71,0
DA:75,1
DA:76,1
DA:77,1
DA:82,1
DA:83,1
DA:84,1
DA:85,1
DA:86,1
DA:89,0
DA:95,1
DA:96,0
DA:97,0
DA:102,0
DA:104,0
DA:105,0
DA:106,0
DA:107,0
DA:108,0
DA:111,0
DA:116,1
DA:117,1
DA:122,1
DA:124,1
DA:125,1
DA:131,1
DA:132,0
DA:133,0
DA:138,0
DA:139,0
DA:142,0
DA:143,0
DA:147,0
DA:148,0
DA:152,1
DA:153,6
DA:154,6
DA:159,6
DA:160,6
DA:161,6
DA:162,6
DA:163,6
DA:166,0
LF:67
LH:44
BRDA:34,1,0,7
BRDA:34,1,1,0
BRDA:55,2,0,1
BRDA:55,2,1,0
BRDA:84,3,0,1
BRDA:84,3,1,0
BRDA:84,4,0,1
BRDA:84,4,1,1
BRDA:106,5,0,0
BRDA:106,5,1,0
BRDA:106,6,0,0
BRDA:106,6,1,0
BRDA:132,7,0,0
BRDA:132,7,1,0
BRDA:161,8,0,6
BRDA:161,8,1,0
BRDA:161,9,0,6
BRDA:161,9,1,6
BRF:18
BRH:8
end_of_record
TN:
SF:/home/ken/NetBeansProjects/Oauth2Server/services/clientAllowedUriService.js
FN:27,(anonymous_1)
FN:32,(anonymous_2)
FN:39,(anonymous_3)
FN:43,(anonymous_4)
FN:54,(anonymous_5)
FN:61,(anonymous_6)
FN:65,(anonymous_7)
FN:75,(anonymous_8)
FN:82,(anonymous_9)
FN:86,(anonymous_10)
FN:97,(anonymous_11)
FN:104,(anonymous_12)
FN:108,(anonymous_13)
FN:118,(anonymous_14)
FN:125,(anonymous_15)
FN:128,(anonymous_16)
FN:137,(anonymous_17)
FN:143,(anonymous_18)
FN:147,(anonymous_19)
FN:157,(anonymous_20)
FN:164,(anonymous_21)
FN:167,(anonymous_22)
FNF:22
FNH:16
FNDA:2,(anonymous_1)
FNDA:0,(anonymous_2)
FNDA:0,(anonymous_3)
FNDA:0,(anonymous_4)
FNDA:2,(anonymous_5)
FNDA:2,(anonymous_6)
FNDA:2,(anonymous_7)
FNDA:0,(anonymous_8)
FNDA:0,(anonymous_9)
FNDA:0,(anonymous_10)
FNDA:1,(anonymous_11)
FNDA:1,(anonymous_12)
FNDA:1,(anonymous_13)
FNDA:1,(anonymous_14)
FNDA:1,(anonymous_15)
FNDA:1,(anonymous_16)
FNDA:1,(anonymous_17)
FNDA:1,(anonymous_18)
FNDA:1,(anonymous_19)
FNDA:2,(anonymous_20)
FNDA:2,(anonymous_21)
FNDA:2,(anonymous_22)
DA:22,1
DA:23,1
DA:25,1
DA:27,1
DA:28,2
DA:29,2
DA:32,1
DA:33,0
DA:34,0
DA:39,0
DA:40,0
DA:43,0
DA:44,0
DA:48,0
DA:49,0
DA:54,1
DA:55,2
DA:56,2
DA:61,2
DA:62,2
DA:65,2
DA:66,2
DA:70,0
DA:71,0
DA:75,1
DA:76,0
DA:77,0
DA:82,0
DA:83,0
DA:86,0
DA:87,0
DA:91,0
DA:92,0
DA:97,1
DA:98,1
DA:99,1
DA:104,1
DA:105,1
DA:108,1
DA:109,1
DA:113,0
DA:114,0
DA:118,1
DA:119,1
DA:120,1
DA:125,1
DA:126,1
DA:127,1
DA:128,1
DA:129,1
DA:132,0
DA:137,1
DA:138,1
DA:143,1
DA:145,1
DA:146,1
DA:147,1
DA:148,1
DA:151,0
DA:157,1
DA:159,2
DA:164,2
DA:165,2
DA:166,2
DA:167,2
DA:168,2
DA:171,0
LF:67
LH:44
BRDA:33,1,0,0
BRDA:33,1,1,0
BRDA:55,2,0,2
BRDA:55,2,1,0
BRDA:76,3,0,0
BRDA:76,3,1,0
BRDA:98,4,0,1
BRDA:98,4,1,0
BRDA:127,5,0,1
BRDA:127,5,1,0
BRDA:127,6,0,1
BRDA:127,6,1,1
BRDA:146,7,0,1
BRDA:146,7,1,0
BRDA:166,8,0,2
BRDA:166,8,1,0
BRDA:166,9,0,2
BRDA:166,9,1,2
BRF:18
BRH:9
end_of_record
TN:
SF:/home/ken/NetBeansProjects/Oauth2Server/services/clientGrantTypeService.js
FN:27,(anonymous_1)
FN:32,(anonymous_2)
FN:39,(anonymous_3)
FN:43,(anonymous_4)
FN:54,(anonymous_5)
FN:60,(anonymous_6)
FN:64,(anonymous_7)
FN:74,(anonymous_8)
FN:81,(anonymous_9)
FN:84,(anonymous_10)
FNF:10
FNH:10
FNDA:1,(anonymous_1)
FNDA:1,(anonymous_2)
FNDA:1,(anonymous_3)
FNDA:1,(anonymous_4)
FNDA:1,(anonymous_5)
FNDA:1,(anonymous_6)
FNDA:1,(anonymous_7)
FNDA:1,(anonymous_8)
FNDA:1,(anonymous_9)
FNDA:1,(anonymous_10)
DA:22,1
DA:23,1
DA:25,1
DA:27,1
DA:28,1
DA:29,1
DA:32,1
DA:33,1
DA:34,1
DA:39,1
DA:40,1
DA:43,1
DA:44,1
DA:48,0
DA:49,0
DA:54,1
DA:55,1
DA:60,1
DA:62,1
DA:63,1
DA:64,1
DA:65,1
DA:68,0
DA:74,1
DA:76,1
DA:81,1
DA:82,1
DA:83,1
DA:84,1
DA:85,1
DA:88,0
LF:31
LH:27
BRDA:33,1,0,1
BRDA:33,1,1,0
BRDA:63,2,0,1
BRDA:63,2,1,0
BRDA:63,3,0,1
BRDA:63,3,1,1
BRDA:83,4,0,1
BRDA:83,4,1,0
BRDA:83,5,0,1
BRDA:83,5,1,1
BRF:10
BRH:7
end_of_record
TN:
SF:/home/ken/NetBeansProjects/Oauth2Server/services/clientRedirectUriService.js
FN:27,(anonymous_1)
FN:32,(anonymous_2)
FN:39,(anonymous_3)
FN:43,(anonymous_4)
FN:55,(anonymous_5)
FN:61,(anonymous_6)
FN:65,(anonymous_7)
FN:75,(anonymous_8)
FN:82,(anonymous_9)
FN:85,(anonymous_10)
FNF:10
FNH:10
FNDA:1,(anonymous_1)
FNDA:1,(anonymous_2)
FNDA:1,(anonymous_3)
FNDA:1,(anonymous_4)
FNDA:1,(anonymous_5)
FNDA:1,(anonymous_6)
FNDA:1,(anonymous_7)
FNDA:1,(anonymous_8)
FNDA:1,(anonymous_9)
FNDA:1,(anonymous_10)
DA:22,1
DA:23,1
DA:25,1
DA:27,1
DA:28,1
DA:29,1
DA:32,1
DA:33,1
DA:34,1
DA:39,1
DA:40,1
DA:43,1
DA:44,1
DA:48,0
DA:49,0
DA:55,1
DA:56,1
DA:61,1
DA:63,1
DA:64,1
DA:65,1
DA:66,1
DA:69,0
DA:75,1
DA:77,1
DA:82,1
DA:83,1
DA:84,1
DA:85,1
DA:86,1
DA:89,0
LF:31
LH:27
BRDA:33,1,0,1
BRDA:33,1,1,0
BRDA:64,2,0,1
BRDA:64,2,1,0
BRDA:84,3,0,1
BRDA:84,3,1,0
BRDA:84,4,0,1
BRDA:84,4,1,1
BRF:8
BRH:5
end_of_record
TN:
SF:/home/ken/NetBeansProjects/Oauth2Server/services/clientRoleService.js
FN:27,(anonymous_1)
FN:32,(anonymous_2)
FN:39,(anonymous_3)
FN:43,(anonymous_4)
FN:54,(anonymous_5)
FN:61,(anonymous_6)
FN:65,(anonymous_7)
FN:77,(anonymous_8)
FN:83,(anonymous_9)
FN:87,(anonymous_10)
FN:97,(anonymous_11)
FN:104,(anonymous_12)
FN:107,(anonymous_13)
FNF:13
FNH:10
FNDA:2,(anonymous_1)
FNDA:0,(anonymous_2)
FNDA:0,(anonymous_3)
FNDA:0,(anonymous_4)
FNDA:2,(anonymous_5)
FNDA:2,(anonymous_6)
FNDA:2,(anonymous_7)
FNDA:1,(anonymous_8)
FNDA:1,(anonymous_9)
FNDA:1,(anonymous_10)
FNDA:2,(anonymous_11)
FNDA:2,(anonymous_12)
FNDA:2,(anonymous_13)
DA:22,1
DA:23,1
DA:25,1
DA:27,1
DA:28,2
DA:29,2
DA:32,1
DA:33,0
DA:34,0
DA:39,0
DA:40,0
DA:43,0
DA:44,0
DA:48,0
DA:49,0
DA:54,1
DA:55,2
DA:56,2
DA:61,2
DA:62,2
DA:65,2
DA:66,2
DA:70,0
DA:71,0
DA:77,1
DA:78,1
DA:83,1
DA:85,1
DA:86,1
DA:87,1
DA:88,1
DA:91,0
DA:97,1
DA:98,2
DA:99,2
DA:104,2
DA:105,2
DA:106,2
DA:107,2
DA:108,2
DA:111,0
LF:41
LH:29
BRDA:33,1,0,0
BRDA:33,1,1,0
BRDA:55,2,0,2
BRDA:55,2,1,0
BRDA:86,3,0,1
BRDA:86,3,1,0
BRDA:106,4,0,2
BRDA:106,4,1,0
BRDA:106,5,0,2
BRDA:106,5,1,2
BRF:10
BRH:5
end_of_record
TN:
SF:/home/ken/NetBeansProjects/Oauth2Server/services/clientRoleUriService.js
FN:27,(anonymous_1)
FN:32,(anonymous_2)
FN:39,(anonymous_3)
FN:43,(anonymous_4)
FN:55,(anonymous_5)
FN:61,(anonymous_6)
FN:65,(anonymous_7)
FN:75,(anonymous_8)
FN:86,(anonymous_9)
FN:87,(anonymous_10)
FNF:10
FNH:10
FNDA:1,(anonymous_1)
FNDA:1,(anonymous_2)
FNDA:1,(anonymous_3)
FNDA:1,(anonymous_4)
FNDA:1,(anonymous_5)
FNDA:1,(anonymous_6)
FNDA:1,(anonymous_7)
FNDA:1,(anonymous_8)
FNDA:1,(anonymous_9)
FNDA:1,(anonymous_10)
DA:22,1
DA:23,1
DA:25,1
DA:27,1
DA:28,1
DA:29,1
DA:32,1
DA:33,1
DA:34,1
DA:39,1
DA:40,1
DA:43,1
DA:44,1
DA:48,0
DA:49,0
DA:55,1
DA:56,1
DA:61,1
DA:63,1
DA:64,1
DA:65,1
DA:66,1
DA:69,0
DA:75,1
DA:76,1
DA:77,1
DA:78,1
DA:83,1
DA:86,1
DA:87,1
DA:88,1
DA:92,0
DA:93,0
LF:33
LH:28
BRDA:33,1,0,1
BRDA:33,1,1,0
BRDA:64,2,0,1
BRDA:64,2,1,0
BRDA:77,3,0,1
BRDA:77,3,1,0
BRF:6
BRH:3
end_of_record
TN:
SF:/home/ken/NetBeansProjects/Oauth2Server/services/tokenValidationService.js
FN:26,(anonymous_1)
FN:31,(anonymous_2)
FN:38,(anonymous_3)
FNF:3
FNH:3
FNDA:1,(anonymous_1)
FNDA:2,(anonymous_2)
FNDA:2,(anonymous_3)
DA:22,1
DA:24,1
DA:26,1
DA:27,1
DA:28,1
DA:31,1
DA:32,2
DA:33,2
DA:38,2
DA:39,2
DA:43,0
DA:44,0
LF:12
LH:10
BRDA:32,1,0,2
BRDA:32,1,1,0
BRF:2
BRH:1
end_of_record
TN:
SF:/home/ken/NetBeansProjects/Oauth2Server/webControllers/authorizeController.js
FN:4,(anonymous_1)
FN:8,(anonymous_2)
FN:46,(anonymous_3)
FN:55,(anonymous_4)
FN:77,(anonymous_5)
FN:86,(anonymous_6)
FN:111,(anonymous_7)
FN:124,(anonymous_8)
FN:139,(anonymous_9)
FN:156,(anonymous_10)
FN:170,(anonymous_11)
FN:187,(anonymous_12)
FN:203,(anonymous_13)
FNF:13
FNH:12
FNDA:1,(anonymous_1)
FNDA:8,(anonymous_2)
FNDA:2,(anonymous_3)
FNDA:1,(anonymous_4)
FNDA:2,(anonymous_5)
FNDA:1,(anonymous_6)
FNDA:4,(anonymous_7)
FNDA:2,(anonymous_8)
FNDA:2,(anonymous_9)
FNDA:4,(anonymous_10)
FNDA:2,(anonymous_11)
FNDA:2,(anonymous_12)
FNDA:0,(anonymous_13)
DA:1,1
DA:2,1
DA:4,1
DA:5,1
DA:6,1
DA:8,1
DA:9,8
DA:10,8
DA:12,8
DA:13,8
DA:14,8
DA:15,8
DA:16,8
DA:17,8
DA:19,0
DA:22,0
DA:24,8
DA:25,8
DA:26,8
DA:27,8
DA:34,8
DA:35,2
DA:36,2
DA:39,6
DA:41,2
DA:46,2
DA:47,2
DA:49,1
DA:55,1
DA:57,1
DA:58,1
DA:60,1
DA:62,0
DA:66,1
DA:67,1
DA:70,4
DA:72,2
DA:77,2
DA:78,2
DA:80,1
DA:86,1
DA:88,1
DA:89,1
DA:91,1
DA:93,0
DA:97,1
DA:98,1
DA:101,2
DA:103,1
DA:106,1
DA:111,1
DA:112,4
DA:115,4
DA:116,4
DA:117,0
DA:119,4
DA:120,2
DA:124,2
DA:125,2
DA:126,1
DA:127,1
DA:128,1
DA:129,1
DA:131,1
DA:134,2
DA:135,2
DA:139,2
DA:140,2
DA:141,1
DA:142,1
DA:143,1
DA:144,1
DA:146,1
DA:150,0
DA:156,1
DA:157,4
DA:159,4
DA:160,4
DA:161,4
DA:162,4
DA:163,2
DA:170,2
DA:172,2
DA:173,1
DA:174,1
DA:176,1
DA:179,2
DA:180,2
DA:187,2
DA:189,2
DA:191,1
DA:192,1
DA:194,1
DA:198,0
DA:203,1
DA:204,0
DA:205,0
LF:97
LH:88
BRDA:15,1,0,8
BRDA:15,1,1,0
BRDA:34,2,0,2
BRDA:34,2,1,6
BRDA:34,3,0,8
BRDA:34,3,1,6
BRDA:39,4,0,2
BRDA:39,4,1,4
BRDA:47,5,0,1
BRDA:47,5,1,1
BRDA:47,6,0,2
BRDA:47,6,1,2
BRDA:57,7,0,1
BRDA:57,7,1,0
BRDA:57,8,0,1
BRDA:57,8,1,1
BRDA:57,8,2,1
BRDA:70,9,0,2
BRDA:70,9,1,2
BRDA:78,10,0,1
BRDA:78,10,1,1
BRDA:78,11,0,2
BRDA:78,11,1,2
BRDA:88,12,0,1
BRDA:88,12,1,0
BRDA:88,13,0,1
BRDA:88,13,1,1
BRDA:101,14,0,1
BRDA:101,14,1,1
BRDA:116,15,0,0
BRDA:116,15,1,4
BRDA:119,16,0,2
BRDA:119,16,1,2
BRDA:125,17,0,1
BRDA:125,17,1,1
BRDA:134,18,0,2
BRDA:134,18,1,0
BRDA:140,19,0,1
BRDA:140,19,1,1
BRDA:162,20,0,2
BRDA:162,20,1,2
BRDA:162,21,0,4
BRDA:162,21,1,4
BRDA:172,22,0,1
BRDA:172,22,1,1
BRDA:172,23,0,2
BRDA:172,23,1,1
BRDA:172,23,2,1
BRDA:179,24,0,2
BRDA:179,24,1,0
BRDA:179,25,0,2
BRDA:179,25,1,2
BRDA:189,26,0,1
BRDA:189,26,1,1
BRDA:189,27,0,2
BRDA:189,27,1,1
BRF:56
BRH:50
end_of_record
TN:
SF:/home/ken/NetBeansProjects/Oauth2Server/webControllers/loginController.js
FN:3,(anonymous_1)
FN:11,(anonymous_2)
FN:20,(anonymous_3)
FNF:3
FNH:3
FNDA:1,(anonymous_1)
FNDA:1,(anonymous_2)
FNDA:1,(anonymous_3)
DA:1,1
DA:3,1
DA:4,1
DA:5,1
DA:8,1
DA:11,1
DA:12,1
DA:13,1
DA:14,1
DA:20,1
DA:21,1
DA:22,0
DA:23,0
DA:27,0
DA:28,0
DA:30,0
DA:33,1
LF:17
LH:12
BRDA:21,1,0,0
BRDA:21,1,1,1
BRDA:27,2,0,0
BRDA:27,2,1,0
BRDA:27,3,0,0
BRDA:27,3,1,0
BRDA:27,3,2,0
BRDA:27,3,3,0
BRF:8
BRH:1
end_of_record
TN:
SF:/home/ken/NetBeansProjects/Oauth2Server/webControllers/tokenController.js
FN:2,(anonymous_1)
FN:5,(anonymous_2)
FN:21,(anonymous_3)
FN:41,(anonymous_4)
FN:58,(anonymous_5)
FN:75,(anonymous_6)
FN:79,(anonymous_7)
FNF:7
FNH:7
FNDA:1,(anonymous_1)
FNDA:5,(anonymous_2)
FNDA:2,(anonymous_3)
FNDA:1,(anonymous_4)
FNDA:2,(anonymous_5)
FNDA:2,(anonymous_6)
FNDA:5,(anonymous_7)
DA:1,1
DA:2,1
DA:3,1
DA:5,1
DA:6,5
DA:8,5
DA:9,2
DA:10,2
DA:11,2
DA:12,2
DA:13,2
DA:15,2
DA:21,2
DA:22,2
DA:23,1
DA:25,1
DA:29,3
DA:31,0
DA:33,3
DA:34,1
DA:35,1
DA:36,1
DA:37,1
DA:41,1
DA:42,1
DA:43,0
DA:45,1
DA:48,2
DA:49,2
DA:50,2
DA:51,2
DA:52,2
DA:53,2
DA:58,2
DA:59,2
DA:60,1
DA:62,1
DA:65,0
DA:67,0
DA:70,0
DA:75,1
DA:76,2
DA:79,1
DA:80,5
DA:81,5
DA:82,5
DA:83,5
DA:85,0
DA:88,0
DA:90,5
LF:50
LH:43
BRDA:8,1,0,2
BRDA:8,1,1,3
BRDA:22,2,0,1
BRDA:22,2,1,1
BRDA:29,3,0,0
BRDA:29,3,1,3
BRDA:33,4,0,1
BRDA:33,4,1,2
BRDA:42,5,0,0
BRDA:42,5,1,1
BRDA:48,6,0,2
BRDA:48,6,1,0
BRDA:59,7,0,1
BRDA:59,7,1,1
BRDA:65,8,0,0
BRDA:65,8,1,0
BRDA:81,9,0,5
BRDA:81,9,1,0
BRF:18
BRH:12
end_of_record
